{"uuid":"3b697b88-8b49-44ca-b8a6-67fe7f58af99","historyId":"e47598a8dee7fb27a5a78b5b6dc6c2ef","fullName":"Tests.TC17_SitesAdminTest.invalidSiteTC","labels":[{"name":"package","value":"Tests.TC17_SitesAdminTest"},{"name":"testClass","value":"Tests.TC17_SitesAdminTest"},{"name":"testMethod","value":"invalidSiteTC"},{"name":"parentSuite","value":"Full Project Runner"},{"name":"suite","value":"Full Project Runner on Chrome"},{"name":"subSuite","value":"Tests.TC17_SitesAdminTest"},{"name":"host","value":"Mohmed-Adel"},{"name":"thread","value":"29872@Mohmed-Adel.main(1)"},{"name":"framework","value":"testng"},{"name":"language","value":"java"}],"links":[],"name":"invalidSiteTC","status":"passed","statusDetails":{"known":false,"muted":false,"flaky":false},"stage":"finished","steps":[{"name":"Navigate to login page","status":"passed","stage":"finished","steps":[{"name":"Navigate to URL: http://192.168.2.97/iCodeVettPro/login","status":"passed","stage":"finished","steps":[],"attachments":[],"parameters":[{"name":"url","value":"http://192.168.2.97/iCodeVettPro/login"}],"start":1748951791196,"stop":1748951791583}],"attachments":[],"parameters":[{"name":"url","value":"http://192.168.2.97/iCodeVettPro/login"}],"start":1748951791195,"stop":1748951791583},{"name":"Enter username","status":"passed","stage":"finished","steps":[{"name":"Wait for element to be visible with locator: By.cssSelector: [formcontrolname=\"username\"]","status":"passed","stage":"finished","steps":[{"name":"Wait for element to be present with locator: By.cssSelector: [formcontrolname=\"username\"]","status":"passed","stage":"finished","steps":[],"attachments":[],"parameters":[{"name":"locator","value":"By.cssSelector: [formcontrolname=\"username\"]"}],"start":1748951791583,"stop":1748951791606}],"attachments":[],"parameters":[{"name":"locator","value":"By.cssSelector: [formcontrolname=\"username\"]"}],"start":1748951791583,"stop":1748951791622}],"attachments":[],"parameters":[{"name":"username","value":"AutomationPowerAdmin"}],"start":1748951791583,"stop":1748951791715},{"name":"Enter password","status":"passed","stage":"finished","steps":[{"name":"Wait for element to be visible with locator: By.cssSelector: [formcontrolname=\"password\"]","status":"passed","stage":"finished","steps":[{"name":"Wait for element to be present with locator: By.cssSelector: [formcontrolname=\"password\"]","status":"passed","stage":"finished","steps":[],"attachments":[],"parameters":[{"name":"locator","value":"By.cssSelector: [formcontrolname=\"password\"]"}],"start":1748951791716,"stop":1748951791726}],"attachments":[],"parameters":[{"name":"locator","value":"By.cssSelector: [formcontrolname=\"password\"]"}],"start":1748951791716,"stop":1748951791735}],"attachments":[],"parameters":[{"name":"password","value":"Automation1#"}],"start":1748951791715,"stop":1748951791823},{"name":"Click login button","status":"passed","stage":"finished","steps":[{"name":"Wait for element to be clickable with locator: By.id: btnlogin","status":"passed","stage":"finished","steps":[{"name":"Wait for element to be visible with locator: By.id: btnlogin","status":"passed","stage":"finished","steps":[{"name":"Wait for element to be present with locator: By.id: btnlogin","status":"passed","stage":"finished","steps":[],"attachments":[],"parameters":[{"name":"locator","value":"By.id: btnlogin"}],"start":1748951791823,"stop":1748951791834}],"attachments":[],"parameters":[{"name":"locator","value":"By.id: btnlogin"}],"start":1748951791823,"stop":1748951791840}],"attachments":[],"parameters":[{"name":"locator","value":"By.id: btnlogin"}],"start":1748951791823,"stop":1748951791846}],"attachments":[],"parameters":[],"start":1748951791823,"stop":1748951791916},{"name":"Terminate session if exists","status":"passed","stage":"finished","steps":[{"name":"Wait for element to be clickable with locator: By.cssSelector: [title=\"Continue\"]","status":"broken","statusDetails":{"known":false,"muted":false,"flaky":false,"message":"Expected condition failed: waiting for Utilities.WaitUtils$$Lambda/0x000001815b479198@a0f37a5 (tried for 5 second(s) with 500 milliseconds interval)","trace":"org.openqa.selenium.TimeoutException: Expected condition failed: waiting for Utilities.WaitUtils$$Lambda/0x000001815b479198@a0f37a5 (tried for 5 second(s) with 500 milliseconds interval)\r\n\tat org.openqa.selenium.support.ui.WebDriverWait.timeoutException(WebDriverWait.java:84)\r\n\tat org.openqa.selenium.support.ui.FluentWait.until(FluentWait.java:228)\r\n\tat Utilities.WaitUtils.waitForElementToBePresent(WaitUtils.java:36)\r\n\tat Utilities.WaitUtils.lambda$1(WaitUtils.java:44)\r\n\tat org.openqa.selenium.support.ui.FluentWait.until(FluentWait.java:203)\r\n\tat Utilities.WaitUtils.waitForElementToBeVisible(WaitUtils.java:43)\r\n\tat Utilities.WaitUtils.lambda$2(WaitUtils.java:54)\r\n\tat org.openqa.selenium.support.ui.FluentWait.until(FluentWait.java:203)\r\n\tat Utilities.WaitUtils.waitForElementToBeClickable(WaitUtils.java:53)\r\n\tat Utilities.ElementUtils.clickOnElement(ElementUtils.java:36)\r\n\tat Pages.P01_LoginPage.terminateSession(P01_LoginPage.java:24)\r\n\tat Tests.TC17_SitesAdminTest.invalidSiteTC(TC17_SitesAdminTest.java:63)\r\n\tat java.base/jdk.internal.reflect.DirectMethodHandleAccessor.invoke(DirectMethodHandleAccessor.java:103)\r\n\tat java.base/java.lang.reflect.Method.invoke(Method.java:580)\r\n\tat org.testng.internal.invokers.MethodInvocationHelper.invokeMethod(MethodInvocationHelper.java:141)\r\n\tat org.testng.internal.invokers.TestInvoker.invokeMethod(TestInvoker.java:687)\r\n\tat org.testng.internal.invokers.TestInvoker.invokeTestMethod(TestInvoker.java:230)\r\n\tat org.testng.internal.invokers.MethodRunner.runInSequence(MethodRunner.java:63)\r\n\tat org.testng.internal.invokers.TestInvoker$MethodInvocationAgent.invoke(TestInvoker.java:995)\r\n\tat org.testng.internal.invokers.TestInvoker.invokeTestMethods(TestInvoker.java:203)\r\n\tat org.testng.internal.invokers.TestMethodWorker.invokeTestMethods(TestMethodWorker.java:154)\r\n\tat org.testng.internal.invokers.TestMethodWorker.run(TestMethodWorker.java:134)\r\n\tat java.base/java.util.ArrayList.forEach(ArrayList.java:1597)\r\n\tat org.testng.TestRunner.privateRun(TestRunner.java:741)\r\n\tat org.testng.TestRunner.run(TestRunner.java:616)\r\n\tat org.testng.SuiteRunner.runTest(SuiteRunner.java:421)\r\n\tat org.testng.SuiteRunner.runSequentially(SuiteRunner.java:413)\r\n\tat org.testng.SuiteRunner.privateRun(SuiteRunner.java:373)\r\n\tat org.testng.SuiteRunner.run(SuiteRunner.java:312)\r\n\tat org.testng.SuiteRunnerWorker.runSuite(SuiteRunnerWorker.java:52)\r\n\tat org.testng.SuiteRunnerWorker.run(SuiteRunnerWorker.java:95)\r\n\tat org.testng.TestNG.runSuitesSequentially(TestNG.java:1274)\r\n\tat org.testng.TestNG.runSuitesLocally(TestNG.java:1208)\r\n\tat org.testng.TestNG.runSuites(TestNG.java:1112)\r\n\tat org.testng.TestNG.run(TestNG.java:1079)\r\n\tat com.intellij.rt.testng.IDEARemoteTestNG.run(IDEARemoteTestNG.java:65)\r\n\tat com.intellij.rt.testng.RemoteTestNGStarter.main(RemoteTestNGStarter.java:105)\r\nCaused by: org.openqa.selenium.NoSuchElementException: no such element: Unable to locate element: {\"method\":\"css selector\",\"selector\":\"[title=\"Continue\"]\"}\n  (Session info: chrome=137.0.7151.56)\nFor documentation on this error, please visit: https://www.selenium.dev/documentation/webdriver/troubleshooting/errors#no-such-element-exception\nBuild info: version: '4.31.0', revision: '1ef9f18787*'\nSystem info: os.name: 'Windows 10', os.arch: 'amd64', os.version: '10.0', java.version: '23.0.2'\nDriver info: org.openqa.selenium.chrome.ChromeDriver\nCommand: [d31c79622936a4a02094bee545505564, findElement {using=css selector, value=[title=\"Continue\"]}]\nCapabilities {acceptInsecureCerts: false, browserName: chrome, browserVersion: 137.0.7151.56, chrome: {chromedriverVersion: 137.0.7151.68 (2989ffee9373..., userDataDir: C:\\Users\\MOHAME~1.ADE\\AppDa...}, fedcm:accounts: true, goog:chromeOptions: {debuggerAddress: localhost:55942}, networkConnectionEnabled: false, pageLoadStrategy: normal, platformName: windows, proxy: Proxy(), se:cdp: ws://localhost:55942/devtoo..., se:cdpVersion: 137.0.7151.56, setWindowRect: true, strictFileInteractability: false, timeouts: {implicit: 0, pageLoad: 300000, script: 30000}, unhandledPromptBehavior: dismiss and notify, webauthn:extension:credBlob: true, webauthn:extension:largeBlob: true, webauthn:extension:minPinLength: true, webauthn:extension:prf: true, webauthn:virtualAuthenticators: true}\nSession ID: d31c79622936a4a02094bee545505564\r\n\tat java.base/jdk.internal.reflect.DirectConstructorHandleAccessor.newInstance(DirectConstructorHandleAccessor.java:62)\r\n\tat java.base/java.lang.reflect.Constructor.newInstanceWithCaller(Constructor.java:501)\r\n\tat java.base/java.lang.reflect.Constructor.newInstance(Constructor.java:485)\r\n\tat org.openqa.selenium.remote.ErrorCodec.decode(ErrorCodec.java:167)\r\n\tat org.openqa.selenium.remote.codec.w3c.W3CHttpResponseCodec.decode(W3CHttpResponseCodec.java:138)\r\n\tat org.openqa.selenium.remote.codec.w3c.W3CHttpResponseCodec.decode(W3CHttpResponseCodec.java:50)\r\n\tat org.openqa.selenium.remote.HttpCommandExecutor.execute(HttpCommandExecutor.java:215)\r\n\tat org.openqa.selenium.remote.service.DriverCommandExecutor.invokeExecute(DriverCommandExecutor.java:216)\r\n\tat org.openqa.selenium.remote.service.DriverCommandExecutor.execute(DriverCommandExecutor.java:174)\r\n\tat org.openqa.selenium.remote.RemoteWebDriver.execute(RemoteWebDriver.java:545)\r\n\tat org.openqa.selenium.remote.ElementLocation$ElementFinder$2.findElement(ElementLocation.java:165)\r\n\tat org.openqa.selenium.remote.ElementLocation.findElement(ElementLocation.java:59)\r\n\tat org.openqa.selenium.remote.RemoteWebDriver.findElement(RemoteWebDriver.java:368)\r\n\tat org.openqa.selenium.remote.RemoteWebDriver.findElement(RemoteWebDriver.java:362)\r\n\tat Utilities.WaitUtils.lambda$0(WaitUtils.java:36)\r\n\tat org.openqa.selenium.support.ui.FluentWait.until(FluentWait.java:203)\r\n\t... 35 more\r\n"},"stage":"finished","steps":[{"name":"Wait for element to be visible with locator: By.cssSelector: [title=\"Continue\"]","status":"broken","statusDetails":{"known":false,"muted":false,"flaky":false,"message":"Expected condition failed: waiting for Utilities.WaitUtils$$Lambda/0x000001815b479198@a0f37a5 (tried for 5 second(s) with 500 milliseconds interval)","trace":"org.openqa.selenium.TimeoutException: Expected condition failed: waiting for Utilities.WaitUtils$$Lambda/0x000001815b479198@a0f37a5 (tried for 5 second(s) with 500 milliseconds interval)\r\n\tat org.openqa.selenium.support.ui.WebDriverWait.timeoutException(WebDriverWait.java:84)\r\n\tat org.openqa.selenium.support.ui.FluentWait.until(FluentWait.java:228)\r\n\tat Utilities.WaitUtils.waitForElementToBePresent(WaitUtils.java:36)\r\n\tat Utilities.WaitUtils.lambda$1(WaitUtils.java:44)\r\n\tat org.openqa.selenium.support.ui.FluentWait.until(FluentWait.java:203)\r\n\tat Utilities.WaitUtils.waitForElementToBeVisible(WaitUtils.java:43)\r\n\tat Utilities.WaitUtils.lambda$2(WaitUtils.java:54)\r\n\tat org.openqa.selenium.support.ui.FluentWait.until(FluentWait.java:203)\r\n\tat Utilities.WaitUtils.waitForElementToBeClickable(WaitUtils.java:53)\r\n\tat Utilities.ElementUtils.clickOnElement(ElementUtils.java:36)\r\n\tat Pages.P01_LoginPage.terminateSession(P01_LoginPage.java:24)\r\n\tat Tests.TC17_SitesAdminTest.invalidSiteTC(TC17_SitesAdminTest.java:63)\r\n\tat java.base/jdk.internal.reflect.DirectMethodHandleAccessor.invoke(DirectMethodHandleAccessor.java:103)\r\n\tat java.base/java.lang.reflect.Method.invoke(Method.java:580)\r\n\tat org.testng.internal.invokers.MethodInvocationHelper.invokeMethod(MethodInvocationHelper.java:141)\r\n\tat org.testng.internal.invokers.TestInvoker.invokeMethod(TestInvoker.java:687)\r\n\tat org.testng.internal.invokers.TestInvoker.invokeTestMethod(TestInvoker.java:230)\r\n\tat org.testng.internal.invokers.MethodRunner.runInSequence(MethodRunner.java:63)\r\n\tat org.testng.internal.invokers.TestInvoker$MethodInvocationAgent.invoke(TestInvoker.java:995)\r\n\tat org.testng.internal.invokers.TestInvoker.invokeTestMethods(TestInvoker.java:203)\r\n\tat org.testng.internal.invokers.TestMethodWorker.invokeTestMethods(TestMethodWorker.java:154)\r\n\tat org.testng.internal.invokers.TestMethodWorker.run(TestMethodWorker.java:134)\r\n\tat java.base/java.util.ArrayList.forEach(ArrayList.java:1597)\r\n\tat org.testng.TestRunner.privateRun(TestRunner.java:741)\r\n\tat org.testng.TestRunner.run(TestRunner.java:616)\r\n\tat org.testng.SuiteRunner.runTest(SuiteRunner.java:421)\r\n\tat org.testng.SuiteRunner.runSequentially(SuiteRunner.java:413)\r\n\tat org.testng.SuiteRunner.privateRun(SuiteRunner.java:373)\r\n\tat org.testng.SuiteRunner.run(SuiteRunner.java:312)\r\n\tat org.testng.SuiteRunnerWorker.runSuite(SuiteRunnerWorker.java:52)\r\n\tat org.testng.SuiteRunnerWorker.run(SuiteRunnerWorker.java:95)\r\n\tat org.testng.TestNG.runSuitesSequentially(TestNG.java:1274)\r\n\tat org.testng.TestNG.runSuitesLocally(TestNG.java:1208)\r\n\tat org.testng.TestNG.runSuites(TestNG.java:1112)\r\n\tat org.testng.TestNG.run(TestNG.java:1079)\r\n\tat com.intellij.rt.testng.IDEARemoteTestNG.run(IDEARemoteTestNG.java:65)\r\n\tat com.intellij.rt.testng.RemoteTestNGStarter.main(RemoteTestNGStarter.java:105)\r\nCaused by: org.openqa.selenium.NoSuchElementException: no such element: Unable to locate element: {\"method\":\"css selector\",\"selector\":\"[title=\"Continue\"]\"}\n  (Session info: chrome=137.0.7151.56)\nFor documentation on this error, please visit: https://www.selenium.dev/documentation/webdriver/troubleshooting/errors#no-such-element-exception\nBuild info: version: '4.31.0', revision: '1ef9f18787*'\nSystem info: os.name: 'Windows 10', os.arch: 'amd64', os.version: '10.0', java.version: '23.0.2'\nDriver info: org.openqa.selenium.chrome.ChromeDriver\nCommand: [d31c79622936a4a02094bee545505564, findElement {using=css selector, value=[title=\"Continue\"]}]\nCapabilities {acceptInsecureCerts: false, browserName: chrome, browserVersion: 137.0.7151.56, chrome: {chromedriverVersion: 137.0.7151.68 (2989ffee9373..., userDataDir: C:\\Users\\MOHAME~1.ADE\\AppDa...}, fedcm:accounts: true, goog:chromeOptions: {debuggerAddress: localhost:55942}, networkConnectionEnabled: false, pageLoadStrategy: normal, platformName: windows, proxy: Proxy(), se:cdp: ws://localhost:55942/devtoo..., se:cdpVersion: 137.0.7151.56, setWindowRect: true, strictFileInteractability: false, timeouts: {implicit: 0, pageLoad: 300000, script: 30000}, unhandledPromptBehavior: dismiss and notify, webauthn:extension:credBlob: true, webauthn:extension:largeBlob: true, webauthn:extension:minPinLength: true, webauthn:extension:prf: true, webauthn:virtualAuthenticators: true}\nSession ID: d31c79622936a4a02094bee545505564\r\n\tat java.base/jdk.internal.reflect.DirectConstructorHandleAccessor.newInstance(DirectConstructorHandleAccessor.java:62)\r\n\tat java.base/java.lang.reflect.Constructor.newInstanceWithCaller(Constructor.java:501)\r\n\tat java.base/java.lang.reflect.Constructor.newInstance(Constructor.java:485)\r\n\tat org.openqa.selenium.remote.ErrorCodec.decode(ErrorCodec.java:167)\r\n\tat org.openqa.selenium.remote.codec.w3c.W3CHttpResponseCodec.decode(W3CHttpResponseCodec.java:138)\r\n\tat org.openqa.selenium.remote.codec.w3c.W3CHttpResponseCodec.decode(W3CHttpResponseCodec.java:50)\r\n\tat org.openqa.selenium.remote.HttpCommandExecutor.execute(HttpCommandExecutor.java:215)\r\n\tat org.openqa.selenium.remote.service.DriverCommandExecutor.invokeExecute(DriverCommandExecutor.java:216)\r\n\tat org.openqa.selenium.remote.service.DriverCommandExecutor.execute(DriverCommandExecutor.java:174)\r\n\tat org.openqa.selenium.remote.RemoteWebDriver.execute(RemoteWebDriver.java:545)\r\n\tat org.openqa.selenium.remote.ElementLocation$ElementFinder$2.findElement(ElementLocation.java:165)\r\n\tat org.openqa.selenium.remote.ElementLocation.findElement(ElementLocation.java:59)\r\n\tat org.openqa.selenium.remote.RemoteWebDriver.findElement(RemoteWebDriver.java:368)\r\n\tat org.openqa.selenium.remote.RemoteWebDriver.findElement(RemoteWebDriver.java:362)\r\n\tat Utilities.WaitUtils.lambda$0(WaitUtils.java:36)\r\n\tat org.openqa.selenium.support.ui.FluentWait.until(FluentWait.java:203)\r\n\t... 35 more\r\n"},"stage":"finished","steps":[{"name":"Wait for element to be present with locator: By.cssSelector: [title=\"Continue\"]","status":"broken","statusDetails":{"known":false,"muted":false,"flaky":false,"message":"Expected condition failed: waiting for Utilities.WaitUtils$$Lambda/0x000001815b479198@a0f37a5 (tried for 5 second(s) with 500 milliseconds interval)","trace":"org.openqa.selenium.TimeoutException: Expected condition failed: waiting for Utilities.WaitUtils$$Lambda/0x000001815b479198@a0f37a5 (tried for 5 second(s) with 500 milliseconds interval)\r\n\tat org.openqa.selenium.support.ui.WebDriverWait.timeoutException(WebDriverWait.java:84)\r\n\tat org.openqa.selenium.support.ui.FluentWait.until(FluentWait.java:228)\r\n\tat Utilities.WaitUtils.waitForElementToBePresent(WaitUtils.java:36)\r\n\tat Utilities.WaitUtils.lambda$1(WaitUtils.java:44)\r\n\tat org.openqa.selenium.support.ui.FluentWait.until(FluentWait.java:203)\r\n\tat Utilities.WaitUtils.waitForElementToBeVisible(WaitUtils.java:43)\r\n\tat Utilities.WaitUtils.lambda$2(WaitUtils.java:54)\r\n\tat org.openqa.selenium.support.ui.FluentWait.until(FluentWait.java:203)\r\n\tat Utilities.WaitUtils.waitForElementToBeClickable(WaitUtils.java:53)\r\n\tat Utilities.ElementUtils.clickOnElement(ElementUtils.java:36)\r\n\tat Pages.P01_LoginPage.terminateSession(P01_LoginPage.java:24)\r\n\tat Tests.TC17_SitesAdminTest.invalidSiteTC(TC17_SitesAdminTest.java:63)\r\n\tat java.base/jdk.internal.reflect.DirectMethodHandleAccessor.invoke(DirectMethodHandleAccessor.java:103)\r\n\tat java.base/java.lang.reflect.Method.invoke(Method.java:580)\r\n\tat org.testng.internal.invokers.MethodInvocationHelper.invokeMethod(MethodInvocationHelper.java:141)\r\n\tat org.testng.internal.invokers.TestInvoker.invokeMethod(TestInvoker.java:687)\r\n\tat org.testng.internal.invokers.TestInvoker.invokeTestMethod(TestInvoker.java:230)\r\n\tat org.testng.internal.invokers.MethodRunner.runInSequence(MethodRunner.java:63)\r\n\tat org.testng.internal.invokers.TestInvoker$MethodInvocationAgent.invoke(TestInvoker.java:995)\r\n\tat org.testng.internal.invokers.TestInvoker.invokeTestMethods(TestInvoker.java:203)\r\n\tat org.testng.internal.invokers.TestMethodWorker.invokeTestMethods(TestMethodWorker.java:154)\r\n\tat org.testng.internal.invokers.TestMethodWorker.run(TestMethodWorker.java:134)\r\n\tat java.base/java.util.ArrayList.forEach(ArrayList.java:1597)\r\n\tat org.testng.TestRunner.privateRun(TestRunner.java:741)\r\n\tat org.testng.TestRunner.run(TestRunner.java:616)\r\n\tat org.testng.SuiteRunner.runTest(SuiteRunner.java:421)\r\n\tat org.testng.SuiteRunner.runSequentially(SuiteRunner.java:413)\r\n\tat org.testng.SuiteRunner.privateRun(SuiteRunner.java:373)\r\n\tat org.testng.SuiteRunner.run(SuiteRunner.java:312)\r\n\tat org.testng.SuiteRunnerWorker.runSuite(SuiteRunnerWorker.java:52)\r\n\tat org.testng.SuiteRunnerWorker.run(SuiteRunnerWorker.java:95)\r\n\tat org.testng.TestNG.runSuitesSequentially(TestNG.java:1274)\r\n\tat org.testng.TestNG.runSuitesLocally(TestNG.java:1208)\r\n\tat org.testng.TestNG.runSuites(TestNG.java:1112)\r\n\tat org.testng.TestNG.run(TestNG.java:1079)\r\n\tat com.intellij.rt.testng.IDEARemoteTestNG.run(IDEARemoteTestNG.java:65)\r\n\tat com.intellij.rt.testng.RemoteTestNGStarter.main(RemoteTestNGStarter.java:105)\r\nCaused by: org.openqa.selenium.NoSuchElementException: no such element: Unable to locate element: {\"method\":\"css selector\",\"selector\":\"[title=\"Continue\"]\"}\n  (Session info: chrome=137.0.7151.56)\nFor documentation on this error, please visit: https://www.selenium.dev/documentation/webdriver/troubleshooting/errors#no-such-element-exception\nBuild info: version: '4.31.0', revision: '1ef9f18787*'\nSystem info: os.name: 'Windows 10', os.arch: 'amd64', os.version: '10.0', java.version: '23.0.2'\nDriver info: org.openqa.selenium.chrome.ChromeDriver\nCommand: [d31c79622936a4a02094bee545505564, findElement {using=css selector, value=[title=\"Continue\"]}]\nCapabilities {acceptInsecureCerts: false, browserName: chrome, browserVersion: 137.0.7151.56, chrome: {chromedriverVersion: 137.0.7151.68 (2989ffee9373..., userDataDir: C:\\Users\\MOHAME~1.ADE\\AppDa...}, fedcm:accounts: true, goog:chromeOptions: {debuggerAddress: localhost:55942}, networkConnectionEnabled: false, pageLoadStrategy: normal, platformName: windows, proxy: Proxy(), se:cdp: ws://localhost:55942/devtoo..., se:cdpVersion: 137.0.7151.56, setWindowRect: true, strictFileInteractability: false, timeouts: {implicit: 0, pageLoad: 300000, script: 30000}, unhandledPromptBehavior: dismiss and notify, webauthn:extension:credBlob: true, webauthn:extension:largeBlob: true, webauthn:extension:minPinLength: true, webauthn:extension:prf: true, webauthn:virtualAuthenticators: true}\nSession ID: d31c79622936a4a02094bee545505564\r\n\tat java.base/jdk.internal.reflect.DirectConstructorHandleAccessor.newInstance(DirectConstructorHandleAccessor.java:62)\r\n\tat java.base/java.lang.reflect.Constructor.newInstanceWithCaller(Constructor.java:501)\r\n\tat java.base/java.lang.reflect.Constructor.newInstance(Constructor.java:485)\r\n\tat org.openqa.selenium.remote.ErrorCodec.decode(ErrorCodec.java:167)\r\n\tat org.openqa.selenium.remote.codec.w3c.W3CHttpResponseCodec.decode(W3CHttpResponseCodec.java:138)\r\n\tat org.openqa.selenium.remote.codec.w3c.W3CHttpResponseCodec.decode(W3CHttpResponseCodec.java:50)\r\n\tat org.openqa.selenium.remote.HttpCommandExecutor.execute(HttpCommandExecutor.java:215)\r\n\tat org.openqa.selenium.remote.service.DriverCommandExecutor.invokeExecute(DriverCommandExecutor.java:216)\r\n\tat org.openqa.selenium.remote.service.DriverCommandExecutor.execute(DriverCommandExecutor.java:174)\r\n\tat org.openqa.selenium.remote.RemoteWebDriver.execute(RemoteWebDriver.java:545)\r\n\tat org.openqa.selenium.remote.ElementLocation$ElementFinder$2.findElement(ElementLocation.java:165)\r\n\tat org.openqa.selenium.remote.ElementLocation.findElement(ElementLocation.java:59)\r\n\tat org.openqa.selenium.remote.RemoteWebDriver.findElement(RemoteWebDriver.java:368)\r\n\tat org.openqa.selenium.remote.RemoteWebDriver.findElement(RemoteWebDriver.java:362)\r\n\tat Utilities.WaitUtils.lambda$0(WaitUtils.java:36)\r\n\tat org.openqa.selenium.support.ui.FluentWait.until(FluentWait.java:203)\r\n\t... 35 more\r\n"},"stage":"finished","steps":[],"attachments":[],"parameters":[{"name":"locator","value":"By.cssSelector: [title=\"Continue\"]"}],"start":1748951791917,"stop":1748951797229}],"attachments":[],"parameters":[{"name":"locator","value":"By.cssSelector: [title=\"Continue\"]"}],"start":1748951791917,"stop":1748951797229}],"attachments":[],"parameters":[{"name":"locator","value":"By.cssSelector: [title=\"Continue\"]"}],"start":1748951791917,"stop":1748951797229}],"attachments":[],"parameters":[],"start":1748951791916,"stop":1748951797230},{"name":"Assert login with valid admin credentials","status":"passed","stage":"finished","steps":[{"name":"Assert page URL","status":"passed","stage":"finished","steps":[{"name":"Get current URL","status":"passed","stage":"finished","steps":[],"attachments":[],"parameters":[],"start":1748951797231,"stop":1748951797256},{"name":"Wait for page to load with URL: http://192.168.2.97/iCodeVettPro/admin/users","status":"passed","stage":"finished","steps":[],"attachments":[],"parameters":[{"name":"url","value":"http://192.168.2.97/iCodeVettPro/admin/users"}],"start":1748951797257,"stop":1748951797262},{"name":"Soft Assert true","status":"passed","stage":"finished","steps":[],"attachments":[],"parameters":[{"name":"condition","value":"true"},{"name":"message","value":"Login with valid admin credentials failed"}],"start":1748951797262,"stop":1748951797262}],"attachments":[],"parameters":[{"name":"expectedUrl","value":"http://192.168.2.97/iCodeVettPro/admin/users"},{"name":"message","value":"Login with valid admin credentials failed"}],"start":1748951797231,"stop":1748951797262}],"attachments":[],"parameters":[],"start":1748951797230,"stop":1748951797262},{"name":"Click on Sites","status":"passed","stage":"finished","steps":[{"name":"Wait for element to be clickable with locator: By.cssSelector: [href=\"/iCodeVettPro/admin/sites\"]","status":"passed","stage":"finished","steps":[{"name":"Wait for element to be visible with locator: By.cssSelector: [href=\"/iCodeVettPro/admin/sites\"]","status":"passed","stage":"finished","steps":[{"name":"Wait for element to be present with locator: By.cssSelector: [href=\"/iCodeVettPro/admin/sites\"]","status":"passed","stage":"finished","steps":[],"attachments":[],"parameters":[{"name":"locator","value":"By.cssSelector: [href=\"/iCodeVettPro/admin/sites\"]"}],"start":1748951797263,"stop":1748951797273}],"attachments":[],"parameters":[{"name":"locator","value":"By.cssSelector: [href=\"/iCodeVettPro/admin/sites\"]"}],"start":1748951797263,"stop":1748951797280}],"attachments":[],"parameters":[{"name":"locator","value":"By.cssSelector: [href=\"/iCodeVettPro/admin/sites\"]"}],"start":1748951797262,"stop":1748951797285}],"attachments":[],"parameters":[],"start":1748951797262,"stop":1748951797425},{"name":"Click on Add Site button","status":"passed","stage":"finished","steps":[{"name":"Wait for element to be clickable with locator: By.cssSelector: [title=\"Add new site\"]","status":"passed","stage":"finished","steps":[{"name":"Wait for element to be visible with locator: By.cssSelector: [title=\"Add new site\"]","status":"passed","stage":"finished","steps":[{"name":"Wait for element to be present with locator: By.cssSelector: [title=\"Add new site\"]","status":"passed","stage":"finished","steps":[],"attachments":[],"parameters":[{"name":"locator","value":"By.cssSelector: [title=\"Add new site\"]"}],"start":1748951797427,"stop":1748951797442}],"attachments":[],"parameters":[{"name":"locator","value":"By.cssSelector: [title=\"Add new site\"]"}],"start":1748951797426,"stop":1748951797450}],"attachments":[],"parameters":[{"name":"locator","value":"By.cssSelector: [title=\"Add new site\"]"}],"start":1748951797426,"stop":1748951797458}],"attachments":[],"parameters":[],"start":1748951797426,"stop":1748951797568},{"name":"Enter HL7 Site Name","status":"passed","stage":"finished","steps":[{"name":"Wait for element to be visible with locator: By.cssSelector: [formcontrolname=\"hl7SiteName\"]","status":"passed","stage":"finished","steps":[{"name":"Wait for element to be present with locator: By.cssSelector: [formcontrolname=\"hl7SiteName\"]","status":"passed","stage":"finished","steps":[],"attachments":[],"parameters":[{"name":"locator","value":"By.cssSelector: [formcontrolname=\"hl7SiteName\"]"}],"start":1748951797568,"stop":1748951797605}],"attachments":[],"parameters":[{"name":"locator","value":"By.cssSelector: [formcontrolname=\"hl7SiteName\"]"}],"start":1748951797568,"stop":1748951797615}],"attachments":[],"parameters":[{"name":"hl7SiteName","value":"TestHL7Site2025-06-03_14-56-31"}],"start":1748951797568,"stop":1748951797732},{"name":"Click Active Checkbox","status":"passed","stage":"finished","steps":[{"name":"Wait for element to be clickable with locator: By.cssSelector: [formcontrolname=\"active\"]","status":"passed","stage":"finished","steps":[{"name":"Wait for element to be visible with locator: By.cssSelector: [formcontrolname=\"active\"]","status":"passed","stage":"finished","steps":[{"name":"Wait for element to be present with locator: By.cssSelector: [formcontrolname=\"active\"]","status":"passed","stage":"finished","steps":[],"attachments":[],"parameters":[{"name":"locator","value":"By.cssSelector: [formcontrolname=\"active\"]"}],"start":1748951797733,"stop":1748951797749}],"attachments":[],"parameters":[{"name":"locator","value":"By.cssSelector: [formcontrolname=\"active\"]"}],"start":1748951797733,"stop":1748951797759}],"attachments":[],"parameters":[{"name":"locator","value":"By.cssSelector: [formcontrolname=\"active\"]"}],"start":1748951797733,"stop":1748951797767}],"attachments":[],"parameters":[],"start":1748951797732,"stop":1748951797848},{"name":"Click on Save button","status":"passed","stage":"finished","steps":[{"name":"Wait for element to be clickable with locator: By.cssSelector: [title=\"Save\"]","status":"passed","stage":"finished","steps":[{"name":"Wait for element to be visible with locator: By.cssSelector: [title=\"Save\"]","status":"passed","stage":"finished","steps":[{"name":"Wait for element to be present with locator: By.cssSelector: [title=\"Save\"]","status":"passed","stage":"finished","steps":[],"attachments":[],"parameters":[{"name":"locator","value":"By.cssSelector: [title=\"Save\"]"}],"start":1748951797848,"stop":1748951797860}],"attachments":[],"parameters":[{"name":"locator","value":"By.cssSelector: [title=\"Save\"]"}],"start":1748951797848,"stop":1748951797868}],"attachments":[],"parameters":[{"name":"locator","value":"By.cssSelector: [title=\"Save\"]"}],"start":1748951797848,"stop":1748951797876}],"attachments":[],"parameters":[],"start":1748951797848,"stop":1748951797968},{"name":"Assert visibility of empty name field message","status":"passed","stage":"finished","steps":[{"name":"Wait for element to be visible with locator: By.cssSelector: [aria-label='Site name cannot be empty or contain spaces only, please enter a valid name.']","status":"passed","stage":"finished","steps":[{"name":"Wait for element to be present with locator: By.cssSelector: [aria-label='Site name cannot be empty or contain spaces only, please enter a valid name.']","status":"passed","stage":"finished","steps":[],"attachments":[],"parameters":[{"name":"locator","value":"By.cssSelector: [aria-label='Site name cannot be empty or contain spaces only, please enter a valid name.']"}],"start":1748951797969,"stop":1748951797984}],"attachments":[],"parameters":[{"name":"locator","value":"By.cssSelector: [aria-label='Site name cannot be empty or contain spaces only, please enter a valid name.']"}],"start":1748951797969,"stop":1748951797998},{"name":"Soft Assert true","status":"passed","stage":"finished","steps":[],"attachments":[],"parameters":[{"name":"condition","value":"true"},{"name":"message","value":"Empty name field message not visible"}],"start":1748951798029,"stop":1748951798029}],"attachments":[],"parameters":[],"start":1748951797968,"stop":1748951798029},{"name":"Click on Cancel button","status":"passed","stage":"finished","steps":[{"name":"Wait for element to be clickable with locator: By.cssSelector: [title=\"Cancel\"]","status":"passed","stage":"finished","steps":[{"name":"Wait for element to be visible with locator: By.cssSelector: [title=\"Cancel\"]","status":"passed","stage":"finished","steps":[{"name":"Wait for element to be present with locator: By.cssSelector: [title=\"Cancel\"]","status":"passed","stage":"finished","steps":[],"attachments":[],"parameters":[{"name":"locator","value":"By.cssSelector: [title=\"Cancel\"]"}],"start":1748951798029,"stop":1748951798044}],"attachments":[],"parameters":[{"name":"locator","value":"By.cssSelector: [title=\"Cancel\"]"}],"start":1748951798029,"stop":1748951798052}],"attachments":[],"parameters":[{"name":"locator","value":"By.cssSelector: [title=\"Cancel\"]"}],"start":1748951798029,"stop":1748951798063}],"attachments":[],"parameters":[],"start":1748951798029,"stop":1748951798146},{"name":"Click on Add Site button","status":"passed","stage":"finished","steps":[{"name":"Wait for element to be clickable with locator: By.cssSelector: [title=\"Add new site\"]","status":"passed","stage":"finished","steps":[{"name":"Wait for element to be visible with locator: By.cssSelector: [title=\"Add new site\"]","status":"passed","stage":"finished","steps":[{"name":"Wait for element to be present with locator: By.cssSelector: [title=\"Add new site\"]","status":"passed","stage":"finished","steps":[],"attachments":[],"parameters":[{"name":"locator","value":"By.cssSelector: [title=\"Add new site\"]"}],"start":1748951798146,"stop":1748951798153}],"attachments":[],"parameters":[{"name":"locator","value":"By.cssSelector: [title=\"Add new site\"]"}],"start":1748951798146,"stop":1748951798164}],"attachments":[],"parameters":[{"name":"locator","value":"By.cssSelector: [title=\"Add new site\"]"}],"start":1748951798146,"stop":1748951798174}],"attachments":[],"parameters":[],"start":1748951798146,"stop":1748951798264},{"name":"Enter Site Name","status":"passed","stage":"finished","steps":[{"name":"Wait for element to be visible with locator: By.cssSelector: [formcontrolname=\"name\"]","status":"passed","stage":"finished","steps":[{"name":"Wait for element to be present with locator: By.cssSelector: [formcontrolname=\"name\"]","status":"passed","stage":"finished","steps":[],"attachments":[],"parameters":[{"name":"locator","value":"By.cssSelector: [formcontrolname=\"name\"]"}],"start":1748951798265,"stop":1748951798283}],"attachments":[],"parameters":[{"name":"locator","value":"By.cssSelector: [formcontrolname=\"name\"]"}],"start":1748951798264,"stop":1748951798298}],"attachments":[],"parameters":[{"name":"name","value":"TestSite2025-06-03_14-56-31"}],"start":1748951798264,"stop":1748951798392},{"name":"Click Active Checkbox","status":"passed","stage":"finished","steps":[{"name":"Wait for element to be clickable with locator: By.cssSelector: [formcontrolname=\"active\"]","status":"passed","stage":"finished","steps":[{"name":"Wait for element to be visible with locator: By.cssSelector: [formcontrolname=\"active\"]","status":"passed","stage":"finished","steps":[{"name":"Wait for element to be present with locator: By.cssSelector: [formcontrolname=\"active\"]","status":"passed","stage":"finished","steps":[],"attachments":[],"parameters":[{"name":"locator","value":"By.cssSelector: [formcontrolname=\"active\"]"}],"start":1748951798393,"stop":1748951798407}],"attachments":[],"parameters":[{"name":"locator","value":"By.cssSelector: [formcontrolname=\"active\"]"}],"start":1748951798393,"stop":1748951798415}],"attachments":[],"parameters":[{"name":"locator","value":"By.cssSelector: [formcontrolname=\"active\"]"}],"start":1748951798393,"stop":1748951798426}],"attachments":[],"parameters":[],"start":1748951798392,"stop":1748951798528},{"name":"Click on Save button","status":"passed","stage":"finished","steps":[{"name":"Wait for element to be clickable with locator: By.cssSelector: [title=\"Save\"]","status":"passed","stage":"finished","steps":[{"name":"Wait for element to be visible with locator: By.cssSelector: [title=\"Save\"]","status":"passed","stage":"finished","steps":[{"name":"Wait for element to be present with locator: By.cssSelector: [title=\"Save\"]","status":"passed","stage":"finished","steps":[],"attachments":[],"parameters":[{"name":"locator","value":"By.cssSelector: [title=\"Save\"]"}],"start":1748951798529,"stop":1748951798541}],"attachments":[],"parameters":[{"name":"locator","value":"By.cssSelector: [title=\"Save\"]"}],"start":1748951798529,"stop":1748951798550}],"attachments":[],"parameters":[{"name":"locator","value":"By.cssSelector: [title=\"Save\"]"}],"start":1748951798528,"stop":1748951798560}],"attachments":[],"parameters":[],"start":1748951798528,"stop":1748951798663},{"name":"Assert visibility of empty HL7 Site name field message","status":"passed","stage":"finished","steps":[{"name":"Wait for element to be visible with locator: By.cssSelector: [aria-label='HL7 site name cannot be empty or contain spaces only, please enter a valid name']","status":"passed","stage":"finished","steps":[{"name":"Wait for element to be present with locator: By.cssSelector: [aria-label='HL7 site name cannot be empty or contain spaces only, please enter a valid name']","status":"passed","stage":"finished","steps":[],"attachments":[],"parameters":[{"name":"locator","value":"By.cssSelector: [aria-label='HL7 site name cannot be empty or contain spaces only, please enter a valid name']"}],"start":1748951798664,"stop":1748951798680},{"name":"Wait for element to be present with locator: By.cssSelector: [aria-label='HL7 site name cannot be empty or contain spaces only, please enter a valid name']","status":"passed","stage":"finished","steps":[],"attachments":[],"parameters":[{"name":"locator","value":"By.cssSelector: [aria-label='HL7 site name cannot be empty or contain spaces only, please enter a valid name']"}],"start":1748951799203,"stop":1748951799211}],"attachments":[],"parameters":[{"name":"locator","value":"By.cssSelector: [aria-label='HL7 site name cannot be empty or contain spaces only, please enter a valid name']"}],"start":1748951798663,"stop":1748951799217},{"name":"Soft Assert true","status":"passed","stage":"finished","steps":[],"attachments":[],"parameters":[{"name":"condition","value":"true"},{"name":"message","value":"Empty HL7 Site name field message not visible"}],"start":1748951799247,"stop":1748951799247}],"attachments":[],"parameters":[],"start":1748951798663,"stop":1748951799247}],"attachments":[{"name":"passed-invalidSiteTC","source":"666a8ad2-81e3-484e-8cae-6c91f20179a1-attachment"},{"name":"Logs.log","source":"18a2cc45-dd31-450a-b7ad-a8a62d4d44aa-attachment.txt","type":"text/plain"}],"parameters":[{"name":"browser","value":"Chrome"}],"start":1748951791194,"stop":1748951799441}