{"uuid":"7b626604-442e-4eb6-a19c-26acbfd8718a","historyId":"f0f3fbf4a04ff550e71f62b952dec338","fullName":"Tests.TC11_SchedulingSuggestionsAdminTest.invalidSchedulingSuggestionTC","labels":[{"name":"package","value":"Tests.TC11_SchedulingSuggestionsAdminTest"},{"name":"testClass","value":"Tests.TC11_SchedulingSuggestionsAdminTest"},{"name":"testMethod","value":"invalidSchedulingSuggestionTC"},{"name":"parentSuite","value":"Full Project Runner"},{"name":"suite","value":"Full Project Runner on Chrome"},{"name":"subSuite","value":"Tests.TC11_SchedulingSuggestionsAdminTest"},{"name":"host","value":"Mohmed-Adel"},{"name":"thread","value":"29872@Mohmed-Adel.main(1)"},{"name":"framework","value":"testng"},{"name":"language","value":"java"}],"links":[],"name":"invalidSchedulingSuggestionTC","status":"passed","statusDetails":{"known":false,"muted":false,"flaky":false},"stage":"finished","steps":[{"name":"Navigate to login page","status":"passed","stage":"finished","steps":[{"name":"Navigate to URL: http://192.168.2.97/iCodeVettPro/login","status":"passed","stage":"finished","steps":[],"attachments":[],"parameters":[{"name":"url","value":"http://192.168.2.97/iCodeVettPro/login"}],"start":1748951632468,"stop":1748951632791}],"attachments":[],"parameters":[{"name":"url","value":"http://192.168.2.97/iCodeVettPro/login"}],"start":1748951632467,"stop":1748951632791},{"name":"Enter username","status":"passed","stage":"finished","steps":[{"name":"Wait for element to be visible with locator: By.cssSelector: [formcontrolname=\"username\"]","status":"passed","stage":"finished","steps":[{"name":"Wait for element to be present with locator: By.cssSelector: [formcontrolname=\"username\"]","status":"passed","stage":"finished","steps":[],"attachments":[],"parameters":[{"name":"locator","value":"By.cssSelector: [formcontrolname=\"username\"]"}],"start":1748951632791,"stop":1748951632878}],"attachments":[],"parameters":[{"name":"locator","value":"By.cssSelector: [formcontrolname=\"username\"]"}],"start":1748951632791,"stop":1748951632892}],"attachments":[],"parameters":[{"name":"username","value":"AutomationPowerAdmin"}],"start":1748951632791,"stop":1748951632972},{"name":"Enter password","status":"passed","stage":"finished","steps":[{"name":"Wait for element to be visible with locator: By.cssSelector: [formcontrolname=\"password\"]","status":"passed","stage":"finished","steps":[{"name":"Wait for element to be present with locator: By.cssSelector: [formcontrolname=\"password\"]","status":"passed","stage":"finished","steps":[],"attachments":[],"parameters":[{"name":"locator","value":"By.cssSelector: [formcontrolname=\"password\"]"}],"start":1748951632973,"stop":1748951632985}],"attachments":[],"parameters":[{"name":"locator","value":"By.cssSelector: [formcontrolname=\"password\"]"}],"start":1748951632973,"stop":1748951632995}],"attachments":[],"parameters":[{"name":"password","value":"Automation1#"}],"start":1748951632972,"stop":1748951633075},{"name":"Click login button","status":"passed","stage":"finished","steps":[{"name":"Wait for element to be clickable with locator: By.id: btnlogin","status":"passed","stage":"finished","steps":[{"name":"Wait for element to be visible with locator: By.id: btnlogin","status":"passed","stage":"finished","steps":[{"name":"Wait for element to be present with locator: By.id: btnlogin","status":"passed","stage":"finished","steps":[],"attachments":[],"parameters":[{"name":"locator","value":"By.id: btnlogin"}],"start":1748951633076,"stop":1748951633086}],"attachments":[],"parameters":[{"name":"locator","value":"By.id: btnlogin"}],"start":1748951633076,"stop":1748951633092}],"attachments":[],"parameters":[{"name":"locator","value":"By.id: btnlogin"}],"start":1748951633076,"stop":1748951633098}],"attachments":[],"parameters":[],"start":1748951633075,"stop":1748951633173},{"name":"Terminate session if exists","status":"passed","stage":"finished","steps":[{"name":"Wait for element to be clickable with locator: By.cssSelector: [title=\"Continue\"]","status":"broken","statusDetails":{"known":false,"muted":false,"flaky":false,"message":"Expected condition failed: waiting for Utilities.WaitUtils$$Lambda/0x000001815b479198@569581bd (tried for 5 second(s) with 500 milliseconds interval)","trace":"org.openqa.selenium.TimeoutException: Expected condition failed: waiting for Utilities.WaitUtils$$Lambda/0x000001815b479198@569581bd (tried for 5 second(s) with 500 milliseconds interval)\r\n\tat org.openqa.selenium.support.ui.WebDriverWait.timeoutException(WebDriverWait.java:84)\r\n\tat org.openqa.selenium.support.ui.FluentWait.until(FluentWait.java:228)\r\n\tat Utilities.WaitUtils.waitForElementToBePresent(WaitUtils.java:36)\r\n\tat Utilities.WaitUtils.lambda$1(WaitUtils.java:44)\r\n\tat org.openqa.selenium.support.ui.FluentWait.until(FluentWait.java:203)\r\n\tat Utilities.WaitUtils.waitForElementToBeVisible(WaitUtils.java:43)\r\n\tat Utilities.WaitUtils.lambda$2(WaitUtils.java:54)\r\n\tat org.openqa.selenium.support.ui.FluentWait.until(FluentWait.java:203)\r\n\tat Utilities.WaitUtils.waitForElementToBeClickable(WaitUtils.java:53)\r\n\tat Utilities.ElementUtils.clickOnElement(ElementUtils.java:36)\r\n\tat Pages.P01_LoginPage.terminateSession(P01_LoginPage.java:24)\r\n\tat Tests.TC11_SchedulingSuggestionsAdminTest.invalidSchedulingSuggestionTC(TC11_SchedulingSuggestionsAdminTest.java:61)\r\n\tat java.base/jdk.internal.reflect.DirectMethodHandleAccessor.invoke(DirectMethodHandleAccessor.java:103)\r\n\tat java.base/java.lang.reflect.Method.invoke(Method.java:580)\r\n\tat org.testng.internal.invokers.MethodInvocationHelper.invokeMethod(MethodInvocationHelper.java:141)\r\n\tat org.testng.internal.invokers.TestInvoker.invokeMethod(TestInvoker.java:687)\r\n\tat org.testng.internal.invokers.TestInvoker.invokeTestMethod(TestInvoker.java:230)\r\n\tat org.testng.internal.invokers.MethodRunner.runInSequence(MethodRunner.java:63)\r\n\tat org.testng.internal.invokers.TestInvoker$MethodInvocationAgent.invoke(TestInvoker.java:995)\r\n\tat org.testng.internal.invokers.TestInvoker.invokeTestMethods(TestInvoker.java:203)\r\n\tat org.testng.internal.invokers.TestMethodWorker.invokeTestMethods(TestMethodWorker.java:154)\r\n\tat org.testng.internal.invokers.TestMethodWorker.run(TestMethodWorker.java:134)\r\n\tat java.base/java.util.ArrayList.forEach(ArrayList.java:1597)\r\n\tat org.testng.TestRunner.privateRun(TestRunner.java:741)\r\n\tat org.testng.TestRunner.run(TestRunner.java:616)\r\n\tat org.testng.SuiteRunner.runTest(SuiteRunner.java:421)\r\n\tat org.testng.SuiteRunner.runSequentially(SuiteRunner.java:413)\r\n\tat org.testng.SuiteRunner.privateRun(SuiteRunner.java:373)\r\n\tat org.testng.SuiteRunner.run(SuiteRunner.java:312)\r\n\tat org.testng.SuiteRunnerWorker.runSuite(SuiteRunnerWorker.java:52)\r\n\tat org.testng.SuiteRunnerWorker.run(SuiteRunnerWorker.java:95)\r\n\tat org.testng.TestNG.runSuitesSequentially(TestNG.java:1274)\r\n\tat org.testng.TestNG.runSuitesLocally(TestNG.java:1208)\r\n\tat org.testng.TestNG.runSuites(TestNG.java:1112)\r\n\tat org.testng.TestNG.run(TestNG.java:1079)\r\n\tat com.intellij.rt.testng.IDEARemoteTestNG.run(IDEARemoteTestNG.java:65)\r\n\tat com.intellij.rt.testng.RemoteTestNGStarter.main(RemoteTestNGStarter.java:105)\r\nCaused by: org.openqa.selenium.NoSuchElementException: no such element: Unable to locate element: {\"method\":\"css selector\",\"selector\":\"[title=\"Continue\"]\"}\n  (Session info: chrome=137.0.7151.56)\nFor documentation on this error, please visit: https://www.selenium.dev/documentation/webdriver/troubleshooting/errors#no-such-element-exception\nBuild info: version: '4.31.0', revision: '1ef9f18787*'\nSystem info: os.name: 'Windows 10', os.arch: 'amd64', os.version: '10.0', java.version: '23.0.2'\nDriver info: org.openqa.selenium.chrome.ChromeDriver\nCommand: [6e18d15276e5c012c00588cf01975f92, findElement {using=css selector, value=[title=\"Continue\"]}]\nCapabilities {acceptInsecureCerts: false, browserName: chrome, browserVersion: 137.0.7151.56, chrome: {chromedriverVersion: 137.0.7151.68 (2989ffee9373..., userDataDir: C:\\Users\\MOHAME~1.ADE\\AppDa...}, fedcm:accounts: true, goog:chromeOptions: {debuggerAddress: localhost:55483}, networkConnectionEnabled: false, pageLoadStrategy: normal, platformName: windows, proxy: Proxy(), se:cdp: ws://localhost:55483/devtoo..., se:cdpVersion: 137.0.7151.56, setWindowRect: true, strictFileInteractability: false, timeouts: {implicit: 0, pageLoad: 300000, script: 30000}, unhandledPromptBehavior: dismiss and notify, webauthn:extension:credBlob: true, webauthn:extension:largeBlob: true, webauthn:extension:minPinLength: true, webauthn:extension:prf: true, webauthn:virtualAuthenticators: true}\nSession ID: 6e18d15276e5c012c00588cf01975f92\r\n\tat java.base/jdk.internal.reflect.DirectConstructorHandleAccessor.newInstance(DirectConstructorHandleAccessor.java:62)\r\n\tat java.base/java.lang.reflect.Constructor.newInstanceWithCaller(Constructor.java:501)\r\n\tat java.base/java.lang.reflect.Constructor.newInstance(Constructor.java:485)\r\n\tat org.openqa.selenium.remote.ErrorCodec.decode(ErrorCodec.java:167)\r\n\tat org.openqa.selenium.remote.codec.w3c.W3CHttpResponseCodec.decode(W3CHttpResponseCodec.java:138)\r\n\tat org.openqa.selenium.remote.codec.w3c.W3CHttpResponseCodec.decode(W3CHttpResponseCodec.java:50)\r\n\tat org.openqa.selenium.remote.HttpCommandExecutor.execute(HttpCommandExecutor.java:215)\r\n\tat org.openqa.selenium.remote.service.DriverCommandExecutor.invokeExecute(DriverCommandExecutor.java:216)\r\n\tat org.openqa.selenium.remote.service.DriverCommandExecutor.execute(DriverCommandExecutor.java:174)\r\n\tat org.openqa.selenium.remote.RemoteWebDriver.execute(RemoteWebDriver.java:545)\r\n\tat org.openqa.selenium.remote.ElementLocation$ElementFinder$2.findElement(ElementLocation.java:165)\r\n\tat org.openqa.selenium.remote.ElementLocation.findElement(ElementLocation.java:59)\r\n\tat org.openqa.selenium.remote.RemoteWebDriver.findElement(RemoteWebDriver.java:368)\r\n\tat org.openqa.selenium.remote.RemoteWebDriver.findElement(RemoteWebDriver.java:362)\r\n\tat Utilities.WaitUtils.lambda$0(WaitUtils.java:36)\r\n\tat org.openqa.selenium.support.ui.FluentWait.until(FluentWait.java:203)\r\n\t... 35 more\r\n"},"stage":"finished","steps":[{"name":"Wait for element to be visible with locator: By.cssSelector: [title=\"Continue\"]","status":"broken","statusDetails":{"known":false,"muted":false,"flaky":false,"message":"Expected condition failed: waiting for Utilities.WaitUtils$$Lambda/0x000001815b479198@569581bd (tried for 5 second(s) with 500 milliseconds interval)","trace":"org.openqa.selenium.TimeoutException: Expected condition failed: waiting for Utilities.WaitUtils$$Lambda/0x000001815b479198@569581bd (tried for 5 second(s) with 500 milliseconds interval)\r\n\tat org.openqa.selenium.support.ui.WebDriverWait.timeoutException(WebDriverWait.java:84)\r\n\tat org.openqa.selenium.support.ui.FluentWait.until(FluentWait.java:228)\r\n\tat Utilities.WaitUtils.waitForElementToBePresent(WaitUtils.java:36)\r\n\tat Utilities.WaitUtils.lambda$1(WaitUtils.java:44)\r\n\tat org.openqa.selenium.support.ui.FluentWait.until(FluentWait.java:203)\r\n\tat Utilities.WaitUtils.waitForElementToBeVisible(WaitUtils.java:43)\r\n\tat Utilities.WaitUtils.lambda$2(WaitUtils.java:54)\r\n\tat org.openqa.selenium.support.ui.FluentWait.until(FluentWait.java:203)\r\n\tat Utilities.WaitUtils.waitForElementToBeClickable(WaitUtils.java:53)\r\n\tat Utilities.ElementUtils.clickOnElement(ElementUtils.java:36)\r\n\tat Pages.P01_LoginPage.terminateSession(P01_LoginPage.java:24)\r\n\tat Tests.TC11_SchedulingSuggestionsAdminTest.invalidSchedulingSuggestionTC(TC11_SchedulingSuggestionsAdminTest.java:61)\r\n\tat java.base/jdk.internal.reflect.DirectMethodHandleAccessor.invoke(DirectMethodHandleAccessor.java:103)\r\n\tat java.base/java.lang.reflect.Method.invoke(Method.java:580)\r\n\tat org.testng.internal.invokers.MethodInvocationHelper.invokeMethod(MethodInvocationHelper.java:141)\r\n\tat org.testng.internal.invokers.TestInvoker.invokeMethod(TestInvoker.java:687)\r\n\tat org.testng.internal.invokers.TestInvoker.invokeTestMethod(TestInvoker.java:230)\r\n\tat org.testng.internal.invokers.MethodRunner.runInSequence(MethodRunner.java:63)\r\n\tat org.testng.internal.invokers.TestInvoker$MethodInvocationAgent.invoke(TestInvoker.java:995)\r\n\tat org.testng.internal.invokers.TestInvoker.invokeTestMethods(TestInvoker.java:203)\r\n\tat org.testng.internal.invokers.TestMethodWorker.invokeTestMethods(TestMethodWorker.java:154)\r\n\tat org.testng.internal.invokers.TestMethodWorker.run(TestMethodWorker.java:134)\r\n\tat java.base/java.util.ArrayList.forEach(ArrayList.java:1597)\r\n\tat org.testng.TestRunner.privateRun(TestRunner.java:741)\r\n\tat org.testng.TestRunner.run(TestRunner.java:616)\r\n\tat org.testng.SuiteRunner.runTest(SuiteRunner.java:421)\r\n\tat org.testng.SuiteRunner.runSequentially(SuiteRunner.java:413)\r\n\tat org.testng.SuiteRunner.privateRun(SuiteRunner.java:373)\r\n\tat org.testng.SuiteRunner.run(SuiteRunner.java:312)\r\n\tat org.testng.SuiteRunnerWorker.runSuite(SuiteRunnerWorker.java:52)\r\n\tat org.testng.SuiteRunnerWorker.run(SuiteRunnerWorker.java:95)\r\n\tat org.testng.TestNG.runSuitesSequentially(TestNG.java:1274)\r\n\tat org.testng.TestNG.runSuitesLocally(TestNG.java:1208)\r\n\tat org.testng.TestNG.runSuites(TestNG.java:1112)\r\n\tat org.testng.TestNG.run(TestNG.java:1079)\r\n\tat com.intellij.rt.testng.IDEARemoteTestNG.run(IDEARemoteTestNG.java:65)\r\n\tat com.intellij.rt.testng.RemoteTestNGStarter.main(RemoteTestNGStarter.java:105)\r\nCaused by: org.openqa.selenium.NoSuchElementException: no such element: Unable to locate element: {\"method\":\"css selector\",\"selector\":\"[title=\"Continue\"]\"}\n  (Session info: chrome=137.0.7151.56)\nFor documentation on this error, please visit: https://www.selenium.dev/documentation/webdriver/troubleshooting/errors#no-such-element-exception\nBuild info: version: '4.31.0', revision: '1ef9f18787*'\nSystem info: os.name: 'Windows 10', os.arch: 'amd64', os.version: '10.0', java.version: '23.0.2'\nDriver info: org.openqa.selenium.chrome.ChromeDriver\nCommand: [6e18d15276e5c012c00588cf01975f92, findElement {using=css selector, value=[title=\"Continue\"]}]\nCapabilities {acceptInsecureCerts: false, browserName: chrome, browserVersion: 137.0.7151.56, chrome: {chromedriverVersion: 137.0.7151.68 (2989ffee9373..., userDataDir: C:\\Users\\MOHAME~1.ADE\\AppDa...}, fedcm:accounts: true, goog:chromeOptions: {debuggerAddress: localhost:55483}, networkConnectionEnabled: false, pageLoadStrategy: normal, platformName: windows, proxy: Proxy(), se:cdp: ws://localhost:55483/devtoo..., se:cdpVersion: 137.0.7151.56, setWindowRect: true, strictFileInteractability: false, timeouts: {implicit: 0, pageLoad: 300000, script: 30000}, unhandledPromptBehavior: dismiss and notify, webauthn:extension:credBlob: true, webauthn:extension:largeBlob: true, webauthn:extension:minPinLength: true, webauthn:extension:prf: true, webauthn:virtualAuthenticators: true}\nSession ID: 6e18d15276e5c012c00588cf01975f92\r\n\tat java.base/jdk.internal.reflect.DirectConstructorHandleAccessor.newInstance(DirectConstructorHandleAccessor.java:62)\r\n\tat java.base/java.lang.reflect.Constructor.newInstanceWithCaller(Constructor.java:501)\r\n\tat java.base/java.lang.reflect.Constructor.newInstance(Constructor.java:485)\r\n\tat org.openqa.selenium.remote.ErrorCodec.decode(ErrorCodec.java:167)\r\n\tat org.openqa.selenium.remote.codec.w3c.W3CHttpResponseCodec.decode(W3CHttpResponseCodec.java:138)\r\n\tat org.openqa.selenium.remote.codec.w3c.W3CHttpResponseCodec.decode(W3CHttpResponseCodec.java:50)\r\n\tat org.openqa.selenium.remote.HttpCommandExecutor.execute(HttpCommandExecutor.java:215)\r\n\tat org.openqa.selenium.remote.service.DriverCommandExecutor.invokeExecute(DriverCommandExecutor.java:216)\r\n\tat org.openqa.selenium.remote.service.DriverCommandExecutor.execute(DriverCommandExecutor.java:174)\r\n\tat org.openqa.selenium.remote.RemoteWebDriver.execute(RemoteWebDriver.java:545)\r\n\tat org.openqa.selenium.remote.ElementLocation$ElementFinder$2.findElement(ElementLocation.java:165)\r\n\tat org.openqa.selenium.remote.ElementLocation.findElement(ElementLocation.java:59)\r\n\tat org.openqa.selenium.remote.RemoteWebDriver.findElement(RemoteWebDriver.java:368)\r\n\tat org.openqa.selenium.remote.RemoteWebDriver.findElement(RemoteWebDriver.java:362)\r\n\tat Utilities.WaitUtils.lambda$0(WaitUtils.java:36)\r\n\tat org.openqa.selenium.support.ui.FluentWait.until(FluentWait.java:203)\r\n\t... 35 more\r\n"},"stage":"finished","steps":[{"name":"Wait for element to be present with locator: By.cssSelector: [title=\"Continue\"]","status":"broken","statusDetails":{"known":false,"muted":false,"flaky":false,"message":"Expected condition failed: waiting for Utilities.WaitUtils$$Lambda/0x000001815b479198@569581bd (tried for 5 second(s) with 500 milliseconds interval)","trace":"org.openqa.selenium.TimeoutException: Expected condition failed: waiting for Utilities.WaitUtils$$Lambda/0x000001815b479198@569581bd (tried for 5 second(s) with 500 milliseconds interval)\r\n\tat org.openqa.selenium.support.ui.WebDriverWait.timeoutException(WebDriverWait.java:84)\r\n\tat org.openqa.selenium.support.ui.FluentWait.until(FluentWait.java:228)\r\n\tat Utilities.WaitUtils.waitForElementToBePresent(WaitUtils.java:36)\r\n\tat Utilities.WaitUtils.lambda$1(WaitUtils.java:44)\r\n\tat org.openqa.selenium.support.ui.FluentWait.until(FluentWait.java:203)\r\n\tat Utilities.WaitUtils.waitForElementToBeVisible(WaitUtils.java:43)\r\n\tat Utilities.WaitUtils.lambda$2(WaitUtils.java:54)\r\n\tat org.openqa.selenium.support.ui.FluentWait.until(FluentWait.java:203)\r\n\tat Utilities.WaitUtils.waitForElementToBeClickable(WaitUtils.java:53)\r\n\tat Utilities.ElementUtils.clickOnElement(ElementUtils.java:36)\r\n\tat Pages.P01_LoginPage.terminateSession(P01_LoginPage.java:24)\r\n\tat Tests.TC11_SchedulingSuggestionsAdminTest.invalidSchedulingSuggestionTC(TC11_SchedulingSuggestionsAdminTest.java:61)\r\n\tat java.base/jdk.internal.reflect.DirectMethodHandleAccessor.invoke(DirectMethodHandleAccessor.java:103)\r\n\tat java.base/java.lang.reflect.Method.invoke(Method.java:580)\r\n\tat org.testng.internal.invokers.MethodInvocationHelper.invokeMethod(MethodInvocationHelper.java:141)\r\n\tat org.testng.internal.invokers.TestInvoker.invokeMethod(TestInvoker.java:687)\r\n\tat org.testng.internal.invokers.TestInvoker.invokeTestMethod(TestInvoker.java:230)\r\n\tat org.testng.internal.invokers.MethodRunner.runInSequence(MethodRunner.java:63)\r\n\tat org.testng.internal.invokers.TestInvoker$MethodInvocationAgent.invoke(TestInvoker.java:995)\r\n\tat org.testng.internal.invokers.TestInvoker.invokeTestMethods(TestInvoker.java:203)\r\n\tat org.testng.internal.invokers.TestMethodWorker.invokeTestMethods(TestMethodWorker.java:154)\r\n\tat org.testng.internal.invokers.TestMethodWorker.run(TestMethodWorker.java:134)\r\n\tat java.base/java.util.ArrayList.forEach(ArrayList.java:1597)\r\n\tat org.testng.TestRunner.privateRun(TestRunner.java:741)\r\n\tat org.testng.TestRunner.run(TestRunner.java:616)\r\n\tat org.testng.SuiteRunner.runTest(SuiteRunner.java:421)\r\n\tat org.testng.SuiteRunner.runSequentially(SuiteRunner.java:413)\r\n\tat org.testng.SuiteRunner.privateRun(SuiteRunner.java:373)\r\n\tat org.testng.SuiteRunner.run(SuiteRunner.java:312)\r\n\tat org.testng.SuiteRunnerWorker.runSuite(SuiteRunnerWorker.java:52)\r\n\tat org.testng.SuiteRunnerWorker.run(SuiteRunnerWorker.java:95)\r\n\tat org.testng.TestNG.runSuitesSequentially(TestNG.java:1274)\r\n\tat org.testng.TestNG.runSuitesLocally(TestNG.java:1208)\r\n\tat org.testng.TestNG.runSuites(TestNG.java:1112)\r\n\tat org.testng.TestNG.run(TestNG.java:1079)\r\n\tat com.intellij.rt.testng.IDEARemoteTestNG.run(IDEARemoteTestNG.java:65)\r\n\tat com.intellij.rt.testng.RemoteTestNGStarter.main(RemoteTestNGStarter.java:105)\r\nCaused by: org.openqa.selenium.NoSuchElementException: no such element: Unable to locate element: {\"method\":\"css selector\",\"selector\":\"[title=\"Continue\"]\"}\n  (Session info: chrome=137.0.7151.56)\nFor documentation on this error, please visit: https://www.selenium.dev/documentation/webdriver/troubleshooting/errors#no-such-element-exception\nBuild info: version: '4.31.0', revision: '1ef9f18787*'\nSystem info: os.name: 'Windows 10', os.arch: 'amd64', os.version: '10.0', java.version: '23.0.2'\nDriver info: org.openqa.selenium.chrome.ChromeDriver\nCommand: [6e18d15276e5c012c00588cf01975f92, findElement {using=css selector, value=[title=\"Continue\"]}]\nCapabilities {acceptInsecureCerts: false, browserName: chrome, browserVersion: 137.0.7151.56, chrome: {chromedriverVersion: 137.0.7151.68 (2989ffee9373..., userDataDir: C:\\Users\\MOHAME~1.ADE\\AppDa...}, fedcm:accounts: true, goog:chromeOptions: {debuggerAddress: localhost:55483}, networkConnectionEnabled: false, pageLoadStrategy: normal, platformName: windows, proxy: Proxy(), se:cdp: ws://localhost:55483/devtoo..., se:cdpVersion: 137.0.7151.56, setWindowRect: true, strictFileInteractability: false, timeouts: {implicit: 0, pageLoad: 300000, script: 30000}, unhandledPromptBehavior: dismiss and notify, webauthn:extension:credBlob: true, webauthn:extension:largeBlob: true, webauthn:extension:minPinLength: true, webauthn:extension:prf: true, webauthn:virtualAuthenticators: true}\nSession ID: 6e18d15276e5c012c00588cf01975f92\r\n\tat java.base/jdk.internal.reflect.DirectConstructorHandleAccessor.newInstance(DirectConstructorHandleAccessor.java:62)\r\n\tat java.base/java.lang.reflect.Constructor.newInstanceWithCaller(Constructor.java:501)\r\n\tat java.base/java.lang.reflect.Constructor.newInstance(Constructor.java:485)\r\n\tat org.openqa.selenium.remote.ErrorCodec.decode(ErrorCodec.java:167)\r\n\tat org.openqa.selenium.remote.codec.w3c.W3CHttpResponseCodec.decode(W3CHttpResponseCodec.java:138)\r\n\tat org.openqa.selenium.remote.codec.w3c.W3CHttpResponseCodec.decode(W3CHttpResponseCodec.java:50)\r\n\tat org.openqa.selenium.remote.HttpCommandExecutor.execute(HttpCommandExecutor.java:215)\r\n\tat org.openqa.selenium.remote.service.DriverCommandExecutor.invokeExecute(DriverCommandExecutor.java:216)\r\n\tat org.openqa.selenium.remote.service.DriverCommandExecutor.execute(DriverCommandExecutor.java:174)\r\n\tat org.openqa.selenium.remote.RemoteWebDriver.execute(RemoteWebDriver.java:545)\r\n\tat org.openqa.selenium.remote.ElementLocation$ElementFinder$2.findElement(ElementLocation.java:165)\r\n\tat org.openqa.selenium.remote.ElementLocation.findElement(ElementLocation.java:59)\r\n\tat org.openqa.selenium.remote.RemoteWebDriver.findElement(RemoteWebDriver.java:368)\r\n\tat org.openqa.selenium.remote.RemoteWebDriver.findElement(RemoteWebDriver.java:362)\r\n\tat Utilities.WaitUtils.lambda$0(WaitUtils.java:36)\r\n\tat org.openqa.selenium.support.ui.FluentWait.until(FluentWait.java:203)\r\n\t... 35 more\r\n"},"stage":"finished","steps":[],"attachments":[],"parameters":[{"name":"locator","value":"By.cssSelector: [title=\"Continue\"]"}],"start":1748951633174,"stop":1748951638564}],"attachments":[],"parameters":[{"name":"locator","value":"By.cssSelector: [title=\"Continue\"]"}],"start":1748951633173,"stop":1748951638564}],"attachments":[],"parameters":[{"name":"locator","value":"By.cssSelector: [title=\"Continue\"]"}],"start":1748951633173,"stop":1748951638564}],"attachments":[],"parameters":[],"start":1748951633173,"stop":1748951638565},{"name":"Assert login with valid admin credentials","status":"passed","stage":"finished","steps":[{"name":"Assert page URL","status":"passed","stage":"finished","steps":[{"name":"Get current URL","status":"passed","stage":"finished","steps":[],"attachments":[],"parameters":[],"start":1748951638566,"stop":1748951638596},{"name":"Wait for page to load with URL: http://192.168.2.97/iCodeVettPro/admin/users","status":"passed","stage":"finished","steps":[],"attachments":[],"parameters":[{"name":"url","value":"http://192.168.2.97/iCodeVettPro/admin/users"}],"start":1748951638597,"stop":1748951638604},{"name":"Soft Assert true","status":"passed","stage":"finished","steps":[],"attachments":[],"parameters":[{"name":"condition","value":"true"},{"name":"message","value":"Login with valid admin credentials failed"}],"start":1748951638604,"stop":1748951638604}],"attachments":[],"parameters":[{"name":"expectedUrl","value":"http://192.168.2.97/iCodeVettPro/admin/users"},{"name":"message","value":"Login with valid admin credentials failed"}],"start":1748951638566,"stop":1748951638604}],"attachments":[],"parameters":[],"start":1748951638565,"stop":1748951638604},{"name":"Click on Scheduling Suggestions button","status":"passed","stage":"finished","steps":[{"name":"Wait for element to be clickable with locator: By.cssSelector: [href=\"/iCodeVettPro/admin/schedulingsuggestions\"]","status":"passed","stage":"finished","steps":[{"name":"Wait for element to be visible with locator: By.cssSelector: [href=\"/iCodeVettPro/admin/schedulingsuggestions\"]","status":"passed","stage":"finished","steps":[{"name":"Wait for element to be present with locator: By.cssSelector: [href=\"/iCodeVettPro/admin/schedulingsuggestions\"]","status":"passed","stage":"finished","steps":[],"attachments":[],"parameters":[{"name":"locator","value":"By.cssSelector: [href=\"/iCodeVettPro/admin/schedulingsuggestions\"]"}],"start":1748951638604,"stop":1748951638615}],"attachments":[],"parameters":[{"name":"locator","value":"By.cssSelector: [href=\"/iCodeVettPro/admin/schedulingsuggestions\"]"}],"start":1748951638604,"stop":1748951638623}],"attachments":[],"parameters":[{"name":"locator","value":"By.cssSelector: [href=\"/iCodeVettPro/admin/schedulingsuggestions\"]"}],"start":1748951638604,"stop":1748951638628}],"attachments":[],"parameters":[],"start":1748951638604,"stop":1748951638770},{"name":"Click on Add Scheduling Suggestion button","status":"passed","stage":"finished","steps":[{"name":"Wait for element to be clickable with locator: By.cssSelector: [title=\"Add new scheduling suggestion\"]","status":"passed","stage":"finished","steps":[{"name":"Wait for element to be visible with locator: By.cssSelector: [title=\"Add new scheduling suggestion\"]","status":"passed","stage":"finished","steps":[{"name":"Wait for element to be present with locator: By.cssSelector: [title=\"Add new scheduling suggestion\"]","status":"passed","stage":"finished","steps":[],"attachments":[],"parameters":[{"name":"locator","value":"By.cssSelector: [title=\"Add new scheduling suggestion\"]"}],"start":1748951638771,"stop":1748951638804}],"attachments":[],"parameters":[{"name":"locator","value":"By.cssSelector: [title=\"Add new scheduling suggestion\"]"}],"start":1748951638771,"stop":1748951638815}],"attachments":[],"parameters":[{"name":"locator","value":"By.cssSelector: [title=\"Add new scheduling suggestion\"]"}],"start":1748951638771,"stop":1748951638823}],"attachments":[],"parameters":[],"start":1748951638770,"stop":1748951638918},{"name":"Click on Save button","status":"passed","stage":"finished","steps":[{"name":"Wait for element to be clickable with locator: By.cssSelector: [title=\"Save\"]","status":"passed","stage":"finished","steps":[{"name":"Wait for element to be visible with locator: By.cssSelector: [title=\"Save\"]","status":"passed","stage":"finished","steps":[{"name":"Wait for element to be present with locator: By.cssSelector: [title=\"Save\"]","status":"passed","stage":"finished","steps":[],"attachments":[],"parameters":[{"name":"locator","value":"By.cssSelector: [title=\"Save\"]"}],"start":1748951638919,"stop":1748951638958}],"attachments":[],"parameters":[{"name":"locator","value":"By.cssSelector: [title=\"Save\"]"}],"start":1748951638919,"stop":1748951638968}],"attachments":[],"parameters":[{"name":"locator","value":"By.cssSelector: [title=\"Save\"]"}],"start":1748951638919,"stop":1748951638980}],"attachments":[],"parameters":[],"start":1748951638918,"stop":1748951639105},{"name":"Assert visibility of empty scheduling suggestion field message","status":"passed","stage":"finished","steps":[{"name":"Wait for element to be visible with locator: By.cssSelector: [aria-label='Scheduling suggestion cannot be empty or contain spaces only, please enter a valid suggestion']","status":"passed","stage":"finished","steps":[{"name":"Wait for element to be present with locator: By.cssSelector: [aria-label='Scheduling suggestion cannot be empty or contain spaces only, please enter a valid suggestion']","status":"passed","stage":"finished","steps":[],"attachments":[],"parameters":[{"name":"locator","value":"By.cssSelector: [aria-label='Scheduling suggestion cannot be empty or contain spaces only, please enter a valid suggestion']"}],"start":1748951639106,"stop":1748951639120},{"name":"Wait for element to be present with locator: By.cssSelector: [aria-label='Scheduling suggestion cannot be empty or contain spaces only, please enter a valid suggestion']","status":"passed","stage":"finished","steps":[],"attachments":[],"parameters":[{"name":"locator","value":"By.cssSelector: [aria-label='Scheduling suggestion cannot be empty or contain spaces only, please enter a valid suggestion']"}],"start":1748951639640,"stop":1748951639659}],"attachments":[],"parameters":[{"name":"locator","value":"By.cssSelector: [aria-label='Scheduling suggestion cannot be empty or contain spaces only, please enter a valid suggestion']"}],"start":1748951639106,"stop":1748951639671},{"name":"Soft Assert true","status":"passed","stage":"finished","steps":[],"attachments":[],"parameters":[{"name":"condition","value":"true"},{"name":"message","value":"Empty scheduling suggestion field message not visible"}],"start":1748951639706,"stop":1748951639706}],"attachments":[],"parameters":[],"start":1748951639105,"stop":1748951639706}],"attachments":[{"name":"passed-invalidSchedulingSuggestionTC","source":"611e05a5-b8d0-4dc2-b7bc-3b0f1973df57-attachment"},{"name":"Logs.log","source":"2bf9ae56-e107-4564-bdd5-13de35286ef8-attachment.txt","type":"text/plain"}],"parameters":[{"name":"browser","value":"Chrome"}],"start":1748951632467,"stop":1748951639933}