[DEBUG] - [21-07-2025 20:34:23] [main] [org.testng.TestNG] - suiteXmlPath: "TestOutputs/target/DockerResources/ProjectRunner.xml"
[INFO] - [21-07-2025 20:34:25] [main] [Listeners.TestNGListeners] - Test execution started
[INFO] - [21-07-2025 20:34:25] [main] [Utilities.PropertiesUtils] - Properties file loaded successfully
[INFO] - [21-07-2025 20:34:25] [main] [Utilities.PropertiesUtils] - Properties file loaded successfully
[INFO] - [21-07-2025 20:34:25] [main] [Utilities.PropertiesUtils] - Properties file loaded successfully
[INFO] - [21-07-2025 20:34:25] [main] [Utilities.PropertiesUtils] - Properties file loaded successfully
[INFO] - [21-07-2025 20:34:25] [main] [Utilities.PropertiesUtils] - Properties file loaded successfully
[INFO] - [21-07-2025 20:34:25] [main] [Utilities.PropertiesUtils] - Properties file loaded successfully
[INFO] - [21-07-2025 20:34:25] [main] [Utilities.PropertiesUtils] - Loading properties file data
[INFO] - [21-07-2025 20:34:25] [main] [Utilities.FilesUtils] - Directory already exists: TestOutputs\allure-results
[INFO] - [21-07-2025 20:34:25] [main] [Utilities.FilesUtils] - Directory already exists: TestOutputs\allure-report
[INFO] - [21-07-2025 20:34:25] [main] [Utilities.FilesUtils] - Directory already exists: TestOutputs\Logs
[INFO] - [21-07-2025 20:34:25] [main] [Utilities.FilesUtils] - Directory created: TestOutputs\Screenshots
[INFO] - [21-07-2025 20:34:25] [main] [Utilities.FilesUtils] - Directory created: TestOutputs\ScreenRecordings
[INFO] - [21-07-2025 20:34:25] [main] [org.testng.internal.Utils] - [TestNG] Running:
  D:\Automation Course\Docker\Framework\TestOutputs\target\DockerResources\ProjectRunner.xml

[INFO] - [21-07-2025 20:34:26] [TestNG-tests-2] [Utilities.AllureUtils] - Log file attached to Allure report: TestOutputs\Logs\log_2025-07-21_20-34-23.log
[INFO] - [21-07-2025 20:34:26] [TestNG-tests-1] [Utilities.AllureUtils] - Log file attached to Allure report: TestOutputs\Logs\log_2025-07-21_20-34-23.log
[DEBUG] - [21-07-2025 20:34:26] [TestNG-tests-2] [Tests.TC01_LoginTest] - Firefox
[DEBUG] - [21-07-2025 20:34:26] [TestNG-tests-1] [Tests.TC01_LoginTest] - Chrome
[INFO] - [21-07-2025 20:34:26] [TestNG-tests-1] [Factories.RemoteDriverFactory] - Starting remote driver for browser: Chrome on platform: Linux
[INFO] - [21-07-2025 20:34:26] [TestNG-tests-2] [Factories.RemoteDriverFactory] - Starting remote driver for browser: Firefox on platform: Linux
[INFO] - [21-07-2025 20:35:02] [TestNG-tests-1] [Utilities.AllureUtils] - Log file attached to Allure report: TestOutputs\Logs\log_2025-07-21_20-34-23.log
[INFO] - [21-07-2025 20:35:02] [TestNG-tests-1] [Pages.P01_LoginPage] - Navigating to login page
[INFO] - [21-07-2025 20:35:02] [TestNG-tests-1] [Utilities.BrowserUtils] - Navigating to URL: https://www.saucedemo.com/
[INFO] - [21-07-2025 20:35:07] [TestNG-tests-2] [Utilities.AllureUtils] - Log file attached to Allure report: TestOutputs\Logs\log_2025-07-21_20-34-23.log
[INFO] - [21-07-2025 20:35:07] [TestNG-tests-2] [Pages.P01_LoginPage] - Navigating to login page
[INFO] - [21-07-2025 20:35:07] [TestNG-tests-2] [Utilities.BrowserUtils] - Navigating to URL: https://www.saucedemo.com/
[DEBUG] - [21-07-2025 20:35:08] [TestNG-tests-1] [com.jayway.jsonpath.internal.path.CompiledPath] - Evaluating path: $['validLoginCredentials']['username']
[INFO] - [21-07-2025 20:35:08] [TestNG-tests-1] [Pages.P01_LoginPage] - Entering username
[INFO] - [21-07-2025 20:35:08] [TestNG-tests-1] [Utilities.ElementUtils] - Sending standard_user to element: By.id: user-name
[INFO] - [21-07-2025 20:35:08] [TestNG-tests-1] [Utilities.WaitUtils] - Waiting for element to be visible with locator: By.id: user-name
[INFO] - [21-07-2025 20:35:08] [TestNG-tests-1] [Utilities.WaitUtils] - Waiting for element to be present with locator: By.id: user-name
[INFO] - [21-07-2025 20:35:09] [TestNG-tests-1] [Utilities.ElementUtils] - Scrolling to element with locator: By.id: user-name
[INFO] - [21-07-2025 20:35:09] [TestNG-tests-1] [Utilities.ElementUtils] - Finding element with locator: By.id: user-name
[INFO] - [21-07-2025 20:35:09] [TestNG-tests-1] [Utilities.ElementUtils] - Finding element with locator: By.id: user-name
[DEBUG] - [21-07-2025 20:35:09] [TestNG-tests-1] [com.jayway.jsonpath.internal.path.CompiledPath] - Evaluating path: $['validLoginCredentials']['password']
[INFO] - [21-07-2025 20:35:09] [TestNG-tests-1] [Pages.P01_LoginPage] - Entering password
[INFO] - [21-07-2025 20:35:09] [TestNG-tests-1] [Utilities.ElementUtils] - Sending secret_sauce to element: By.id: password
[INFO] - [21-07-2025 20:35:10] [TestNG-tests-1] [Utilities.WaitUtils] - Waiting for element to be visible with locator: By.id: password
[INFO] - [21-07-2025 20:35:10] [TestNG-tests-1] [Utilities.WaitUtils] - Waiting for element to be present with locator: By.id: password
[INFO] - [21-07-2025 20:35:10] [TestNG-tests-1] [Utilities.ElementUtils] - Scrolling to element with locator: By.id: password
[INFO] - [21-07-2025 20:35:10] [TestNG-tests-1] [Utilities.ElementUtils] - Finding element with locator: By.id: password
[INFO] - [21-07-2025 20:35:10] [TestNG-tests-1] [Utilities.ElementUtils] - Finding element with locator: By.id: password
[INFO] - [21-07-2025 20:35:10] [TestNG-tests-1] [Pages.P01_LoginPage] - Clicking login button
[INFO] - [21-07-2025 20:35:10] [TestNG-tests-1] [Utilities.ElementUtils] - Clicking on element: By.id: login-button
[INFO] - [21-07-2025 20:35:10] [TestNG-tests-1] [Utilities.WaitUtils] - Waiting for element to be clickable with locator: By.id: login-button
[INFO] - [21-07-2025 20:35:10] [TestNG-tests-1] [Utilities.WaitUtils] - Waiting for element to be visible with locator: By.id: login-button
[INFO] - [21-07-2025 20:35:10] [TestNG-tests-1] [Utilities.WaitUtils] - Waiting for element to be present with locator: By.id: login-button
[INFO] - [21-07-2025 20:35:10] [TestNG-tests-1] [Utilities.ElementUtils] - Scrolling to element with locator: By.id: login-button
[INFO] - [21-07-2025 20:35:10] [TestNG-tests-1] [Utilities.ElementUtils] - Finding element with locator: By.id: login-button
[INFO] - [21-07-2025 20:35:10] [TestNG-tests-1] [Utilities.ElementUtils] - Finding element with locator: By.id: login-button
[INFO] - [21-07-2025 20:35:11] [TestNG-tests-1] [Pages.P01_LoginPage] - Asserting login with valid credentials
[INFO] - [21-07-2025 20:35:11] [TestNG-tests-1] [Utilities.BrowserUtils] - Current URL is: https://www.saucedemo.com/inventory.html
[INFO] - [21-07-2025 20:35:11] [TestNG-tests-1] [Utilities.SoftAssertActionsUtils] - Asserting page URL
[INFO] - [21-07-2025 20:35:11] [TestNG-tests-1] [Utilities.SoftAssertActionsUtils] - Expected URL: https://www.saucedemo.com/inventory.html
[INFO] - [21-07-2025 20:35:11] [TestNG-tests-1] [Utilities.SoftAssertActionsUtils] - Actual URL: https://www.saucedemo.com/inventory.html
[INFO] - [21-07-2025 20:35:11] [TestNG-tests-1] [Utilities.WaitUtils] - Waiting for page to load with URL: https://www.saucedemo.com/inventory.html
[INFO] - [21-07-2025 20:35:11] [TestNG-tests-1] [Utilities.SoftAssertUtils] - Asserting true
[DEBUG] - [21-07-2025 20:35:14] [TestNG-tests-2] [com.jayway.jsonpath.internal.path.CompiledPath] - Evaluating path: $['validLoginCredentials']['username']
[INFO] - [21-07-2025 20:35:14] [TestNG-tests-2] [Pages.P01_LoginPage] - Entering username
[INFO] - [21-07-2025 20:35:14] [TestNG-tests-2] [Utilities.ElementUtils] - Sending standard_user to element: By.id: user-name
[INFO] - [21-07-2025 20:35:14] [TestNG-tests-2] [Utilities.WaitUtils] - Waiting for element to be visible with locator: By.id: user-name
[INFO] - [21-07-2025 20:35:14] [TestNG-tests-2] [Utilities.WaitUtils] - Waiting for element to be present with locator: By.id: user-name
[INFO] - [21-07-2025 20:35:14] [TestNG-tests-2] [Utilities.ElementUtils] - Scrolling to element with locator: By.id: user-name
[INFO] - [21-07-2025 20:35:14] [TestNG-tests-2] [Utilities.ElementUtils] - Finding element with locator: By.id: user-name
[INFO] - [21-07-2025 20:35:14] [TestNG-tests-2] [Utilities.ElementUtils] - Finding element with locator: By.id: user-name
[DEBUG] - [21-07-2025 20:35:14] [TestNG-tests-2] [com.jayway.jsonpath.internal.path.CompiledPath] - Evaluating path: $['validLoginCredentials']['password']
[INFO] - [21-07-2025 20:35:14] [TestNG-tests-2] [Pages.P01_LoginPage] - Entering password
[INFO] - [21-07-2025 20:35:14] [TestNG-tests-2] [Utilities.ElementUtils] - Sending secret_sauce to element: By.id: password
[INFO] - [21-07-2025 20:35:14] [TestNG-tests-2] [Utilities.WaitUtils] - Waiting for element to be visible with locator: By.id: password
[INFO] - [21-07-2025 20:35:14] [TestNG-tests-2] [Utilities.WaitUtils] - Waiting for element to be present with locator: By.id: password
[INFO] - [21-07-2025 20:35:14] [TestNG-tests-2] [Utilities.ElementUtils] - Scrolling to element with locator: By.id: password
[INFO] - [21-07-2025 20:35:14] [TestNG-tests-2] [Utilities.ElementUtils] - Finding element with locator: By.id: password
[INFO] - [21-07-2025 20:35:15] [TestNG-tests-2] [Utilities.ElementUtils] - Finding element with locator: By.id: password
[INFO] - [21-07-2025 20:35:15] [TestNG-tests-2] [Pages.P01_LoginPage] - Clicking login button
[INFO] - [21-07-2025 20:35:15] [TestNG-tests-2] [Utilities.ElementUtils] - Clicking on element: By.id: login-button
[INFO] - [21-07-2025 20:35:15] [TestNG-tests-2] [Utilities.WaitUtils] - Waiting for element to be clickable with locator: By.id: login-button
[INFO] - [21-07-2025 20:35:15] [TestNG-tests-2] [Utilities.WaitUtils] - Waiting for element to be visible with locator: By.id: login-button
[INFO] - [21-07-2025 20:35:15] [TestNG-tests-2] [Utilities.WaitUtils] - Waiting for element to be present with locator: By.id: login-button
[INFO] - [21-07-2025 20:35:15] [TestNG-tests-2] [Utilities.ElementUtils] - Scrolling to element with locator: By.id: login-button
[INFO] - [21-07-2025 20:35:15] [TestNG-tests-2] [Utilities.ElementUtils] - Finding element with locator: By.id: login-button
[INFO] - [21-07-2025 20:35:15] [TestNG-tests-2] [Utilities.ElementUtils] - Finding element with locator: By.id: login-button
[INFO] - [21-07-2025 20:35:15] [TestNG-tests-2] [Pages.P01_LoginPage] - Asserting login with valid credentials
[INFO] - [21-07-2025 20:35:15] [TestNG-tests-2] [Utilities.BrowserUtils] - Current URL is: https://www.saucedemo.com/inventory.html
[INFO] - [21-07-2025 20:35:15] [TestNG-tests-2] [Utilities.SoftAssertActionsUtils] - Asserting page URL
[INFO] - [21-07-2025 20:35:15] [TestNG-tests-2] [Utilities.SoftAssertActionsUtils] - Expected URL: https://www.saucedemo.com/inventory.html
[INFO] - [21-07-2025 20:35:15] [TestNG-tests-2] [Utilities.SoftAssertActionsUtils] - Actual URL: https://www.saucedemo.com/inventory.html
[INFO] - [21-07-2025 20:35:15] [TestNG-tests-2] [Utilities.WaitUtils] - Waiting for page to load with URL: https://www.saucedemo.com/inventory.html
[INFO] - [21-07-2025 20:35:15] [TestNG-tests-2] [Utilities.SoftAssertUtils] - Asserting true
[INFO] - [21-07-2025 20:35:16] [TestNG-tests-1] [Utilities.ScreenRecorderUtils] - Recording stopped
[ERROR] - [21-07-2025 20:35:16] [TestNG-tests-1] [Utilities.ScreenRecorderUtils] - Error stopping screen recording: Cannot invoke "org.monte.screenrecorder.ScreenRecorder.stop()" because "Utilities.ScreenRecorderUtils.screenRecorder" is null
[INFO] - [21-07-2025 20:35:17] [TestNG-tests-1] [Utilities.ScreenshotsUtils] - Screenshot taken: TestOutputs\Screenshots\passed-loginWithValidAdminCredentialsTC-2025-07-21_20-35-17.png
[INFO] - [21-07-2025 20:35:17] [TestNG-tests-1] [Utilities.AllureUtils] - Screenshot attached to Allure report: TestOutputs\Screenshots\passed-loginWithValidAdminCredentialsTC-2025-07-21_20-35-17.png
[INFO] - [21-07-2025 20:35:17] [TestNG-tests-1] [Utilities.AllureUtils] - Log file attached to Allure report: TestOutputs\Logs\log_2025-07-21_20-34-23.log
[INFO] - [21-07-2025 20:35:17] [TestNG-tests-1] [Listeners.TestNGListeners] - Test loginWithValidAdminCredentialsTC passed
[INFO] - [21-07-2025 20:35:17] [TestNG-tests-1] [Utilities.BrowserUtils] - Quitting the browser
[INFO] - [21-07-2025 20:35:17] [TestNG-tests-1] [Factories.DriverFactory] - Removing driver
[INFO] - [21-07-2025 20:35:17] [TestNG-tests-1] [Utilities.AllureUtils] - Log file attached to Allure report: TestOutputs\Logs\log_2025-07-21_20-34-23.log
[INFO] - [21-07-2025 20:35:17] [TestNG-tests-1] [Utilities.AllureUtils] - Log file attached to Allure report: TestOutputs\Logs\log_2025-07-21_20-34-23.log
[DEBUG] - [21-07-2025 20:35:17] [TestNG-tests-1] [Tests.TC02_ProductsPage] - Chrome
[INFO] - [21-07-2025 20:35:17] [TestNG-tests-1] [Factories.RemoteDriverFactory] - Starting remote driver for browser: Chrome on platform: Linux
[INFO] - [21-07-2025 20:35:17] [TestNG-tests-1] [Utilities.AllureUtils] - Log file attached to Allure report: TestOutputs\Logs\log_2025-07-21_20-34-23.log
[INFO] - [21-07-2025 20:35:17] [TestNG-tests-1] [Pages.P01_LoginPage] - Navigating to login page
[INFO] - [21-07-2025 20:35:17] [TestNG-tests-1] [Utilities.BrowserUtils] - Navigating to URL: https://www.saucedemo.com/
[DEBUG] - [21-07-2025 20:35:20] [TestNG-tests-1] [com.jayway.jsonpath.internal.path.CompiledPath] - Evaluating path: $['validLoginCredentials']['username']
[INFO] - [21-07-2025 20:35:20] [TestNG-tests-1] [Pages.P01_LoginPage] - Entering username
[INFO] - [21-07-2025 20:35:20] [TestNG-tests-1] [Utilities.ElementUtils] - Sending standard_user to element: By.id: user-name
[INFO] - [21-07-2025 20:35:20] [TestNG-tests-1] [Utilities.WaitUtils] - Waiting for element to be visible with locator: By.id: user-name
[INFO] - [21-07-2025 20:35:20] [TestNG-tests-1] [Utilities.WaitUtils] - Waiting for element to be present with locator: By.id: user-name
[INFO] - [21-07-2025 20:35:20] [TestNG-tests-1] [Utilities.ElementUtils] - Scrolling to element with locator: By.id: user-name
[INFO] - [21-07-2025 20:35:20] [TestNG-tests-1] [Utilities.ElementUtils] - Finding element with locator: By.id: user-name
[INFO] - [21-07-2025 20:35:20] [TestNG-tests-1] [Utilities.ElementUtils] - Finding element with locator: By.id: user-name
[DEBUG] - [21-07-2025 20:35:20] [TestNG-tests-1] [com.jayway.jsonpath.internal.path.CompiledPath] - Evaluating path: $['validLoginCredentials']['password']
[INFO] - [21-07-2025 20:35:20] [TestNG-tests-1] [Pages.P01_LoginPage] - Entering password
[INFO] - [21-07-2025 20:35:20] [TestNG-tests-1] [Utilities.ElementUtils] - Sending secret_sauce to element: By.id: password
[INFO] - [21-07-2025 20:35:20] [TestNG-tests-1] [Utilities.WaitUtils] - Waiting for element to be visible with locator: By.id: password
[INFO] - [21-07-2025 20:35:20] [TestNG-tests-1] [Utilities.WaitUtils] - Waiting for element to be present with locator: By.id: password
[INFO] - [21-07-2025 20:35:20] [TestNG-tests-1] [Utilities.ElementUtils] - Scrolling to element with locator: By.id: password
[INFO] - [21-07-2025 20:35:20] [TestNG-tests-1] [Utilities.ElementUtils] - Finding element with locator: By.id: password
[INFO] - [21-07-2025 20:35:20] [TestNG-tests-1] [Utilities.ElementUtils] - Finding element with locator: By.id: password
[INFO] - [21-07-2025 20:35:20] [TestNG-tests-1] [Pages.P01_LoginPage] - Clicking login button
[INFO] - [21-07-2025 20:35:20] [TestNG-tests-1] [Utilities.ElementUtils] - Clicking on element: By.id: login-button
[INFO] - [21-07-2025 20:35:20] [TestNG-tests-1] [Utilities.WaitUtils] - Waiting for element to be clickable with locator: By.id: login-button
[INFO] - [21-07-2025 20:35:20] [TestNG-tests-1] [Utilities.WaitUtils] - Waiting for element to be visible with locator: By.id: login-button
[INFO] - [21-07-2025 20:35:20] [TestNG-tests-1] [Utilities.WaitUtils] - Waiting for element to be present with locator: By.id: login-button
[INFO] - [21-07-2025 20:35:20] [TestNG-tests-1] [Utilities.ElementUtils] - Scrolling to element with locator: By.id: login-button
[INFO] - [21-07-2025 20:35:20] [TestNG-tests-1] [Utilities.ElementUtils] - Finding element with locator: By.id: login-button
[INFO] - [21-07-2025 20:35:20] [TestNG-tests-1] [Utilities.ElementUtils] - Finding element with locator: By.id: login-button
[INFO] - [21-07-2025 20:35:20] [TestNG-tests-2] [Utilities.ScreenRecorderUtils] - Recording stopped
[ERROR] - [21-07-2025 20:35:20] [TestNG-tests-2] [Utilities.ScreenRecorderUtils] - Error stopping screen recording: Cannot invoke "org.monte.screenrecorder.ScreenRecorder.stop()" because "Utilities.ScreenRecorderUtils.screenRecorder" is null
[INFO] - [21-07-2025 20:35:20] [TestNG-tests-1] [Pages.P01_LoginPage] - Asserting login with valid credentials
[INFO] - [21-07-2025 20:35:20] [TestNG-tests-1] [Utilities.BrowserUtils] - Current URL is: https://www.saucedemo.com/inventory.html
[INFO] - [21-07-2025 20:35:20] [TestNG-tests-1] [Utilities.SoftAssertActionsUtils] - Asserting page URL
[INFO] - [21-07-2025 20:35:20] [TestNG-tests-1] [Utilities.SoftAssertActionsUtils] - Expected URL: https://www.saucedemo.com/inventory.html
[INFO] - [21-07-2025 20:35:20] [TestNG-tests-1] [Utilities.SoftAssertActionsUtils] - Actual URL: https://www.saucedemo.com/inventory.html
[INFO] - [21-07-2025 20:35:20] [TestNG-tests-1] [Utilities.WaitUtils] - Waiting for page to load with URL: https://www.saucedemo.com/inventory.html
[INFO] - [21-07-2025 20:35:20] [TestNG-tests-1] [Utilities.SoftAssertUtils] - Asserting true
[INFO] - [21-07-2025 20:35:20] [TestNG-tests-1] [Pages.P02_ProductsPage] - Clicking on Sauce Labs Backpack Add to Cart button
[INFO] - [21-07-2025 20:35:20] [TestNG-tests-1] [Utilities.ElementUtils] - Clicking on element: By.id: add-to-cart-sauce-labs-backpack
[INFO] - [21-07-2025 20:35:20] [TestNG-tests-1] [Utilities.WaitUtils] - Waiting for element to be clickable with locator: By.id: add-to-cart-sauce-labs-backpack
[INFO] - [21-07-2025 20:35:20] [TestNG-tests-1] [Utilities.WaitUtils] - Waiting for element to be visible with locator: By.id: add-to-cart-sauce-labs-backpack
[INFO] - [21-07-2025 20:35:20] [TestNG-tests-1] [Utilities.WaitUtils] - Waiting for element to be present with locator: By.id: add-to-cart-sauce-labs-backpack
[INFO] - [21-07-2025 20:35:20] [TestNG-tests-1] [Utilities.ElementUtils] - Scrolling to element with locator: By.id: add-to-cart-sauce-labs-backpack
[INFO] - [21-07-2025 20:35:20] [TestNG-tests-1] [Utilities.ElementUtils] - Finding element with locator: By.id: add-to-cart-sauce-labs-backpack
[INFO] - [21-07-2025 20:35:21] [TestNG-tests-1] [Utilities.ElementUtils] - Finding element with locator: By.id: add-to-cart-sauce-labs-backpack
[INFO] - [21-07-2025 20:35:21] [TestNG-tests-2] [Utilities.ScreenshotsUtils] - Screenshot taken: TestOutputs\Screenshots\passed-loginWithValidAdminCredentialsTC-2025-07-21_20-35-21.png
[INFO] - [21-07-2025 20:35:21] [TestNG-tests-2] [Utilities.AllureUtils] - Screenshot attached to Allure report: TestOutputs\Screenshots\passed-loginWithValidAdminCredentialsTC-2025-07-21_20-35-21.png
[INFO] - [21-07-2025 20:35:21] [TestNG-tests-2] [Utilities.AllureUtils] - Log file attached to Allure report: TestOutputs\Logs\log_2025-07-21_20-34-23.log
[INFO] - [21-07-2025 20:35:21] [TestNG-tests-2] [Listeners.TestNGListeners] - Test loginWithValidAdminCredentialsTC passed
[INFO] - [21-07-2025 20:35:21] [TestNG-tests-2] [Utilities.BrowserUtils] - Quitting the browser
[INFO] - [21-07-2025 20:35:21] [TestNG-tests-1] [Pages.P02_ProductsPage] - Asserting number of items in cart
[INFO] - [21-07-2025 20:35:21] [TestNG-tests-1] [Pages.P02_ProductsPage] - Getting number of items in cart
[INFO] - [21-07-2025 20:35:21] [TestNG-tests-1] [Utilities.ElementUtils] - Getting data from element: By.cssSelector: [data-test="shopping-cart-badge"]
[INFO] - [21-07-2025 20:35:21] [TestNG-tests-1] [Utilities.WaitUtils] - Waiting for element to be visible with locator: By.cssSelector: [data-test="shopping-cart-badge"]
[INFO] - [21-07-2025 20:35:21] [TestNG-tests-1] [Utilities.WaitUtils] - Waiting for element to be present with locator: By.cssSelector: [data-test="shopping-cart-badge"]
[INFO] - [21-07-2025 20:35:21] [TestNG-tests-1] [Utilities.ElementUtils] - Scrolling to element with locator: By.cssSelector: [data-test="shopping-cart-badge"]
[INFO] - [21-07-2025 20:35:21] [TestNG-tests-1] [Utilities.ElementUtils] - Finding element with locator: By.cssSelector: [data-test="shopping-cart-badge"]
[INFO] - [21-07-2025 20:35:21] [TestNG-tests-1] [Utilities.ElementUtils] - Finding element with locator: By.cssSelector: [data-test="shopping-cart-badge"]
[INFO] - [21-07-2025 20:35:21] [TestNG-tests-1] [Utilities.SoftAssertUtils] - Asserting equals
[INFO] - [21-07-2025 20:35:21] [TestNG-tests-1] [Utilities.ScreenRecorderUtils] - Recording stopped
[ERROR] - [21-07-2025 20:35:21] [TestNG-tests-1] [Utilities.ScreenRecorderUtils] - Error stopping screen recording: Cannot invoke "org.monte.screenrecorder.ScreenRecorder.stop()" because "Utilities.ScreenRecorderUtils.screenRecorder" is null
[INFO] - [21-07-2025 20:35:21] [TestNG-tests-1] [Utilities.ScreenshotsUtils] - Screenshot taken: TestOutputs\Screenshots\passed-addProductsToCart-2025-07-21_20-35-21.png
[INFO] - [21-07-2025 20:35:21] [TestNG-tests-1] [Utilities.AllureUtils] - Screenshot attached to Allure report: TestOutputs\Screenshots\passed-addProductsToCart-2025-07-21_20-35-21.png
[INFO] - [21-07-2025 20:35:21] [TestNG-tests-1] [Utilities.AllureUtils] - Log file attached to Allure report: TestOutputs\Logs\log_2025-07-21_20-34-23.log
[INFO] - [21-07-2025 20:35:21] [TestNG-tests-1] [Listeners.TestNGListeners] - Test addProductsToCart passed
[INFO] - [21-07-2025 20:35:21] [TestNG-tests-1] [Utilities.BrowserUtils] - Quitting the browser
[INFO] - [21-07-2025 20:35:21] [TestNG-tests-1] [Factories.DriverFactory] - Removing driver
[INFO] - [21-07-2025 20:35:21] [TestNG-tests-1] [Utilities.AllureUtils] - Log file attached to Allure report: TestOutputs\Logs\log_2025-07-21_20-34-23.log
[INFO] - [21-07-2025 20:35:23] [TestNG-tests-2] [Factories.DriverFactory] - Removing driver
[INFO] - [21-07-2025 20:35:23] [TestNG-tests-2] [Utilities.AllureUtils] - Log file attached to Allure report: TestOutputs\Logs\log_2025-07-21_20-34-23.log
[INFO] - [21-07-2025 20:35:23] [TestNG-tests-2] [Utilities.AllureUtils] - Log file attached to Allure report: TestOutputs\Logs\log_2025-07-21_20-34-23.log
[DEBUG] - [21-07-2025 20:35:23] [TestNG-tests-2] [Tests.TC02_ProductsPage] - Firefox
[INFO] - [21-07-2025 20:35:23] [TestNG-tests-2] [Factories.RemoteDriverFactory] - Starting remote driver for browser: Firefox on platform: Linux
[INFO] - [21-07-2025 20:35:27] [TestNG-tests-2] [Utilities.AllureUtils] - Log file attached to Allure report: TestOutputs\Logs\log_2025-07-21_20-34-23.log
[INFO] - [21-07-2025 20:35:27] [TestNG-tests-2] [Pages.P01_LoginPage] - Navigating to login page
[INFO] - [21-07-2025 20:35:27] [TestNG-tests-2] [Utilities.BrowserUtils] - Navigating to URL: https://www.saucedemo.com/
[DEBUG] - [21-07-2025 20:35:30] [TestNG-tests-2] [com.jayway.jsonpath.internal.path.CompiledPath] - Evaluating path: $['validLoginCredentials']['username']
[INFO] - [21-07-2025 20:35:30] [TestNG-tests-2] [Pages.P01_LoginPage] - Entering username
[INFO] - [21-07-2025 20:35:30] [TestNG-tests-2] [Utilities.ElementUtils] - Sending standard_user to element: By.id: user-name
[INFO] - [21-07-2025 20:35:30] [TestNG-tests-2] [Utilities.WaitUtils] - Waiting for element to be visible with locator: By.id: user-name
[INFO] - [21-07-2025 20:35:30] [TestNG-tests-2] [Utilities.WaitUtils] - Waiting for element to be present with locator: By.id: user-name
[INFO] - [21-07-2025 20:35:30] [TestNG-tests-2] [Utilities.ElementUtils] - Scrolling to element with locator: By.id: user-name
[INFO] - [21-07-2025 20:35:30] [TestNG-tests-2] [Utilities.ElementUtils] - Finding element with locator: By.id: user-name
[INFO] - [21-07-2025 20:35:30] [TestNG-tests-2] [Utilities.ElementUtils] - Finding element with locator: By.id: user-name
[DEBUG] - [21-07-2025 20:35:30] [TestNG-tests-2] [com.jayway.jsonpath.internal.path.CompiledPath] - Evaluating path: $['validLoginCredentials']['password']
[INFO] - [21-07-2025 20:35:30] [TestNG-tests-2] [Pages.P01_LoginPage] - Entering password
[INFO] - [21-07-2025 20:35:30] [TestNG-tests-2] [Utilities.ElementUtils] - Sending secret_sauce to element: By.id: password
[INFO] - [21-07-2025 20:35:30] [TestNG-tests-2] [Utilities.WaitUtils] - Waiting for element to be visible with locator: By.id: password
[INFO] - [21-07-2025 20:35:30] [TestNG-tests-2] [Utilities.WaitUtils] - Waiting for element to be present with locator: By.id: password
[INFO] - [21-07-2025 20:35:30] [TestNG-tests-2] [Utilities.ElementUtils] - Scrolling to element with locator: By.id: password
[INFO] - [21-07-2025 20:35:30] [TestNG-tests-2] [Utilities.ElementUtils] - Finding element with locator: By.id: password
[INFO] - [21-07-2025 20:35:30] [TestNG-tests-2] [Utilities.ElementUtils] - Finding element with locator: By.id: password
[INFO] - [21-07-2025 20:35:30] [TestNG-tests-2] [Pages.P01_LoginPage] - Clicking login button
[INFO] - [21-07-2025 20:35:30] [TestNG-tests-2] [Utilities.ElementUtils] - Clicking on element: By.id: login-button
[INFO] - [21-07-2025 20:35:30] [TestNG-tests-2] [Utilities.WaitUtils] - Waiting for element to be clickable with locator: By.id: login-button
[INFO] - [21-07-2025 20:35:30] [TestNG-tests-2] [Utilities.WaitUtils] - Waiting for element to be visible with locator: By.id: login-button
[INFO] - [21-07-2025 20:35:30] [TestNG-tests-2] [Utilities.WaitUtils] - Waiting for element to be present with locator: By.id: login-button
[INFO] - [21-07-2025 20:35:31] [TestNG-tests-2] [Utilities.ElementUtils] - Scrolling to element with locator: By.id: login-button
[INFO] - [21-07-2025 20:35:31] [TestNG-tests-2] [Utilities.ElementUtils] - Finding element with locator: By.id: login-button
[INFO] - [21-07-2025 20:35:31] [TestNG-tests-2] [Utilities.ElementUtils] - Finding element with locator: By.id: login-button
[INFO] - [21-07-2025 20:35:31] [TestNG-tests-2] [Pages.P01_LoginPage] - Asserting login with valid credentials
[INFO] - [21-07-2025 20:35:31] [TestNG-tests-2] [Utilities.BrowserUtils] - Current URL is: https://www.saucedemo.com/inventory.html
[INFO] - [21-07-2025 20:35:31] [TestNG-tests-2] [Utilities.SoftAssertActionsUtils] - Asserting page URL
[INFO] - [21-07-2025 20:35:31] [TestNG-tests-2] [Utilities.SoftAssertActionsUtils] - Expected URL: https://www.saucedemo.com/inventory.html
[INFO] - [21-07-2025 20:35:31] [TestNG-tests-2] [Utilities.SoftAssertActionsUtils] - Actual URL: https://www.saucedemo.com/inventory.html
[INFO] - [21-07-2025 20:35:31] [TestNG-tests-2] [Utilities.WaitUtils] - Waiting for page to load with URL: https://www.saucedemo.com/inventory.html
[INFO] - [21-07-2025 20:35:31] [TestNG-tests-2] [Utilities.SoftAssertUtils] - Asserting true
[INFO] - [21-07-2025 20:35:31] [TestNG-tests-2] [Pages.P02_ProductsPage] - Clicking on Sauce Labs Backpack Add to Cart button
[INFO] - [21-07-2025 20:35:31] [TestNG-tests-2] [Utilities.ElementUtils] - Clicking on element: By.id: add-to-cart-sauce-labs-backpack
[INFO] - [21-07-2025 20:35:31] [TestNG-tests-2] [Utilities.WaitUtils] - Waiting for element to be clickable with locator: By.id: add-to-cart-sauce-labs-backpack
[INFO] - [21-07-2025 20:35:31] [TestNG-tests-2] [Utilities.WaitUtils] - Waiting for element to be visible with locator: By.id: add-to-cart-sauce-labs-backpack
[INFO] - [21-07-2025 20:35:31] [TestNG-tests-2] [Utilities.WaitUtils] - Waiting for element to be present with locator: By.id: add-to-cart-sauce-labs-backpack
[INFO] - [21-07-2025 20:35:31] [TestNG-tests-2] [Utilities.ElementUtils] - Scrolling to element with locator: By.id: add-to-cart-sauce-labs-backpack
[INFO] - [21-07-2025 20:35:31] [TestNG-tests-2] [Utilities.ElementUtils] - Finding element with locator: By.id: add-to-cart-sauce-labs-backpack
[INFO] - [21-07-2025 20:35:31] [TestNG-tests-2] [Utilities.ElementUtils] - Finding element with locator: By.id: add-to-cart-sauce-labs-backpack
[INFO] - [21-07-2025 20:35:31] [TestNG-tests-2] [Pages.P02_ProductsPage] - Asserting number of items in cart
[INFO] - [21-07-2025 20:35:31] [TestNG-tests-2] [Pages.P02_ProductsPage] - Getting number of items in cart
[INFO] - [21-07-2025 20:35:31] [TestNG-tests-2] [Utilities.ElementUtils] - Getting data from element: By.cssSelector: [data-test="shopping-cart-badge"]
[INFO] - [21-07-2025 20:35:31] [TestNG-tests-2] [Utilities.WaitUtils] - Waiting for element to be visible with locator: By.cssSelector: [data-test="shopping-cart-badge"]
[INFO] - [21-07-2025 20:35:31] [TestNG-tests-2] [Utilities.WaitUtils] - Waiting for element to be present with locator: By.cssSelector: [data-test="shopping-cart-badge"]
[INFO] - [21-07-2025 20:35:31] [TestNG-tests-2] [Utilities.ElementUtils] - Scrolling to element with locator: By.cssSelector: [data-test="shopping-cart-badge"]
[INFO] - [21-07-2025 20:35:31] [TestNG-tests-2] [Utilities.ElementUtils] - Finding element with locator: By.cssSelector: [data-test="shopping-cart-badge"]
[INFO] - [21-07-2025 20:35:31] [TestNG-tests-2] [Utilities.ElementUtils] - Finding element with locator: By.cssSelector: [data-test="shopping-cart-badge"]
[INFO] - [21-07-2025 20:35:31] [TestNG-tests-2] [Utilities.SoftAssertUtils] - Asserting equals
[INFO] - [21-07-2025 20:35:31] [TestNG-tests-2] [Utilities.ScreenRecorderUtils] - Recording stopped
[ERROR] - [21-07-2025 20:35:31] [TestNG-tests-2] [Utilities.ScreenRecorderUtils] - Error stopping screen recording: Cannot invoke "org.monte.screenrecorder.ScreenRecorder.stop()" because "Utilities.ScreenRecorderUtils.screenRecorder" is null
[INFO] - [21-07-2025 20:35:31] [TestNG-tests-2] [Utilities.ScreenshotsUtils] - Screenshot taken: TestOutputs\Screenshots\passed-addProductsToCart-2025-07-21_20-35-31.png
[INFO] - [21-07-2025 20:35:31] [TestNG-tests-2] [Utilities.AllureUtils] - Screenshot attached to Allure report: TestOutputs\Screenshots\passed-addProductsToCart-2025-07-21_20-35-31.png
