{"uuid":"8456abe1-456e-4282-b3f4-535bb28eca2c","historyId":"c7dd93ce1a742c7fbc91a4f79660e672","fullName":"Tests.TC01_LoginTest.loginWithValidCredentialsTC","labels":[{"name":"package","value":"Tests.TC01_LoginTest"},{"name":"testClass","value":"Tests.TC01_LoginTest"},{"name":"testMethod","value":"loginWithValidCredentialsTC"},{"name":"parentSuite","value":"Default Suite"},{"name":"suite","value":"iCode"},{"name":"subSuite","value":"Tests.TC01_LoginTest"},{"name":"host","value":"DESKTOP-S8RQRUM"},{"name":"thread","value":"7584@DESKTOP-S8RQRUM.main(1)"},{"name":"framework","value":"testng"},{"name":"language","value":"java"}],"links":[],"name":"loginWithValidCredentialsTC","status":"failed","statusDetails":{"known":false,"muted":false,"flaky":false,"message":"Login with valid credentials failed expected [https://www.saucedemo.com/inventory.htm] but found [https://www.saucedemo.com/inventory.html]","trace":"java.lang.AssertionError: Login with valid credentials failed expected [https://www.saucedemo.com/inventory.htm] but found [https://www.saucedemo.com/inventory.html]\r\n\tat org.testng.Assert.fail(Assert.java:111)\r\n\tat org.testng.Assert.failNotEquals(Assert.java:1590)\r\n\tat org.testng.Assert.assertEqualsImpl(Assert.java:150)\r\n\tat org.testng.Assert.assertEquals(Assert.java:132)\r\n\tat Utilities.SoftAssertUtils.softAssertEquals(SoftAssertUtils.java:42)\r\n\tat Utilities.SoftAssertActionsUtils.assertPageUrl(SoftAssertActionsUtils.java:21)\r\n\tat Pages.P01_LoginPage.assertLoginWithValidCredentials(P01_LoginPage.java:52)\r\n\tat Tests.TC01_LoginTest.loginWithValidCredentialsTC(TC01_LoginTest.java:22)\r\n\tat java.base/jdk.internal.reflect.DirectMethodHandleAccessor.invoke(DirectMethodHandleAccessor.java:103)\r\n\tat java.base/java.lang.reflect.Method.invoke(Method.java:580)\r\n\tat org.testng.internal.invokers.MethodInvocationHelper.invokeMethod(MethodInvocationHelper.java:141)\r\n\tat org.testng.internal.invokers.TestInvoker.invokeMethod(TestInvoker.java:687)\r\n\tat org.testng.internal.invokers.TestInvoker.invokeTestMethod(TestInvoker.java:230)\r\n\tat org.testng.internal.invokers.MethodRunner.runInSequence(MethodRunner.java:63)\r\n\tat org.testng.internal.invokers.TestInvoker$MethodInvocationAgent.invoke(TestInvoker.java:995)\r\n\tat org.testng.internal.invokers.TestInvoker.invokeTestMethods(TestInvoker.java:203)\r\n\tat org.testng.internal.invokers.TestMethodWorker.invokeTestMethods(TestMethodWorker.java:154)\r\n\tat org.testng.internal.invokers.TestMethodWorker.run(TestMethodWorker.java:134)\r\n\tat java.base/java.util.ArrayList.forEach(ArrayList.java:1597)\r\n\tat org.testng.TestRunner.privateRun(TestRunner.java:741)\r\n\tat org.testng.TestRunner.run(TestRunner.java:616)\r\n\tat org.testng.SuiteRunner.runTest(SuiteRunner.java:421)\r\n\tat org.testng.SuiteRunner.runSequentially(SuiteRunner.java:413)\r\n\tat org.testng.SuiteRunner.privateRun(SuiteRunner.java:373)\r\n\tat org.testng.SuiteRunner.run(SuiteRunner.java:312)\r\n\tat org.testng.SuiteRunnerWorker.runSuite(SuiteRunnerWorker.java:52)\r\n\tat org.testng.SuiteRunnerWorker.run(SuiteRunnerWorker.java:95)\r\n\tat org.testng.TestNG.runSuitesSequentially(TestNG.java:1274)\r\n\tat org.testng.TestNG.runSuitesLocally(TestNG.java:1208)\r\n\tat org.testng.TestNG.runSuites(TestNG.java:1112)\r\n\tat org.testng.TestNG.run(TestNG.java:1079)\r\n\tat com.intellij.rt.testng.IDEARemoteTestNG.run(IDEARemoteTestNG.java:65)\r\n\tat com.intellij.rt.testng.RemoteTestNGStarter.main(RemoteTestNGStarter.java:105)\r\n"},"stage":"finished","steps":[{"name":"Navigate to login page","status":"passed","stage":"finished","steps":[{"name":"Navigate to URL: https://www.saucedemo.com/","status":"passed","stage":"finished","steps":[],"attachments":[],"parameters":[{"name":"url","value":"https://www.saucedemo.com/"}],"start":1746119469446,"stop":1746119470107}],"attachments":[],"parameters":[{"name":"url","value":"https://www.saucedemo.com/"}],"start":1746119469427,"stop":1746119470107},{"name":"Enter username","status":"passed","stage":"finished","steps":[{"name":"Wait for element to be visible with locator: By.id: user-name","status":"passed","stage":"finished","steps":[{"name":"Wait for element to be present with locator: By.id: user-name","status":"passed","stage":"finished","steps":[],"attachments":[],"parameters":[{"name":"locator","value":"By.id: user-name"}],"start":1746119470229,"stop":1746119470248}],"attachments":[],"parameters":[{"name":"locator","value":"By.id: user-name"}],"start":1746119470221,"stop":1746119470276},{"name":"Scroll to element with locator: By.id: user-name","status":"passed","stage":"finished","steps":[],"attachments":[],"parameters":[{"name":"locator","value":"By.id: user-name"}],"start":1746119470276,"stop":1746119470295}],"attachments":[],"parameters":[{"name":"username","value":"standard_user"}],"start":1746119470202,"stop":1746119470359},{"name":"Enter password","status":"passed","stage":"finished","steps":[{"name":"Wait for element to be visible with locator: By.id: password","status":"passed","stage":"finished","steps":[{"name":"Wait for element to be present with locator: By.id: password","status":"passed","stage":"finished","steps":[],"attachments":[],"parameters":[{"name":"locator","value":"By.id: password"}],"start":1746119470362,"stop":1746119470371}],"attachments":[],"parameters":[{"name":"locator","value":"By.id: password"}],"start":1746119470361,"stop":1746119470380},{"name":"Scroll to element with locator: By.id: password","status":"passed","stage":"finished","steps":[],"attachments":[],"parameters":[{"name":"locator","value":"By.id: password"}],"start":1746119470380,"stop":1746119470392}],"attachments":[],"parameters":[{"name":"password","value":"secret_sauce"}],"start":1746119470360,"stop":1746119470444},{"name":"Click login button","status":"passed","stage":"finished","steps":[{"name":"Wait for element to be clickable with locator: By.id: login-button","status":"passed","stage":"finished","steps":[{"name":"Wait for element to be visible with locator: By.id: login-button","status":"passed","stage":"finished","steps":[{"name":"Wait for element to be present with locator: By.id: login-button","status":"passed","stage":"finished","steps":[],"attachments":[],"parameters":[{"name":"locator","value":"By.id: login-button"}],"start":1746119470447,"stop":1746119470457}],"attachments":[],"parameters":[{"name":"locator","value":"By.id: login-button"}],"start":1746119470446,"stop":1746119470464}],"attachments":[],"parameters":[{"name":"locator","value":"By.id: login-button"}],"start":1746119470446,"stop":1746119470469},{"name":"Scroll to element with locator: By.id: login-button","status":"passed","stage":"finished","steps":[],"attachments":[],"parameters":[{"name":"locator","value":"By.id: login-button"}],"start":1746119470470,"stop":1746119470484}],"attachments":[],"parameters":[],"start":1746119470445,"stop":1746119470575},{"name":"Assert login with valid credentials","status":"failed","statusDetails":{"known":false,"muted":false,"flaky":false,"message":"Login with valid credentials failed expected [https://www.saucedemo.com/inventory.htm] but found [https://www.saucedemo.com/inventory.html]","trace":"java.lang.AssertionError: Login with valid credentials failed expected [https://www.saucedemo.com/inventory.htm] but found [https://www.saucedemo.com/inventory.html]\r\n\tat org.testng.Assert.fail(Assert.java:111)\r\n\tat org.testng.Assert.failNotEquals(Assert.java:1590)\r\n\tat org.testng.Assert.assertEqualsImpl(Assert.java:150)\r\n\tat org.testng.Assert.assertEquals(Assert.java:132)\r\n\tat Utilities.SoftAssertUtils.softAssertEquals(SoftAssertUtils.java:42)\r\n\tat Utilities.SoftAssertActionsUtils.assertPageUrl(SoftAssertActionsUtils.java:21)\r\n\tat Pages.P01_LoginPage.assertLoginWithValidCredentials(P01_LoginPage.java:52)\r\n\tat Tests.TC01_LoginTest.loginWithValidCredentialsTC(TC01_LoginTest.java:22)\r\n\tat java.base/jdk.internal.reflect.DirectMethodHandleAccessor.invoke(DirectMethodHandleAccessor.java:103)\r\n\tat java.base/java.lang.reflect.Method.invoke(Method.java:580)\r\n\tat org.testng.internal.invokers.MethodInvocationHelper.invokeMethod(MethodInvocationHelper.java:141)\r\n\tat org.testng.internal.invokers.TestInvoker.invokeMethod(TestInvoker.java:687)\r\n\tat org.testng.internal.invokers.TestInvoker.invokeTestMethod(TestInvoker.java:230)\r\n\tat org.testng.internal.invokers.MethodRunner.runInSequence(MethodRunner.java:63)\r\n\tat org.testng.internal.invokers.TestInvoker$MethodInvocationAgent.invoke(TestInvoker.java:995)\r\n\tat org.testng.internal.invokers.TestInvoker.invokeTestMethods(TestInvoker.java:203)\r\n\tat org.testng.internal.invokers.TestMethodWorker.invokeTestMethods(TestMethodWorker.java:154)\r\n\tat org.testng.internal.invokers.TestMethodWorker.run(TestMethodWorker.java:134)\r\n\tat java.base/java.util.ArrayList.forEach(ArrayList.java:1597)\r\n\tat org.testng.TestRunner.privateRun(TestRunner.java:741)\r\n\tat org.testng.TestRunner.run(TestRunner.java:616)\r\n\tat org.testng.SuiteRunner.runTest(SuiteRunner.java:421)\r\n\tat org.testng.SuiteRunner.runSequentially(SuiteRunner.java:413)\r\n\tat org.testng.SuiteRunner.privateRun(SuiteRunner.java:373)\r\n\tat org.testng.SuiteRunner.run(SuiteRunner.java:312)\r\n\tat org.testng.SuiteRunnerWorker.runSuite(SuiteRunnerWorker.java:52)\r\n\tat org.testng.SuiteRunnerWorker.run(SuiteRunnerWorker.java:95)\r\n\tat org.testng.TestNG.runSuitesSequentially(TestNG.java:1274)\r\n\tat org.testng.TestNG.runSuitesLocally(TestNG.java:1208)\r\n\tat org.testng.TestNG.runSuites(TestNG.java:1112)\r\n\tat org.testng.TestNG.run(TestNG.java:1079)\r\n\tat com.intellij.rt.testng.IDEARemoteTestNG.run(IDEARemoteTestNG.java:65)\r\n\tat com.intellij.rt.testng.RemoteTestNGStarter.main(RemoteTestNGStarter.java:105)\r\n"},"stage":"finished","steps":[{"name":"Assert page URL","status":"failed","statusDetails":{"known":false,"muted":false,"flaky":false,"message":"Login with valid credentials failed expected [https://www.saucedemo.com/inventory.htm] but found [https://www.saucedemo.com/inventory.html]","trace":"java.lang.AssertionError: Login with valid credentials failed expected [https://www.saucedemo.com/inventory.htm] but found [https://www.saucedemo.com/inventory.html]\r\n\tat org.testng.Assert.fail(Assert.java:111)\r\n\tat org.testng.Assert.failNotEquals(Assert.java:1590)\r\n\tat org.testng.Assert.assertEqualsImpl(Assert.java:150)\r\n\tat org.testng.Assert.assertEquals(Assert.java:132)\r\n\tat Utilities.SoftAssertUtils.softAssertEquals(SoftAssertUtils.java:42)\r\n\tat Utilities.SoftAssertActionsUtils.assertPageUrl(SoftAssertActionsUtils.java:21)\r\n\tat Pages.P01_LoginPage.assertLoginWithValidCredentials(P01_LoginPage.java:52)\r\n\tat Tests.TC01_LoginTest.loginWithValidCredentialsTC(TC01_LoginTest.java:22)\r\n\tat java.base/jdk.internal.reflect.DirectMethodHandleAccessor.invoke(DirectMethodHandleAccessor.java:103)\r\n\tat java.base/java.lang.reflect.Method.invoke(Method.java:580)\r\n\tat org.testng.internal.invokers.MethodInvocationHelper.invokeMethod(MethodInvocationHelper.java:141)\r\n\tat org.testng.internal.invokers.TestInvoker.invokeMethod(TestInvoker.java:687)\r\n\tat org.testng.internal.invokers.TestInvoker.invokeTestMethod(TestInvoker.java:230)\r\n\tat org.testng.internal.invokers.MethodRunner.runInSequence(MethodRunner.java:63)\r\n\tat org.testng.internal.invokers.TestInvoker$MethodInvocationAgent.invoke(TestInvoker.java:995)\r\n\tat org.testng.internal.invokers.TestInvoker.invokeTestMethods(TestInvoker.java:203)\r\n\tat org.testng.internal.invokers.TestMethodWorker.invokeTestMethods(TestMethodWorker.java:154)\r\n\tat org.testng.internal.invokers.TestMethodWorker.run(TestMethodWorker.java:134)\r\n\tat java.base/java.util.ArrayList.forEach(ArrayList.java:1597)\r\n\tat org.testng.TestRunner.privateRun(TestRunner.java:741)\r\n\tat org.testng.TestRunner.run(TestRunner.java:616)\r\n\tat org.testng.SuiteRunner.runTest(SuiteRunner.java:421)\r\n\tat org.testng.SuiteRunner.runSequentially(SuiteRunner.java:413)\r\n\tat org.testng.SuiteRunner.privateRun(SuiteRunner.java:373)\r\n\tat org.testng.SuiteRunner.run(SuiteRunner.java:312)\r\n\tat org.testng.SuiteRunnerWorker.runSuite(SuiteRunnerWorker.java:52)\r\n\tat org.testng.SuiteRunnerWorker.run(SuiteRunnerWorker.java:95)\r\n\tat org.testng.TestNG.runSuitesSequentially(TestNG.java:1274)\r\n\tat org.testng.TestNG.runSuitesLocally(TestNG.java:1208)\r\n\tat org.testng.TestNG.runSuites(TestNG.java:1112)\r\n\tat org.testng.TestNG.run(TestNG.java:1079)\r\n\tat com.intellij.rt.testng.IDEARemoteTestNG.run(IDEARemoteTestNG.java:65)\r\n\tat com.intellij.rt.testng.RemoteTestNGStarter.main(RemoteTestNGStarter.java:105)\r\n"},"stage":"finished","steps":[{"name":"Get current URL","status":"passed","stage":"finished","steps":[],"attachments":[],"parameters":[],"start":1746119470582,"stop":1746119470592},{"name":"Soft Assert equals","status":"failed","statusDetails":{"known":false,"muted":false,"flaky":false,"message":"Login with valid credentials failed expected [https://www.saucedemo.com/inventory.htm] but found [https://www.saucedemo.com/inventory.html]","trace":"java.lang.AssertionError: Login with valid credentials failed expected [https://www.saucedemo.com/inventory.htm] but found [https://www.saucedemo.com/inventory.html]\r\n\tat org.testng.Assert.fail(Assert.java:111)\r\n\tat org.testng.Assert.failNotEquals(Assert.java:1590)\r\n\tat org.testng.Assert.assertEqualsImpl(Assert.java:150)\r\n\tat org.testng.Assert.assertEquals(Assert.java:132)\r\n\tat Utilities.SoftAssertUtils.softAssertEquals(SoftAssertUtils.java:42)\r\n\tat Utilities.SoftAssertActionsUtils.assertPageUrl(SoftAssertActionsUtils.java:21)\r\n\tat Pages.P01_LoginPage.assertLoginWithValidCredentials(P01_LoginPage.java:52)\r\n\tat Tests.TC01_LoginTest.loginWithValidCredentialsTC(TC01_LoginTest.java:22)\r\n\tat java.base/jdk.internal.reflect.DirectMethodHandleAccessor.invoke(DirectMethodHandleAccessor.java:103)\r\n\tat java.base/java.lang.reflect.Method.invoke(Method.java:580)\r\n\tat org.testng.internal.invokers.MethodInvocationHelper.invokeMethod(MethodInvocationHelper.java:141)\r\n\tat org.testng.internal.invokers.TestInvoker.invokeMethod(TestInvoker.java:687)\r\n\tat org.testng.internal.invokers.TestInvoker.invokeTestMethod(TestInvoker.java:230)\r\n\tat org.testng.internal.invokers.MethodRunner.runInSequence(MethodRunner.java:63)\r\n\tat org.testng.internal.invokers.TestInvoker$MethodInvocationAgent.invoke(TestInvoker.java:995)\r\n\tat org.testng.internal.invokers.TestInvoker.invokeTestMethods(TestInvoker.java:203)\r\n\tat org.testng.internal.invokers.TestMethodWorker.invokeTestMethods(TestMethodWorker.java:154)\r\n\tat org.testng.internal.invokers.TestMethodWorker.run(TestMethodWorker.java:134)\r\n\tat java.base/java.util.ArrayList.forEach(ArrayList.java:1597)\r\n\tat org.testng.TestRunner.privateRun(TestRunner.java:741)\r\n\tat org.testng.TestRunner.run(TestRunner.java:616)\r\n\tat org.testng.SuiteRunner.runTest(SuiteRunner.java:421)\r\n\tat org.testng.SuiteRunner.runSequentially(SuiteRunner.java:413)\r\n\tat org.testng.SuiteRunner.privateRun(SuiteRunner.java:373)\r\n\tat org.testng.SuiteRunner.run(SuiteRunner.java:312)\r\n\tat org.testng.SuiteRunnerWorker.runSuite(SuiteRunnerWorker.java:52)\r\n\tat org.testng.SuiteRunnerWorker.run(SuiteRunnerWorker.java:95)\r\n\tat org.testng.TestNG.runSuitesSequentially(TestNG.java:1274)\r\n\tat org.testng.TestNG.runSuitesLocally(TestNG.java:1208)\r\n\tat org.testng.TestNG.runSuites(TestNG.java:1112)\r\n\tat org.testng.TestNG.run(TestNG.java:1079)\r\n\tat com.intellij.rt.testng.IDEARemoteTestNG.run(IDEARemoteTestNG.java:65)\r\n\tat com.intellij.rt.testng.RemoteTestNGStarter.main(RemoteTestNGStarter.java:105)\r\n"},"stage":"finished","steps":[],"attachments":[],"parameters":[{"name":"actual","value":"https://www.saucedemo.com/inventory.html"},{"name":"expected","value":"https://www.saucedemo.com/inventory.htm"},{"name":"message","value":"Login with valid credentials failed"}],"start":1746119470607,"stop":1746119470615}],"attachments":[],"parameters":[{"name":"expectedUrl","value":"https://www.saucedemo.com/inventory.htm"},{"name":"message","value":"Login with valid credentials failed"}],"start":1746119470582,"stop":1746119470615}],"attachments":[],"parameters":[],"start":1746119470575,"stop":1746119470615}],"attachments":[{"name":"failed-loginWithValidCredentialsTC","source":"5d4f4930-62c4-4b35-a27a-173017e9d3f0-attachment"},{"name":"Logs.log","source":"65787d9d-522a-460d-b9f2-9568871b9eec-attachment.txt","type":"text/plain"}],"parameters":[],"start":1746119469255,"stop":1746119470907}