{"uuid":"8be8cc8f-de7d-4c82-8c3f-41ce98df7ffe","historyId":"957014dd8fe365a62724ec3e99a04cee","fullName":"Tests.TC13_ProtocolGroupsAdminTest.invalidProtocolGroupTC","labels":[{"name":"package","value":"Tests.TC13_ProtocolGroupsAdminTest"},{"name":"testClass","value":"Tests.TC13_ProtocolGroupsAdminTest"},{"name":"testMethod","value":"invalidProtocolGroupTC"},{"name":"parentSuite","value":"Full Project Runner"},{"name":"suite","value":"Full Project Runner on Chrome"},{"name":"subSuite","value":"Tests.TC13_ProtocolGroupsAdminTest"},{"name":"host","value":"Mohmed-Adel"},{"name":"thread","value":"29872@Mohmed-Adel.main(1)"},{"name":"framework","value":"testng"},{"name":"language","value":"java"}],"links":[],"name":"invalidProtocolGroupTC","status":"passed","statusDetails":{"known":false,"muted":false,"flaky":false},"stage":"finished","steps":[{"name":"Navigate to login page","status":"passed","stage":"finished","steps":[{"name":"Navigate to URL: http://192.168.2.97/iCodeVettPro/login","status":"passed","stage":"finished","steps":[],"attachments":[],"parameters":[{"name":"url","value":"http://192.168.2.97/iCodeVettPro/login"}],"start":1748951680900,"stop":1748951681666}],"attachments":[],"parameters":[{"name":"url","value":"http://192.168.2.97/iCodeVettPro/login"}],"start":1748951680899,"stop":1748951681666},{"name":"Enter username","status":"passed","stage":"finished","steps":[{"name":"Wait for element to be visible with locator: By.cssSelector: [formcontrolname=\"username\"]","status":"passed","stage":"finished","steps":[{"name":"Wait for element to be present with locator: By.cssSelector: [formcontrolname=\"username\"]","status":"passed","stage":"finished","steps":[],"attachments":[],"parameters":[{"name":"locator","value":"By.cssSelector: [formcontrolname=\"username\"]"}],"start":1748951681668,"stop":1748951681697}],"attachments":[],"parameters":[{"name":"locator","value":"By.cssSelector: [formcontrolname=\"username\"]"}],"start":1748951681668,"stop":1748951681711}],"attachments":[],"parameters":[{"name":"username","value":"AutomationPowerAdmin"}],"start":1748951681666,"stop":1748951681932},{"name":"Enter password","status":"passed","stage":"finished","steps":[{"name":"Wait for element to be visible with locator: By.cssSelector: [formcontrolname=\"password\"]","status":"passed","stage":"finished","steps":[{"name":"Wait for element to be present with locator: By.cssSelector: [formcontrolname=\"password\"]","status":"passed","stage":"finished","steps":[],"attachments":[],"parameters":[{"name":"locator","value":"By.cssSelector: [formcontrolname=\"password\"]"}],"start":1748951681933,"stop":1748951681957}],"attachments":[],"parameters":[{"name":"locator","value":"By.cssSelector: [formcontrolname=\"password\"]"}],"start":1748951681933,"stop":1748951681968}],"attachments":[],"parameters":[{"name":"password","value":"Automation1#"}],"start":1748951681933,"stop":1748951682074},{"name":"Click login button","status":"passed","stage":"finished","steps":[{"name":"Wait for element to be clickable with locator: By.id: btnlogin","status":"passed","stage":"finished","steps":[{"name":"Wait for element to be visible with locator: By.id: btnlogin","status":"passed","stage":"finished","steps":[{"name":"Wait for element to be present with locator: By.id: btnlogin","status":"passed","stage":"finished","steps":[],"attachments":[],"parameters":[{"name":"locator","value":"By.id: btnlogin"}],"start":1748951682075,"stop":1748951682089}],"attachments":[],"parameters":[{"name":"locator","value":"By.id: btnlogin"}],"start":1748951682075,"stop":1748951682100}],"attachments":[],"parameters":[{"name":"locator","value":"By.id: btnlogin"}],"start":1748951682075,"stop":1748951682110}],"attachments":[],"parameters":[],"start":1748951682075,"stop":1748951682283},{"name":"Terminate session if exists","status":"passed","stage":"finished","steps":[{"name":"Wait for element to be clickable with locator: By.cssSelector: [title=\"Continue\"]","status":"broken","statusDetails":{"known":false,"muted":false,"flaky":false,"message":"Expected condition failed: waiting for Utilities.WaitUtils$$Lambda/0x000001815b479198@3e1003c7 (tried for 5 second(s) with 500 milliseconds interval)","trace":"org.openqa.selenium.TimeoutException: Expected condition failed: waiting for Utilities.WaitUtils$$Lambda/0x000001815b479198@3e1003c7 (tried for 5 second(s) with 500 milliseconds interval)\r\n\tat org.openqa.selenium.support.ui.WebDriverWait.timeoutException(WebDriverWait.java:84)\r\n\tat org.openqa.selenium.support.ui.FluentWait.until(FluentWait.java:228)\r\n\tat Utilities.WaitUtils.waitForElementToBePresent(WaitUtils.java:36)\r\n\tat Utilities.WaitUtils.lambda$1(WaitUtils.java:44)\r\n\tat org.openqa.selenium.support.ui.FluentWait.until(FluentWait.java:203)\r\n\tat Utilities.WaitUtils.waitForElementToBeVisible(WaitUtils.java:43)\r\n\tat Utilities.WaitUtils.lambda$2(WaitUtils.java:54)\r\n\tat org.openqa.selenium.support.ui.FluentWait.until(FluentWait.java:203)\r\n\tat Utilities.WaitUtils.waitForElementToBeClickable(WaitUtils.java:53)\r\n\tat Utilities.ElementUtils.clickOnElement(ElementUtils.java:36)\r\n\tat Pages.P01_LoginPage.terminateSession(P01_LoginPage.java:24)\r\n\tat Tests.TC13_ProtocolGroupsAdminTest.invalidProtocolGroupTC(TC13_ProtocolGroupsAdminTest.java:61)\r\n\tat java.base/jdk.internal.reflect.DirectMethodHandleAccessor.invoke(DirectMethodHandleAccessor.java:103)\r\n\tat java.base/java.lang.reflect.Method.invoke(Method.java:580)\r\n\tat org.testng.internal.invokers.MethodInvocationHelper.invokeMethod(MethodInvocationHelper.java:141)\r\n\tat org.testng.internal.invokers.TestInvoker.invokeMethod(TestInvoker.java:687)\r\n\tat org.testng.internal.invokers.TestInvoker.invokeTestMethod(TestInvoker.java:230)\r\n\tat org.testng.internal.invokers.MethodRunner.runInSequence(MethodRunner.java:63)\r\n\tat org.testng.internal.invokers.TestInvoker$MethodInvocationAgent.invoke(TestInvoker.java:995)\r\n\tat org.testng.internal.invokers.TestInvoker.invokeTestMethods(TestInvoker.java:203)\r\n\tat org.testng.internal.invokers.TestMethodWorker.invokeTestMethods(TestMethodWorker.java:154)\r\n\tat org.testng.internal.invokers.TestMethodWorker.run(TestMethodWorker.java:134)\r\n\tat java.base/java.util.ArrayList.forEach(ArrayList.java:1597)\r\n\tat org.testng.TestRunner.privateRun(TestRunner.java:741)\r\n\tat org.testng.TestRunner.run(TestRunner.java:616)\r\n\tat org.testng.SuiteRunner.runTest(SuiteRunner.java:421)\r\n\tat org.testng.SuiteRunner.runSequentially(SuiteRunner.java:413)\r\n\tat org.testng.SuiteRunner.privateRun(SuiteRunner.java:373)\r\n\tat org.testng.SuiteRunner.run(SuiteRunner.java:312)\r\n\tat org.testng.SuiteRunnerWorker.runSuite(SuiteRunnerWorker.java:52)\r\n\tat org.testng.SuiteRunnerWorker.run(SuiteRunnerWorker.java:95)\r\n\tat org.testng.TestNG.runSuitesSequentially(TestNG.java:1274)\r\n\tat org.testng.TestNG.runSuitesLocally(TestNG.java:1208)\r\n\tat org.testng.TestNG.runSuites(TestNG.java:1112)\r\n\tat org.testng.TestNG.run(TestNG.java:1079)\r\n\tat com.intellij.rt.testng.IDEARemoteTestNG.run(IDEARemoteTestNG.java:65)\r\n\tat com.intellij.rt.testng.RemoteTestNGStarter.main(RemoteTestNGStarter.java:105)\r\nCaused by: org.openqa.selenium.NoSuchElementException: no such element: Unable to locate element: {\"method\":\"css selector\",\"selector\":\"[title=\"Continue\"]\"}\n  (Session info: chrome=137.0.7151.56)\nFor documentation on this error, please visit: https://www.selenium.dev/documentation/webdriver/troubleshooting/errors#no-such-element-exception\nBuild info: version: '4.31.0', revision: '1ef9f18787*'\nSystem info: os.name: 'Windows 10', os.arch: 'amd64', os.version: '10.0', java.version: '23.0.2'\nDriver info: org.openqa.selenium.chrome.ChromeDriver\nCommand: [00a76d8a20806111bd3b5281f2536da4, findElement {using=css selector, value=[title=\"Continue\"]}]\nCapabilities {acceptInsecureCerts: false, browserName: chrome, browserVersion: 137.0.7151.56, chrome: {chromedriverVersion: 137.0.7151.68 (2989ffee9373..., userDataDir: C:\\Users\\MOHAME~1.ADE\\AppDa...}, fedcm:accounts: true, goog:chromeOptions: {debuggerAddress: localhost:55634}, networkConnectionEnabled: false, pageLoadStrategy: normal, platformName: windows, proxy: Proxy(), se:cdp: ws://localhost:55634/devtoo..., se:cdpVersion: 137.0.7151.56, setWindowRect: true, strictFileInteractability: false, timeouts: {implicit: 0, pageLoad: 300000, script: 30000}, unhandledPromptBehavior: dismiss and notify, webauthn:extension:credBlob: true, webauthn:extension:largeBlob: true, webauthn:extension:minPinLength: true, webauthn:extension:prf: true, webauthn:virtualAuthenticators: true}\nSession ID: 00a76d8a20806111bd3b5281f2536da4\r\n\tat java.base/jdk.internal.reflect.DirectConstructorHandleAccessor.newInstance(DirectConstructorHandleAccessor.java:62)\r\n\tat java.base/java.lang.reflect.Constructor.newInstanceWithCaller(Constructor.java:501)\r\n\tat java.base/java.lang.reflect.Constructor.newInstance(Constructor.java:485)\r\n\tat org.openqa.selenium.remote.ErrorCodec.decode(ErrorCodec.java:167)\r\n\tat org.openqa.selenium.remote.codec.w3c.W3CHttpResponseCodec.decode(W3CHttpResponseCodec.java:138)\r\n\tat org.openqa.selenium.remote.codec.w3c.W3CHttpResponseCodec.decode(W3CHttpResponseCodec.java:50)\r\n\tat org.openqa.selenium.remote.HttpCommandExecutor.execute(HttpCommandExecutor.java:215)\r\n\tat org.openqa.selenium.remote.service.DriverCommandExecutor.invokeExecute(DriverCommandExecutor.java:216)\r\n\tat org.openqa.selenium.remote.service.DriverCommandExecutor.execute(DriverCommandExecutor.java:174)\r\n\tat org.openqa.selenium.remote.RemoteWebDriver.execute(RemoteWebDriver.java:545)\r\n\tat org.openqa.selenium.remote.ElementLocation$ElementFinder$2.findElement(ElementLocation.java:165)\r\n\tat org.openqa.selenium.remote.ElementLocation.findElement(ElementLocation.java:59)\r\n\tat org.openqa.selenium.remote.RemoteWebDriver.findElement(RemoteWebDriver.java:368)\r\n\tat org.openqa.selenium.remote.RemoteWebDriver.findElement(RemoteWebDriver.java:362)\r\n\tat Utilities.WaitUtils.lambda$0(WaitUtils.java:36)\r\n\tat org.openqa.selenium.support.ui.FluentWait.until(FluentWait.java:203)\r\n\t... 35 more\r\n"},"stage":"finished","steps":[{"name":"Wait for element to be visible with locator: By.cssSelector: [title=\"Continue\"]","status":"broken","statusDetails":{"known":false,"muted":false,"flaky":false,"message":"Expected condition failed: waiting for Utilities.WaitUtils$$Lambda/0x000001815b479198@3e1003c7 (tried for 5 second(s) with 500 milliseconds interval)","trace":"org.openqa.selenium.TimeoutException: Expected condition failed: waiting for Utilities.WaitUtils$$Lambda/0x000001815b479198@3e1003c7 (tried for 5 second(s) with 500 milliseconds interval)\r\n\tat org.openqa.selenium.support.ui.WebDriverWait.timeoutException(WebDriverWait.java:84)\r\n\tat org.openqa.selenium.support.ui.FluentWait.until(FluentWait.java:228)\r\n\tat Utilities.WaitUtils.waitForElementToBePresent(WaitUtils.java:36)\r\n\tat Utilities.WaitUtils.lambda$1(WaitUtils.java:44)\r\n\tat org.openqa.selenium.support.ui.FluentWait.until(FluentWait.java:203)\r\n\tat Utilities.WaitUtils.waitForElementToBeVisible(WaitUtils.java:43)\r\n\tat Utilities.WaitUtils.lambda$2(WaitUtils.java:54)\r\n\tat org.openqa.selenium.support.ui.FluentWait.until(FluentWait.java:203)\r\n\tat Utilities.WaitUtils.waitForElementToBeClickable(WaitUtils.java:53)\r\n\tat Utilities.ElementUtils.clickOnElement(ElementUtils.java:36)\r\n\tat Pages.P01_LoginPage.terminateSession(P01_LoginPage.java:24)\r\n\tat Tests.TC13_ProtocolGroupsAdminTest.invalidProtocolGroupTC(TC13_ProtocolGroupsAdminTest.java:61)\r\n\tat java.base/jdk.internal.reflect.DirectMethodHandleAccessor.invoke(DirectMethodHandleAccessor.java:103)\r\n\tat java.base/java.lang.reflect.Method.invoke(Method.java:580)\r\n\tat org.testng.internal.invokers.MethodInvocationHelper.invokeMethod(MethodInvocationHelper.java:141)\r\n\tat org.testng.internal.invokers.TestInvoker.invokeMethod(TestInvoker.java:687)\r\n\tat org.testng.internal.invokers.TestInvoker.invokeTestMethod(TestInvoker.java:230)\r\n\tat org.testng.internal.invokers.MethodRunner.runInSequence(MethodRunner.java:63)\r\n\tat org.testng.internal.invokers.TestInvoker$MethodInvocationAgent.invoke(TestInvoker.java:995)\r\n\tat org.testng.internal.invokers.TestInvoker.invokeTestMethods(TestInvoker.java:203)\r\n\tat org.testng.internal.invokers.TestMethodWorker.invokeTestMethods(TestMethodWorker.java:154)\r\n\tat org.testng.internal.invokers.TestMethodWorker.run(TestMethodWorker.java:134)\r\n\tat java.base/java.util.ArrayList.forEach(ArrayList.java:1597)\r\n\tat org.testng.TestRunner.privateRun(TestRunner.java:741)\r\n\tat org.testng.TestRunner.run(TestRunner.java:616)\r\n\tat org.testng.SuiteRunner.runTest(SuiteRunner.java:421)\r\n\tat org.testng.SuiteRunner.runSequentially(SuiteRunner.java:413)\r\n\tat org.testng.SuiteRunner.privateRun(SuiteRunner.java:373)\r\n\tat org.testng.SuiteRunner.run(SuiteRunner.java:312)\r\n\tat org.testng.SuiteRunnerWorker.runSuite(SuiteRunnerWorker.java:52)\r\n\tat org.testng.SuiteRunnerWorker.run(SuiteRunnerWorker.java:95)\r\n\tat org.testng.TestNG.runSuitesSequentially(TestNG.java:1274)\r\n\tat org.testng.TestNG.runSuitesLocally(TestNG.java:1208)\r\n\tat org.testng.TestNG.runSuites(TestNG.java:1112)\r\n\tat org.testng.TestNG.run(TestNG.java:1079)\r\n\tat com.intellij.rt.testng.IDEARemoteTestNG.run(IDEARemoteTestNG.java:65)\r\n\tat com.intellij.rt.testng.RemoteTestNGStarter.main(RemoteTestNGStarter.java:105)\r\nCaused by: org.openqa.selenium.NoSuchElementException: no such element: Unable to locate element: {\"method\":\"css selector\",\"selector\":\"[title=\"Continue\"]\"}\n  (Session info: chrome=137.0.7151.56)\nFor documentation on this error, please visit: https://www.selenium.dev/documentation/webdriver/troubleshooting/errors#no-such-element-exception\nBuild info: version: '4.31.0', revision: '1ef9f18787*'\nSystem info: os.name: 'Windows 10', os.arch: 'amd64', os.version: '10.0', java.version: '23.0.2'\nDriver info: org.openqa.selenium.chrome.ChromeDriver\nCommand: [00a76d8a20806111bd3b5281f2536da4, findElement {using=css selector, value=[title=\"Continue\"]}]\nCapabilities {acceptInsecureCerts: false, browserName: chrome, browserVersion: 137.0.7151.56, chrome: {chromedriverVersion: 137.0.7151.68 (2989ffee9373..., userDataDir: C:\\Users\\MOHAME~1.ADE\\AppDa...}, fedcm:accounts: true, goog:chromeOptions: {debuggerAddress: localhost:55634}, networkConnectionEnabled: false, pageLoadStrategy: normal, platformName: windows, proxy: Proxy(), se:cdp: ws://localhost:55634/devtoo..., se:cdpVersion: 137.0.7151.56, setWindowRect: true, strictFileInteractability: false, timeouts: {implicit: 0, pageLoad: 300000, script: 30000}, unhandledPromptBehavior: dismiss and notify, webauthn:extension:credBlob: true, webauthn:extension:largeBlob: true, webauthn:extension:minPinLength: true, webauthn:extension:prf: true, webauthn:virtualAuthenticators: true}\nSession ID: 00a76d8a20806111bd3b5281f2536da4\r\n\tat java.base/jdk.internal.reflect.DirectConstructorHandleAccessor.newInstance(DirectConstructorHandleAccessor.java:62)\r\n\tat java.base/java.lang.reflect.Constructor.newInstanceWithCaller(Constructor.java:501)\r\n\tat java.base/java.lang.reflect.Constructor.newInstance(Constructor.java:485)\r\n\tat org.openqa.selenium.remote.ErrorCodec.decode(ErrorCodec.java:167)\r\n\tat org.openqa.selenium.remote.codec.w3c.W3CHttpResponseCodec.decode(W3CHttpResponseCodec.java:138)\r\n\tat org.openqa.selenium.remote.codec.w3c.W3CHttpResponseCodec.decode(W3CHttpResponseCodec.java:50)\r\n\tat org.openqa.selenium.remote.HttpCommandExecutor.execute(HttpCommandExecutor.java:215)\r\n\tat org.openqa.selenium.remote.service.DriverCommandExecutor.invokeExecute(DriverCommandExecutor.java:216)\r\n\tat org.openqa.selenium.remote.service.DriverCommandExecutor.execute(DriverCommandExecutor.java:174)\r\n\tat org.openqa.selenium.remote.RemoteWebDriver.execute(RemoteWebDriver.java:545)\r\n\tat org.openqa.selenium.remote.ElementLocation$ElementFinder$2.findElement(ElementLocation.java:165)\r\n\tat org.openqa.selenium.remote.ElementLocation.findElement(ElementLocation.java:59)\r\n\tat org.openqa.selenium.remote.RemoteWebDriver.findElement(RemoteWebDriver.java:368)\r\n\tat org.openqa.selenium.remote.RemoteWebDriver.findElement(RemoteWebDriver.java:362)\r\n\tat Utilities.WaitUtils.lambda$0(WaitUtils.java:36)\r\n\tat org.openqa.selenium.support.ui.FluentWait.until(FluentWait.java:203)\r\n\t... 35 more\r\n"},"stage":"finished","steps":[{"name":"Wait for element to be present with locator: By.cssSelector: [title=\"Continue\"]","status":"broken","statusDetails":{"known":false,"muted":false,"flaky":false,"message":"Expected condition failed: waiting for Utilities.WaitUtils$$Lambda/0x000001815b479198@3e1003c7 (tried for 5 second(s) with 500 milliseconds interval)","trace":"org.openqa.selenium.TimeoutException: Expected condition failed: waiting for Utilities.WaitUtils$$Lambda/0x000001815b479198@3e1003c7 (tried for 5 second(s) with 500 milliseconds interval)\r\n\tat org.openqa.selenium.support.ui.WebDriverWait.timeoutException(WebDriverWait.java:84)\r\n\tat org.openqa.selenium.support.ui.FluentWait.until(FluentWait.java:228)\r\n\tat Utilities.WaitUtils.waitForElementToBePresent(WaitUtils.java:36)\r\n\tat Utilities.WaitUtils.lambda$1(WaitUtils.java:44)\r\n\tat org.openqa.selenium.support.ui.FluentWait.until(FluentWait.java:203)\r\n\tat Utilities.WaitUtils.waitForElementToBeVisible(WaitUtils.java:43)\r\n\tat Utilities.WaitUtils.lambda$2(WaitUtils.java:54)\r\n\tat org.openqa.selenium.support.ui.FluentWait.until(FluentWait.java:203)\r\n\tat Utilities.WaitUtils.waitForElementToBeClickable(WaitUtils.java:53)\r\n\tat Utilities.ElementUtils.clickOnElement(ElementUtils.java:36)\r\n\tat Pages.P01_LoginPage.terminateSession(P01_LoginPage.java:24)\r\n\tat Tests.TC13_ProtocolGroupsAdminTest.invalidProtocolGroupTC(TC13_ProtocolGroupsAdminTest.java:61)\r\n\tat java.base/jdk.internal.reflect.DirectMethodHandleAccessor.invoke(DirectMethodHandleAccessor.java:103)\r\n\tat java.base/java.lang.reflect.Method.invoke(Method.java:580)\r\n\tat org.testng.internal.invokers.MethodInvocationHelper.invokeMethod(MethodInvocationHelper.java:141)\r\n\tat org.testng.internal.invokers.TestInvoker.invokeMethod(TestInvoker.java:687)\r\n\tat org.testng.internal.invokers.TestInvoker.invokeTestMethod(TestInvoker.java:230)\r\n\tat org.testng.internal.invokers.MethodRunner.runInSequence(MethodRunner.java:63)\r\n\tat org.testng.internal.invokers.TestInvoker$MethodInvocationAgent.invoke(TestInvoker.java:995)\r\n\tat org.testng.internal.invokers.TestInvoker.invokeTestMethods(TestInvoker.java:203)\r\n\tat org.testng.internal.invokers.TestMethodWorker.invokeTestMethods(TestMethodWorker.java:154)\r\n\tat org.testng.internal.invokers.TestMethodWorker.run(TestMethodWorker.java:134)\r\n\tat java.base/java.util.ArrayList.forEach(ArrayList.java:1597)\r\n\tat org.testng.TestRunner.privateRun(TestRunner.java:741)\r\n\tat org.testng.TestRunner.run(TestRunner.java:616)\r\n\tat org.testng.SuiteRunner.runTest(SuiteRunner.java:421)\r\n\tat org.testng.SuiteRunner.runSequentially(SuiteRunner.java:413)\r\n\tat org.testng.SuiteRunner.privateRun(SuiteRunner.java:373)\r\n\tat org.testng.SuiteRunner.run(SuiteRunner.java:312)\r\n\tat org.testng.SuiteRunnerWorker.runSuite(SuiteRunnerWorker.java:52)\r\n\tat org.testng.SuiteRunnerWorker.run(SuiteRunnerWorker.java:95)\r\n\tat org.testng.TestNG.runSuitesSequentially(TestNG.java:1274)\r\n\tat org.testng.TestNG.runSuitesLocally(TestNG.java:1208)\r\n\tat org.testng.TestNG.runSuites(TestNG.java:1112)\r\n\tat org.testng.TestNG.run(TestNG.java:1079)\r\n\tat com.intellij.rt.testng.IDEARemoteTestNG.run(IDEARemoteTestNG.java:65)\r\n\tat com.intellij.rt.testng.RemoteTestNGStarter.main(RemoteTestNGStarter.java:105)\r\nCaused by: org.openqa.selenium.NoSuchElementException: no such element: Unable to locate element: {\"method\":\"css selector\",\"selector\":\"[title=\"Continue\"]\"}\n  (Session info: chrome=137.0.7151.56)\nFor documentation on this error, please visit: https://www.selenium.dev/documentation/webdriver/troubleshooting/errors#no-such-element-exception\nBuild info: version: '4.31.0', revision: '1ef9f18787*'\nSystem info: os.name: 'Windows 10', os.arch: 'amd64', os.version: '10.0', java.version: '23.0.2'\nDriver info: org.openqa.selenium.chrome.ChromeDriver\nCommand: [00a76d8a20806111bd3b5281f2536da4, findElement {using=css selector, value=[title=\"Continue\"]}]\nCapabilities {acceptInsecureCerts: false, browserName: chrome, browserVersion: 137.0.7151.56, chrome: {chromedriverVersion: 137.0.7151.68 (2989ffee9373..., userDataDir: C:\\Users\\MOHAME~1.ADE\\AppDa...}, fedcm:accounts: true, goog:chromeOptions: {debuggerAddress: localhost:55634}, networkConnectionEnabled: false, pageLoadStrategy: normal, platformName: windows, proxy: Proxy(), se:cdp: ws://localhost:55634/devtoo..., se:cdpVersion: 137.0.7151.56, setWindowRect: true, strictFileInteractability: false, timeouts: {implicit: 0, pageLoad: 300000, script: 30000}, unhandledPromptBehavior: dismiss and notify, webauthn:extension:credBlob: true, webauthn:extension:largeBlob: true, webauthn:extension:minPinLength: true, webauthn:extension:prf: true, webauthn:virtualAuthenticators: true}\nSession ID: 00a76d8a20806111bd3b5281f2536da4\r\n\tat java.base/jdk.internal.reflect.DirectConstructorHandleAccessor.newInstance(DirectConstructorHandleAccessor.java:62)\r\n\tat java.base/java.lang.reflect.Constructor.newInstanceWithCaller(Constructor.java:501)\r\n\tat java.base/java.lang.reflect.Constructor.newInstance(Constructor.java:485)\r\n\tat org.openqa.selenium.remote.ErrorCodec.decode(ErrorCodec.java:167)\r\n\tat org.openqa.selenium.remote.codec.w3c.W3CHttpResponseCodec.decode(W3CHttpResponseCodec.java:138)\r\n\tat org.openqa.selenium.remote.codec.w3c.W3CHttpResponseCodec.decode(W3CHttpResponseCodec.java:50)\r\n\tat org.openqa.selenium.remote.HttpCommandExecutor.execute(HttpCommandExecutor.java:215)\r\n\tat org.openqa.selenium.remote.service.DriverCommandExecutor.invokeExecute(DriverCommandExecutor.java:216)\r\n\tat org.openqa.selenium.remote.service.DriverCommandExecutor.execute(DriverCommandExecutor.java:174)\r\n\tat org.openqa.selenium.remote.RemoteWebDriver.execute(RemoteWebDriver.java:545)\r\n\tat org.openqa.selenium.remote.ElementLocation$ElementFinder$2.findElement(ElementLocation.java:165)\r\n\tat org.openqa.selenium.remote.ElementLocation.findElement(ElementLocation.java:59)\r\n\tat org.openqa.selenium.remote.RemoteWebDriver.findElement(RemoteWebDriver.java:368)\r\n\tat org.openqa.selenium.remote.RemoteWebDriver.findElement(RemoteWebDriver.java:362)\r\n\tat Utilities.WaitUtils.lambda$0(WaitUtils.java:36)\r\n\tat org.openqa.selenium.support.ui.FluentWait.until(FluentWait.java:203)\r\n\t... 35 more\r\n"},"stage":"finished","steps":[],"attachments":[],"parameters":[{"name":"locator","value":"By.cssSelector: [title=\"Continue\"]"}],"start":1748951682284,"stop":1748951687659}],"attachments":[],"parameters":[{"name":"locator","value":"By.cssSelector: [title=\"Continue\"]"}],"start":1748951682284,"stop":1748951687659}],"attachments":[],"parameters":[{"name":"locator","value":"By.cssSelector: [title=\"Continue\"]"}],"start":1748951682283,"stop":1748951687659}],"attachments":[],"parameters":[],"start":1748951682283,"stop":1748951687659},{"name":"Assert login with valid admin credentials","status":"passed","stage":"finished","steps":[{"name":"Assert page URL","status":"passed","stage":"finished","steps":[{"name":"Get current URL","status":"passed","stage":"finished","steps":[],"attachments":[],"parameters":[],"start":1748951687659,"stop":1748951687667},{"name":"Wait for page to load with URL: http://192.168.2.97/iCodeVettPro/admin/users","status":"passed","stage":"finished","steps":[],"attachments":[],"parameters":[{"name":"url","value":"http://192.168.2.97/iCodeVettPro/admin/users"}],"start":1748951687668,"stop":1748951687670},{"name":"Soft Assert true","status":"passed","stage":"finished","steps":[],"attachments":[],"parameters":[{"name":"condition","value":"true"},{"name":"message","value":"Login with valid admin credentials failed"}],"start":1748951687670,"stop":1748951687670}],"attachments":[],"parameters":[{"name":"expectedUrl","value":"http://192.168.2.97/iCodeVettPro/admin/users"},{"name":"message","value":"Login with valid admin credentials failed"}],"start":1748951687659,"stop":1748951687670}],"attachments":[],"parameters":[],"start":1748951687659,"stop":1748951687670},{"name":"Click on Protocol Groups button","status":"passed","stage":"finished","steps":[{"name":"Wait for element to be clickable with locator: By.cssSelector: [href=\"/iCodeVettPro/admin/protocolgroups\"]","status":"passed","stage":"finished","steps":[{"name":"Wait for element to be visible with locator: By.cssSelector: [href=\"/iCodeVettPro/admin/protocolgroups\"]","status":"passed","stage":"finished","steps":[{"name":"Wait for element to be present with locator: By.cssSelector: [href=\"/iCodeVettPro/admin/protocolgroups\"]","status":"passed","stage":"finished","steps":[],"attachments":[],"parameters":[{"name":"locator","value":"By.cssSelector: [href=\"/iCodeVettPro/admin/protocolgroups\"]"}],"start":1748951687671,"stop":1748951687680}],"attachments":[],"parameters":[{"name":"locator","value":"By.cssSelector: [href=\"/iCodeVettPro/admin/protocolgroups\"]"}],"start":1748951687671,"stop":1748951687688}],"attachments":[],"parameters":[{"name":"locator","value":"By.cssSelector: [href=\"/iCodeVettPro/admin/protocolgroups\"]"}],"start":1748951687671,"stop":1748951687694}],"attachments":[],"parameters":[],"start":1748951687670,"stop":1748951687815},{"name":"Click on Add Protocol Group button","status":"passed","stage":"finished","steps":[{"name":"Wait for element to be clickable with locator: By.cssSelector: [title=\"Add new protocol group\"]","status":"passed","stage":"finished","steps":[{"name":"Wait for element to be visible with locator: By.cssSelector: [title=\"Add new protocol group\"]","status":"passed","stage":"finished","steps":[{"name":"Wait for element to be present with locator: By.cssSelector: [title=\"Add new protocol group\"]","status":"passed","stage":"finished","steps":[],"attachments":[],"parameters":[{"name":"locator","value":"By.cssSelector: [title=\"Add new protocol group\"]"}],"start":1748951687817,"stop":1748951687888}],"attachments":[],"parameters":[{"name":"locator","value":"By.cssSelector: [title=\"Add new protocol group\"]"}],"start":1748951687816,"stop":1748951687896}],"attachments":[],"parameters":[{"name":"locator","value":"By.cssSelector: [title=\"Add new protocol group\"]"}],"start":1748951687816,"stop":1748951687906}],"attachments":[],"parameters":[],"start":1748951687816,"stop":1748951688041},{"name":"Click on Save button","status":"passed","stage":"finished","steps":[{"name":"Wait for element to be clickable with locator: By.cssSelector: [title=\"Save\"]","status":"passed","stage":"finished","steps":[{"name":"Wait for element to be visible with locator: By.cssSelector: [title=\"Save\"]","status":"passed","stage":"finished","steps":[{"name":"Wait for element to be present with locator: By.cssSelector: [title=\"Save\"]","status":"passed","stage":"finished","steps":[],"attachments":[],"parameters":[{"name":"locator","value":"By.cssSelector: [title=\"Save\"]"}],"start":1748951688042,"stop":1748951688058}],"attachments":[],"parameters":[{"name":"locator","value":"By.cssSelector: [title=\"Save\"]"}],"start":1748951688042,"stop":1748951688072}],"attachments":[],"parameters":[{"name":"locator","value":"By.cssSelector: [title=\"Save\"]"}],"start":1748951688042,"stop":1748951688078}],"attachments":[],"parameters":[],"start":1748951688041,"stop":1748951688180},{"name":"Assert visibility of empty name field message","status":"passed","stage":"finished","steps":[{"name":"Wait for element to be visible with locator: By.cssSelector: [aria-label='Protocol group name cannot be empty or contain spaces only. Please enter a valid name']","status":"passed","stage":"finished","steps":[{"name":"Wait for element to be present with locator: By.cssSelector: [aria-label='Protocol group name cannot be empty or contain spaces only. Please enter a valid name']","status":"passed","stage":"finished","steps":[],"attachments":[],"parameters":[{"name":"locator","value":"By.cssSelector: [aria-label='Protocol group name cannot be empty or contain spaces only. Please enter a valid name']"}],"start":1748951688181,"stop":1748951688207},{"name":"Wait for element to be present with locator: By.cssSelector: [aria-label='Protocol group name cannot be empty or contain spaces only. Please enter a valid name']","status":"passed","stage":"finished","steps":[],"attachments":[],"parameters":[{"name":"locator","value":"By.cssSelector: [aria-label='Protocol group name cannot be empty or contain spaces only. Please enter a valid name']"}],"start":1748951688724,"stop":1748951688732}],"attachments":[],"parameters":[{"name":"locator","value":"By.cssSelector: [aria-label='Protocol group name cannot be empty or contain spaces only. Please enter a valid name']"}],"start":1748951688181,"stop":1748951688741},{"name":"Soft Assert true","status":"passed","stage":"finished","steps":[],"attachments":[],"parameters":[{"name":"condition","value":"true"},{"name":"message","value":"Empty name field message not visible"}],"start":1748951688771,"stop":1748951688771}],"attachments":[],"parameters":[],"start":1748951688181,"stop":1748951688771}],"attachments":[{"name":"passed-invalidProtocolGroupTC","source":"5fdb5c75-3629-41c4-b21a-d2d5792044d7-attachment"},{"name":"Logs.log","source":"9075b88d-743d-462a-bc13-95ad74ec528b-attachment.txt","type":"text/plain"}],"parameters":[{"name":"browser","value":"Chrome"}],"start":1748951680899,"stop":1748951689003}