{"uuid":"9523b9b5-5b40-4f4a-ba73-cde9911cb151","historyId":"1f672524dc68478eda0ffdef29acc3f8","fullName":"Tests.TC04_GroupsAdminTest.validGroupsTC","labels":[{"name":"package","value":"Tests.TC04_GroupsAdminTest"},{"name":"testClass","value":"Tests.TC04_GroupsAdminTest"},{"name":"testMethod","value":"validGroupsTC"},{"name":"parentSuite","value":"Default Suite"},{"name":"suite","value":"iCodeMDT"},{"name":"subSuite","value":"Tests.TC04_GroupsAdminTest"},{"name":"host","value":"Mohmed-Adel"},{"name":"thread","value":"1796@Mohmed-Adel.main(1)"},{"name":"framework","value":"testng"},{"name":"language","value":"java"}],"links":[],"name":"validGroupsTC","status":"passed","statusDetails":{"known":false,"muted":false,"flaky":false},"stage":"finished","steps":[{"name":"Navigate to login page","status":"passed","stage":"finished","steps":[{"name":"Navigate to URL: http://192.168.2.91/iCodeMDT/login","status":"passed","stage":"finished","steps":[],"attachments":[],"parameters":[{"name":"url","value":"http://192.168.2.91/iCodeMDT/login"}],"start":1749629684065,"stop":1749629685280}],"attachments":[],"parameters":[{"name":"url","value":"http://192.168.2.91/iCodeMDT/login"}],"start":1749629684063,"stop":1749629685280},{"name":"Enter username","status":"passed","stage":"finished","steps":[{"name":"Wait for element to be visible with locator: By.cssSelector: [formcontrolname=\"username\"]","status":"passed","stage":"finished","steps":[{"name":"Wait for element to be present with locator: By.cssSelector: [formcontrolname=\"username\"]","status":"passed","stage":"finished","steps":[],"attachments":[],"parameters":[{"name":"locator","value":"By.cssSelector: [formcontrolname=\"username\"]"}],"start":1749629685285,"stop":1749629685314}],"attachments":[],"parameters":[{"name":"locator","value":"By.cssSelector: [formcontrolname=\"username\"]"}],"start":1749629685284,"stop":1749629685334}],"attachments":[],"parameters":[{"name":"username","value":"AutomationPowerAdmin"}],"start":1749629685282,"stop":1749629685440},{"name":"Enter password","status":"passed","stage":"finished","steps":[{"name":"Wait for element to be visible with locator: By.cssSelector: [formcontrolname=\"password\"]","status":"passed","stage":"finished","steps":[{"name":"Wait for element to be present with locator: By.cssSelector: [formcontrolname=\"password\"]","status":"passed","stage":"finished","steps":[],"attachments":[],"parameters":[{"name":"locator","value":"By.cssSelector: [formcontrolname=\"password\"]"}],"start":1749629685443,"stop":1749629685461}],"attachments":[],"parameters":[{"name":"locator","value":"By.cssSelector: [formcontrolname=\"password\"]"}],"start":1749629685442,"stop":1749629685469}],"attachments":[],"parameters":[{"name":"password","value":"Automation1#"}],"start":1749629685441,"stop":1749629685611},{"name":"Click login button","status":"passed","stage":"finished","steps":[{"name":"Wait for element to be clickable with locator: By.id: btnlogin","status":"passed","stage":"finished","steps":[{"name":"Wait for element to be visible with locator: By.id: btnlogin","status":"passed","stage":"finished","steps":[{"name":"Wait for element to be present with locator: By.id: btnlogin","status":"passed","stage":"finished","steps":[],"attachments":[],"parameters":[{"name":"locator","value":"By.id: btnlogin"}],"start":1749629685616,"stop":1749629685634}],"attachments":[],"parameters":[{"name":"locator","value":"By.id: btnlogin"}],"start":1749629685615,"stop":1749629685644}],"attachments":[],"parameters":[{"name":"locator","value":"By.id: btnlogin"}],"start":1749629685613,"stop":1749629685653}],"attachments":[],"parameters":[],"start":1749629685611,"stop":1749629685775},{"name":"Terminate session if exists","status":"passed","stage":"finished","steps":[{"name":"Wait for element to be clickable with locator: By.cssSelector: [title=\"Continue\"]","status":"broken","statusDetails":{"known":false,"muted":false,"flaky":false,"message":"Expected condition failed: waiting for Utilities.WaitUtils$$Lambda/0x000001b535478468@438a2337 (tried for 5 second(s) with 500 milliseconds interval)","trace":"org.openqa.selenium.TimeoutException: Expected condition failed: waiting for Utilities.WaitUtils$$Lambda/0x000001b535478468@438a2337 (tried for 5 second(s) with 500 milliseconds interval)\r\n\tat org.openqa.selenium.support.ui.WebDriverWait.timeoutException(WebDriverWait.java:84)\r\n\tat org.openqa.selenium.support.ui.FluentWait.until(FluentWait.java:228)\r\n\tat Utilities.WaitUtils.waitForElementToBePresent(WaitUtils.java:36)\r\n\tat Utilities.WaitUtils.lambda$1(WaitUtils.java:44)\r\n\tat org.openqa.selenium.support.ui.FluentWait.until(FluentWait.java:203)\r\n\tat Utilities.WaitUtils.waitForElementToBeVisible(WaitUtils.java:43)\r\n\tat Utilities.WaitUtils.lambda$2(WaitUtils.java:54)\r\n\tat org.openqa.selenium.support.ui.FluentWait.until(FluentWait.java:203)\r\n\tat Utilities.WaitUtils.waitForElementToBeClickable(WaitUtils.java:53)\r\n\tat Utilities.ElementUtils.clickOnElement(ElementUtils.java:36)\r\n\tat Pages.P01_LoginPage.terminateSession(P01_LoginPage.java:26)\r\n\tat Tests.TC04_GroupsAdminTest.validGroupsTC(TC04_GroupsAdminTest.java:28)\r\n\tat java.base/jdk.internal.reflect.DirectMethodHandleAccessor.invoke(DirectMethodHandleAccessor.java:103)\r\n\tat java.base/java.lang.reflect.Method.invoke(Method.java:580)\r\n\tat org.testng.internal.invokers.MethodInvocationHelper.invokeMethod(MethodInvocationHelper.java:141)\r\n\tat org.testng.internal.invokers.TestInvoker.invokeMethod(TestInvoker.java:687)\r\n\tat org.testng.internal.invokers.TestInvoker.invokeTestMethod(TestInvoker.java:230)\r\n\tat org.testng.internal.invokers.MethodRunner.runInSequence(MethodRunner.java:63)\r\n\tat org.testng.internal.invokers.TestInvoker$MethodInvocationAgent.invoke(TestInvoker.java:995)\r\n\tat org.testng.internal.invokers.TestInvoker.invokeTestMethods(TestInvoker.java:203)\r\n\tat org.testng.internal.invokers.TestMethodWorker.invokeTestMethods(TestMethodWorker.java:154)\r\n\tat org.testng.internal.invokers.TestMethodWorker.run(TestMethodWorker.java:134)\r\n\tat java.base/java.util.ArrayList.forEach(ArrayList.java:1597)\r\n\tat org.testng.TestRunner.privateRun(TestRunner.java:741)\r\n\tat org.testng.TestRunner.run(TestRunner.java:616)\r\n\tat org.testng.SuiteRunner.runTest(SuiteRunner.java:421)\r\n\tat org.testng.SuiteRunner.runSequentially(SuiteRunner.java:413)\r\n\tat org.testng.SuiteRunner.privateRun(SuiteRunner.java:373)\r\n\tat org.testng.SuiteRunner.run(SuiteRunner.java:312)\r\n\tat org.testng.SuiteRunnerWorker.runSuite(SuiteRunnerWorker.java:52)\r\n\tat org.testng.SuiteRunnerWorker.run(SuiteRunnerWorker.java:95)\r\n\tat org.testng.TestNG.runSuitesSequentially(TestNG.java:1274)\r\n\tat org.testng.TestNG.runSuitesLocally(TestNG.java:1208)\r\n\tat org.testng.TestNG.runSuites(TestNG.java:1112)\r\n\tat org.testng.TestNG.run(TestNG.java:1079)\r\n\tat com.intellij.rt.testng.IDEARemoteTestNG.run(IDEARemoteTestNG.java:65)\r\n\tat com.intellij.rt.testng.RemoteTestNGStarter.main(RemoteTestNGStarter.java:105)\r\nCaused by: org.openqa.selenium.NoSuchElementException: no such element: Unable to locate element: {\"method\":\"css selector\",\"selector\":\"[title=\"Continue\"]\"}\n  (Session info: chrome=137.0.7151.103)\nFor documentation on this error, please visit: https://www.selenium.dev/documentation/webdriver/troubleshooting/errors#no-such-element-exception\nBuild info: version: '4.31.0', revision: '1ef9f18787*'\nSystem info: os.name: 'Windows 10', os.arch: 'amd64', os.version: '10.0', java.version: '23.0.2'\nDriver info: org.openqa.selenium.chrome.ChromeDriver\nCommand: [70ae986e93b25824fed61a77f3b78ba8, findElement {value=[title=\"Continue\"], using=css selector}]\nCapabilities {acceptInsecureCerts: false, browserName: chrome, browserVersion: 137.0.7151.103, chrome: {chromedriverVersion: 137.0.7151.70 (dfa4dc56b2ab..., userDataDir: C:\\Users\\MOHAME~1.ADE\\AppDa...}, fedcm:accounts: true, goog:chromeOptions: {debuggerAddress: localhost:61665}, networkConnectionEnabled: false, pageLoadStrategy: normal, platformName: windows, proxy: Proxy(), se:cdp: ws://localhost:61665/devtoo..., se:cdpVersion: 137.0.7151.103, setWindowRect: true, strictFileInteractability: false, timeouts: {implicit: 0, pageLoad: 300000, script: 30000}, unhandledPromptBehavior: dismiss and notify, webauthn:extension:credBlob: true, webauthn:extension:largeBlob: true, webauthn:extension:minPinLength: true, webauthn:extension:prf: true, webauthn:virtualAuthenticators: true}\nSession ID: 70ae986e93b25824fed61a77f3b78ba8\r\n\tat java.base/jdk.internal.reflect.DirectConstructorHandleAccessor.newInstance(DirectConstructorHandleAccessor.java:62)\r\n\tat java.base/java.lang.reflect.Constructor.newInstanceWithCaller(Constructor.java:501)\r\n\tat java.base/java.lang.reflect.Constructor.newInstance(Constructor.java:485)\r\n\tat org.openqa.selenium.remote.ErrorCodec.decode(ErrorCodec.java:167)\r\n\tat org.openqa.selenium.remote.codec.w3c.W3CHttpResponseCodec.decode(W3CHttpResponseCodec.java:138)\r\n\tat org.openqa.selenium.remote.codec.w3c.W3CHttpResponseCodec.decode(W3CHttpResponseCodec.java:50)\r\n\tat org.openqa.selenium.remote.HttpCommandExecutor.execute(HttpCommandExecutor.java:215)\r\n\tat org.openqa.selenium.remote.service.DriverCommandExecutor.invokeExecute(DriverCommandExecutor.java:216)\r\n\tat org.openqa.selenium.remote.service.DriverCommandExecutor.execute(DriverCommandExecutor.java:174)\r\n\tat org.openqa.selenium.remote.RemoteWebDriver.execute(RemoteWebDriver.java:545)\r\n\tat org.openqa.selenium.remote.ElementLocation$ElementFinder$2.findElement(ElementLocation.java:165)\r\n\tat org.openqa.selenium.remote.ElementLocation.findElement(ElementLocation.java:59)\r\n\tat org.openqa.selenium.remote.RemoteWebDriver.findElement(RemoteWebDriver.java:368)\r\n\tat org.openqa.selenium.remote.RemoteWebDriver.findElement(RemoteWebDriver.java:362)\r\n\tat Utilities.WaitUtils.lambda$0(WaitUtils.java:36)\r\n\tat org.openqa.selenium.support.ui.FluentWait.until(FluentWait.java:203)\r\n\t... 35 more\r\n"},"stage":"finished","steps":[{"name":"Wait for element to be visible with locator: By.cssSelector: [title=\"Continue\"]","status":"broken","statusDetails":{"known":false,"muted":false,"flaky":false,"message":"Expected condition failed: waiting for Utilities.WaitUtils$$Lambda/0x000001b535478468@438a2337 (tried for 5 second(s) with 500 milliseconds interval)","trace":"org.openqa.selenium.TimeoutException: Expected condition failed: waiting for Utilities.WaitUtils$$Lambda/0x000001b535478468@438a2337 (tried for 5 second(s) with 500 milliseconds interval)\r\n\tat org.openqa.selenium.support.ui.WebDriverWait.timeoutException(WebDriverWait.java:84)\r\n\tat org.openqa.selenium.support.ui.FluentWait.until(FluentWait.java:228)\r\n\tat Utilities.WaitUtils.waitForElementToBePresent(WaitUtils.java:36)\r\n\tat Utilities.WaitUtils.lambda$1(WaitUtils.java:44)\r\n\tat org.openqa.selenium.support.ui.FluentWait.until(FluentWait.java:203)\r\n\tat Utilities.WaitUtils.waitForElementToBeVisible(WaitUtils.java:43)\r\n\tat Utilities.WaitUtils.lambda$2(WaitUtils.java:54)\r\n\tat org.openqa.selenium.support.ui.FluentWait.until(FluentWait.java:203)\r\n\tat Utilities.WaitUtils.waitForElementToBeClickable(WaitUtils.java:53)\r\n\tat Utilities.ElementUtils.clickOnElement(ElementUtils.java:36)\r\n\tat Pages.P01_LoginPage.terminateSession(P01_LoginPage.java:26)\r\n\tat Tests.TC04_GroupsAdminTest.validGroupsTC(TC04_GroupsAdminTest.java:28)\r\n\tat java.base/jdk.internal.reflect.DirectMethodHandleAccessor.invoke(DirectMethodHandleAccessor.java:103)\r\n\tat java.base/java.lang.reflect.Method.invoke(Method.java:580)\r\n\tat org.testng.internal.invokers.MethodInvocationHelper.invokeMethod(MethodInvocationHelper.java:141)\r\n\tat org.testng.internal.invokers.TestInvoker.invokeMethod(TestInvoker.java:687)\r\n\tat org.testng.internal.invokers.TestInvoker.invokeTestMethod(TestInvoker.java:230)\r\n\tat org.testng.internal.invokers.MethodRunner.runInSequence(MethodRunner.java:63)\r\n\tat org.testng.internal.invokers.TestInvoker$MethodInvocationAgent.invoke(TestInvoker.java:995)\r\n\tat org.testng.internal.invokers.TestInvoker.invokeTestMethods(TestInvoker.java:203)\r\n\tat org.testng.internal.invokers.TestMethodWorker.invokeTestMethods(TestMethodWorker.java:154)\r\n\tat org.testng.internal.invokers.TestMethodWorker.run(TestMethodWorker.java:134)\r\n\tat java.base/java.util.ArrayList.forEach(ArrayList.java:1597)\r\n\tat org.testng.TestRunner.privateRun(TestRunner.java:741)\r\n\tat org.testng.TestRunner.run(TestRunner.java:616)\r\n\tat org.testng.SuiteRunner.runTest(SuiteRunner.java:421)\r\n\tat org.testng.SuiteRunner.runSequentially(SuiteRunner.java:413)\r\n\tat org.testng.SuiteRunner.privateRun(SuiteRunner.java:373)\r\n\tat org.testng.SuiteRunner.run(SuiteRunner.java:312)\r\n\tat org.testng.SuiteRunnerWorker.runSuite(SuiteRunnerWorker.java:52)\r\n\tat org.testng.SuiteRunnerWorker.run(SuiteRunnerWorker.java:95)\r\n\tat org.testng.TestNG.runSuitesSequentially(TestNG.java:1274)\r\n\tat org.testng.TestNG.runSuitesLocally(TestNG.java:1208)\r\n\tat org.testng.TestNG.runSuites(TestNG.java:1112)\r\n\tat org.testng.TestNG.run(TestNG.java:1079)\r\n\tat com.intellij.rt.testng.IDEARemoteTestNG.run(IDEARemoteTestNG.java:65)\r\n\tat com.intellij.rt.testng.RemoteTestNGStarter.main(RemoteTestNGStarter.java:105)\r\nCaused by: org.openqa.selenium.NoSuchElementException: no such element: Unable to locate element: {\"method\":\"css selector\",\"selector\":\"[title=\"Continue\"]\"}\n  (Session info: chrome=137.0.7151.103)\nFor documentation on this error, please visit: https://www.selenium.dev/documentation/webdriver/troubleshooting/errors#no-such-element-exception\nBuild info: version: '4.31.0', revision: '1ef9f18787*'\nSystem info: os.name: 'Windows 10', os.arch: 'amd64', os.version: '10.0', java.version: '23.0.2'\nDriver info: org.openqa.selenium.chrome.ChromeDriver\nCommand: [70ae986e93b25824fed61a77f3b78ba8, findElement {value=[title=\"Continue\"], using=css selector}]\nCapabilities {acceptInsecureCerts: false, browserName: chrome, browserVersion: 137.0.7151.103, chrome: {chromedriverVersion: 137.0.7151.70 (dfa4dc56b2ab..., userDataDir: C:\\Users\\MOHAME~1.ADE\\AppDa...}, fedcm:accounts: true, goog:chromeOptions: {debuggerAddress: localhost:61665}, networkConnectionEnabled: false, pageLoadStrategy: normal, platformName: windows, proxy: Proxy(), se:cdp: ws://localhost:61665/devtoo..., se:cdpVersion: 137.0.7151.103, setWindowRect: true, strictFileInteractability: false, timeouts: {implicit: 0, pageLoad: 300000, script: 30000}, unhandledPromptBehavior: dismiss and notify, webauthn:extension:credBlob: true, webauthn:extension:largeBlob: true, webauthn:extension:minPinLength: true, webauthn:extension:prf: true, webauthn:virtualAuthenticators: true}\nSession ID: 70ae986e93b25824fed61a77f3b78ba8\r\n\tat java.base/jdk.internal.reflect.DirectConstructorHandleAccessor.newInstance(DirectConstructorHandleAccessor.java:62)\r\n\tat java.base/java.lang.reflect.Constructor.newInstanceWithCaller(Constructor.java:501)\r\n\tat java.base/java.lang.reflect.Constructor.newInstance(Constructor.java:485)\r\n\tat org.openqa.selenium.remote.ErrorCodec.decode(ErrorCodec.java:167)\r\n\tat org.openqa.selenium.remote.codec.w3c.W3CHttpResponseCodec.decode(W3CHttpResponseCodec.java:138)\r\n\tat org.openqa.selenium.remote.codec.w3c.W3CHttpResponseCodec.decode(W3CHttpResponseCodec.java:50)\r\n\tat org.openqa.selenium.remote.HttpCommandExecutor.execute(HttpCommandExecutor.java:215)\r\n\tat org.openqa.selenium.remote.service.DriverCommandExecutor.invokeExecute(DriverCommandExecutor.java:216)\r\n\tat org.openqa.selenium.remote.service.DriverCommandExecutor.execute(DriverCommandExecutor.java:174)\r\n\tat org.openqa.selenium.remote.RemoteWebDriver.execute(RemoteWebDriver.java:545)\r\n\tat org.openqa.selenium.remote.ElementLocation$ElementFinder$2.findElement(ElementLocation.java:165)\r\n\tat org.openqa.selenium.remote.ElementLocation.findElement(ElementLocation.java:59)\r\n\tat org.openqa.selenium.remote.RemoteWebDriver.findElement(RemoteWebDriver.java:368)\r\n\tat org.openqa.selenium.remote.RemoteWebDriver.findElement(RemoteWebDriver.java:362)\r\n\tat Utilities.WaitUtils.lambda$0(WaitUtils.java:36)\r\n\tat org.openqa.selenium.support.ui.FluentWait.until(FluentWait.java:203)\r\n\t... 35 more\r\n"},"stage":"finished","steps":[{"name":"Wait for element to be present with locator: By.cssSelector: [title=\"Continue\"]","status":"broken","statusDetails":{"known":false,"muted":false,"flaky":false,"message":"Expected condition failed: waiting for Utilities.WaitUtils$$Lambda/0x000001b535478468@438a2337 (tried for 5 second(s) with 500 milliseconds interval)","trace":"org.openqa.selenium.TimeoutException: Expected condition failed: waiting for Utilities.WaitUtils$$Lambda/0x000001b535478468@438a2337 (tried for 5 second(s) with 500 milliseconds interval)\r\n\tat org.openqa.selenium.support.ui.WebDriverWait.timeoutException(WebDriverWait.java:84)\r\n\tat org.openqa.selenium.support.ui.FluentWait.until(FluentWait.java:228)\r\n\tat Utilities.WaitUtils.waitForElementToBePresent(WaitUtils.java:36)\r\n\tat Utilities.WaitUtils.lambda$1(WaitUtils.java:44)\r\n\tat org.openqa.selenium.support.ui.FluentWait.until(FluentWait.java:203)\r\n\tat Utilities.WaitUtils.waitForElementToBeVisible(WaitUtils.java:43)\r\n\tat Utilities.WaitUtils.lambda$2(WaitUtils.java:54)\r\n\tat org.openqa.selenium.support.ui.FluentWait.until(FluentWait.java:203)\r\n\tat Utilities.WaitUtils.waitForElementToBeClickable(WaitUtils.java:53)\r\n\tat Utilities.ElementUtils.clickOnElement(ElementUtils.java:36)\r\n\tat Pages.P01_LoginPage.terminateSession(P01_LoginPage.java:26)\r\n\tat Tests.TC04_GroupsAdminTest.validGroupsTC(TC04_GroupsAdminTest.java:28)\r\n\tat java.base/jdk.internal.reflect.DirectMethodHandleAccessor.invoke(DirectMethodHandleAccessor.java:103)\r\n\tat java.base/java.lang.reflect.Method.invoke(Method.java:580)\r\n\tat org.testng.internal.invokers.MethodInvocationHelper.invokeMethod(MethodInvocationHelper.java:141)\r\n\tat org.testng.internal.invokers.TestInvoker.invokeMethod(TestInvoker.java:687)\r\n\tat org.testng.internal.invokers.TestInvoker.invokeTestMethod(TestInvoker.java:230)\r\n\tat org.testng.internal.invokers.MethodRunner.runInSequence(MethodRunner.java:63)\r\n\tat org.testng.internal.invokers.TestInvoker$MethodInvocationAgent.invoke(TestInvoker.java:995)\r\n\tat org.testng.internal.invokers.TestInvoker.invokeTestMethods(TestInvoker.java:203)\r\n\tat org.testng.internal.invokers.TestMethodWorker.invokeTestMethods(TestMethodWorker.java:154)\r\n\tat org.testng.internal.invokers.TestMethodWorker.run(TestMethodWorker.java:134)\r\n\tat java.base/java.util.ArrayList.forEach(ArrayList.java:1597)\r\n\tat org.testng.TestRunner.privateRun(TestRunner.java:741)\r\n\tat org.testng.TestRunner.run(TestRunner.java:616)\r\n\tat org.testng.SuiteRunner.runTest(SuiteRunner.java:421)\r\n\tat org.testng.SuiteRunner.runSequentially(SuiteRunner.java:413)\r\n\tat org.testng.SuiteRunner.privateRun(SuiteRunner.java:373)\r\n\tat org.testng.SuiteRunner.run(SuiteRunner.java:312)\r\n\tat org.testng.SuiteRunnerWorker.runSuite(SuiteRunnerWorker.java:52)\r\n\tat org.testng.SuiteRunnerWorker.run(SuiteRunnerWorker.java:95)\r\n\tat org.testng.TestNG.runSuitesSequentially(TestNG.java:1274)\r\n\tat org.testng.TestNG.runSuitesLocally(TestNG.java:1208)\r\n\tat org.testng.TestNG.runSuites(TestNG.java:1112)\r\n\tat org.testng.TestNG.run(TestNG.java:1079)\r\n\tat com.intellij.rt.testng.IDEARemoteTestNG.run(IDEARemoteTestNG.java:65)\r\n\tat com.intellij.rt.testng.RemoteTestNGStarter.main(RemoteTestNGStarter.java:105)\r\nCaused by: org.openqa.selenium.NoSuchElementException: no such element: Unable to locate element: {\"method\":\"css selector\",\"selector\":\"[title=\"Continue\"]\"}\n  (Session info: chrome=137.0.7151.103)\nFor documentation on this error, please visit: https://www.selenium.dev/documentation/webdriver/troubleshooting/errors#no-such-element-exception\nBuild info: version: '4.31.0', revision: '1ef9f18787*'\nSystem info: os.name: 'Windows 10', os.arch: 'amd64', os.version: '10.0', java.version: '23.0.2'\nDriver info: org.openqa.selenium.chrome.ChromeDriver\nCommand: [70ae986e93b25824fed61a77f3b78ba8, findElement {value=[title=\"Continue\"], using=css selector}]\nCapabilities {acceptInsecureCerts: false, browserName: chrome, browserVersion: 137.0.7151.103, chrome: {chromedriverVersion: 137.0.7151.70 (dfa4dc56b2ab..., userDataDir: C:\\Users\\MOHAME~1.ADE\\AppDa...}, fedcm:accounts: true, goog:chromeOptions: {debuggerAddress: localhost:61665}, networkConnectionEnabled: false, pageLoadStrategy: normal, platformName: windows, proxy: Proxy(), se:cdp: ws://localhost:61665/devtoo..., se:cdpVersion: 137.0.7151.103, setWindowRect: true, strictFileInteractability: false, timeouts: {implicit: 0, pageLoad: 300000, script: 30000}, unhandledPromptBehavior: dismiss and notify, webauthn:extension:credBlob: true, webauthn:extension:largeBlob: true, webauthn:extension:minPinLength: true, webauthn:extension:prf: true, webauthn:virtualAuthenticators: true}\nSession ID: 70ae986e93b25824fed61a77f3b78ba8\r\n\tat java.base/jdk.internal.reflect.DirectConstructorHandleAccessor.newInstance(DirectConstructorHandleAccessor.java:62)\r\n\tat java.base/java.lang.reflect.Constructor.newInstanceWithCaller(Constructor.java:501)\r\n\tat java.base/java.lang.reflect.Constructor.newInstance(Constructor.java:485)\r\n\tat org.openqa.selenium.remote.ErrorCodec.decode(ErrorCodec.java:167)\r\n\tat org.openqa.selenium.remote.codec.w3c.W3CHttpResponseCodec.decode(W3CHttpResponseCodec.java:138)\r\n\tat org.openqa.selenium.remote.codec.w3c.W3CHttpResponseCodec.decode(W3CHttpResponseCodec.java:50)\r\n\tat org.openqa.selenium.remote.HttpCommandExecutor.execute(HttpCommandExecutor.java:215)\r\n\tat org.openqa.selenium.remote.service.DriverCommandExecutor.invokeExecute(DriverCommandExecutor.java:216)\r\n\tat org.openqa.selenium.remote.service.DriverCommandExecutor.execute(DriverCommandExecutor.java:174)\r\n\tat org.openqa.selenium.remote.RemoteWebDriver.execute(RemoteWebDriver.java:545)\r\n\tat org.openqa.selenium.remote.ElementLocation$ElementFinder$2.findElement(ElementLocation.java:165)\r\n\tat org.openqa.selenium.remote.ElementLocation.findElement(ElementLocation.java:59)\r\n\tat org.openqa.selenium.remote.RemoteWebDriver.findElement(RemoteWebDriver.java:368)\r\n\tat org.openqa.selenium.remote.RemoteWebDriver.findElement(RemoteWebDriver.java:362)\r\n\tat Utilities.WaitUtils.lambda$0(WaitUtils.java:36)\r\n\tat org.openqa.selenium.support.ui.FluentWait.until(FluentWait.java:203)\r\n\t... 35 more\r\n"},"stage":"finished","steps":[],"attachments":[],"parameters":[{"name":"locator","value":"By.cssSelector: [title=\"Continue\"]"}],"start":1749629685777,"stop":1749629690897}],"attachments":[],"parameters":[{"name":"locator","value":"By.cssSelector: [title=\"Continue\"]"}],"start":1749629685776,"stop":1749629690897}],"attachments":[],"parameters":[{"name":"locator","value":"By.cssSelector: [title=\"Continue\"]"}],"start":1749629685776,"stop":1749629690897}],"attachments":[],"parameters":[],"start":1749629685775,"stop":1749629690898},{"name":"Assert login with valid admin credentials","status":"passed","stage":"finished","steps":[{"name":"Assert page URL","status":"passed","stage":"finished","steps":[{"name":"Get current URL","status":"passed","stage":"finished","steps":[],"attachments":[],"parameters":[],"start":1749629690899,"stop":1749629690911},{"name":"Wait for page to load with URL: http://192.168.2.91/iCodeMDT/admin/users","status":"passed","stage":"finished","steps":[],"attachments":[],"parameters":[{"name":"url","value":"http://192.168.2.91/iCodeMDT/admin/users"}],"start":1749629690912,"stop":1749629690916},{"name":"Soft Assert true","status":"passed","stage":"finished","steps":[],"attachments":[],"parameters":[{"name":"condition","value":"true"},{"name":"message","value":"Login with valid admin credentials failed"}],"start":1749629690917,"stop":1749629690917}],"attachments":[],"parameters":[{"name":"expectedUrl","value":"http://192.168.2.91/iCodeMDT/admin/users"},{"name":"message","value":"Login with valid admin credentials failed"}],"start":1749629690899,"stop":1749629690917}],"attachments":[],"parameters":[],"start":1749629690898,"stop":1749629690917},{"name":"Click on Groups button","status":"passed","stage":"finished","steps":[{"name":"Wait for element to be clickable with locator: By.cssSelector: [routerlink=\"/admin/groups\"]","status":"passed","stage":"finished","steps":[{"name":"Wait for element to be visible with locator: By.cssSelector: [routerlink=\"/admin/groups\"]","status":"passed","stage":"finished","steps":[{"name":"Wait for element to be present with locator: By.cssSelector: [routerlink=\"/admin/groups\"]","status":"passed","stage":"finished","steps":[],"attachments":[],"parameters":[{"name":"locator","value":"By.cssSelector: [routerlink=\"/admin/groups\"]"}],"start":1749629690918,"stop":1749629690931}],"attachments":[],"parameters":[{"name":"locator","value":"By.cssSelector: [routerlink=\"/admin/groups\"]"}],"start":1749629690918,"stop":1749629690940}],"attachments":[],"parameters":[{"name":"locator","value":"By.cssSelector: [routerlink=\"/admin/groups\"]"}],"start":1749629690918,"stop":1749629690947}],"attachments":[],"parameters":[],"start":1749629690917,"stop":1749629691098},{"name":"Click on Add New Group Button","status":"passed","stage":"finished","steps":[{"name":"Wait for element to be clickable with locator: By.cssSelector: [title=\"Add new group\"]","status":"passed","stage":"finished","steps":[{"name":"Wait for element to be visible with locator: By.cssSelector: [title=\"Add new group\"]","status":"passed","stage":"finished","steps":[{"name":"Wait for element to be present with locator: By.cssSelector: [title=\"Add new group\"]","status":"passed","stage":"finished","steps":[],"attachments":[],"parameters":[{"name":"locator","value":"By.cssSelector: [title=\"Add new group\"]"}],"start":1749629691102,"stop":1749629691125}],"attachments":[],"parameters":[{"name":"locator","value":"By.cssSelector: [title=\"Add new group\"]"}],"start":1749629691101,"stop":1749629691136}],"attachments":[],"parameters":[{"name":"locator","value":"By.cssSelector: [title=\"Add new group\"]"}],"start":1749629691099,"stop":1749629691145}],"attachments":[],"parameters":[],"start":1749629691099,"stop":1749629691265},{"name":"Enter Group Name: TestGroupName2025-06-11_11-14-44","status":"passed","stage":"finished","steps":[{"name":"Wait for element to be visible with locator: By.cssSelector: [formcontrolname=\"name\"]","status":"passed","stage":"finished","steps":[{"name":"Wait for element to be present with locator: By.cssSelector: [formcontrolname=\"name\"]","status":"passed","stage":"finished","steps":[],"attachments":[],"parameters":[{"name":"locator","value":"By.cssSelector: [formcontrolname=\"name\"]"}],"start":1749629691268,"stop":1749629691286}],"attachments":[],"parameters":[{"name":"locator","value":"By.cssSelector: [formcontrolname=\"name\"]"}],"start":1749629691267,"stop":1749629691296}],"attachments":[],"parameters":[{"name":"groupName","value":"TestGroupName2025-06-11_11-14-44"}],"start":1749629691265,"stop":1749629691569},{"name":"Enter Site: {site}","status":"passed","stage":"finished","steps":[{"name":"Wait for element to be clickable with locator: By.cssSelector: [formcontrolname=\"sites\"]","status":"passed","stage":"finished","steps":[{"name":"Wait for element to be visible with locator: By.cssSelector: [formcontrolname=\"sites\"]","status":"passed","stage":"finished","steps":[{"name":"Wait for element to be present with locator: By.cssSelector: [formcontrolname=\"sites\"]","status":"passed","stage":"finished","steps":[],"attachments":[],"parameters":[{"name":"locator","value":"By.cssSelector: [formcontrolname=\"sites\"]"}],"start":1749629691573,"stop":1749629691586}],"attachments":[],"parameters":[{"name":"locator","value":"By.cssSelector: [formcontrolname=\"sites\"]"}],"start":1749629691572,"stop":1749629691596}],"attachments":[],"parameters":[{"name":"locator","value":"By.cssSelector: [formcontrolname=\"sites\"]"}],"start":1749629691571,"stop":1749629691603},{"name":"Wait for element to be clickable with locator: By.xpath: (//ul[@role=\"listbox\"] //li)[2]","status":"passed","stage":"finished","steps":[{"name":"Wait for element to be visible with locator: By.xpath: (//ul[@role=\"listbox\"] //li)[2]","status":"passed","stage":"finished","steps":[{"name":"Wait for element to be present with locator: By.xpath: (//ul[@role=\"listbox\"] //li)[2]","status":"passed","stage":"finished","steps":[],"attachments":[],"parameters":[{"name":"locator","value":"By.xpath: (//ul[@role=\"listbox\"] //li)[2]"}],"start":1749629691704,"stop":1749629691720},{"name":"Wait for element to be present with locator: By.xpath: (//ul[@role=\"listbox\"] //li)[2]","status":"passed","stage":"finished","steps":[],"attachments":[],"parameters":[{"name":"locator","value":"By.xpath: (//ul[@role=\"listbox\"] //li)[2]"}],"start":1749629692241,"stop":1749629692264}],"attachments":[],"parameters":[{"name":"locator","value":"By.xpath: (//ul[@role=\"listbox\"] //li)[2]"}],"start":1749629691703,"stop":1749629692274}],"attachments":[],"parameters":[{"name":"locator","value":"By.xpath: (//ul[@role=\"listbox\"] //li)[2]"}],"start":1749629691702,"stop":1749629692281}],"attachments":[],"parameters":[],"start":1749629691569,"stop":1749629692369},{"name":"Click on Save Button","status":"passed","stage":"finished","steps":[{"name":"Wait for element to be clickable with locator: By.cssSelector: [title=\"Save\"]","status":"passed","stage":"finished","steps":[{"name":"Wait for element to be visible with locator: By.cssSelector: [title=\"Save\"]","status":"passed","stage":"finished","steps":[{"name":"Wait for element to be present with locator: By.cssSelector: [title=\"Save\"]","status":"passed","stage":"finished","steps":[],"attachments":[],"parameters":[{"name":"locator","value":"By.cssSelector: [title=\"Save\"]"}],"start":1749629692371,"stop":1749629692384}],"attachments":[],"parameters":[{"name":"locator","value":"By.cssSelector: [title=\"Save\"]"}],"start":1749629692371,"stop":1749629692394}],"attachments":[],"parameters":[{"name":"locator","value":"By.cssSelector: [title=\"Save\"]"}],"start":1749629692370,"stop":1749629692401}],"attachments":[],"parameters":[],"start":1749629692370,"stop":1749629692489},{"name":"Search Group by Name: TestGroupName2025-06-11_11-14-44","status":"passed","stage":"finished","steps":[{"name":"Wait for element to be visible with locator: By.cssSelector: input[aria-label=\"Name Filter\"]","status":"passed","stage":"finished","steps":[{"name":"Wait for element to be present with locator: By.cssSelector: input[aria-label=\"Name Filter\"]","status":"passed","stage":"finished","steps":[],"attachments":[],"parameters":[{"name":"locator","value":"By.cssSelector: input[aria-label=\"Name Filter\"]"}],"start":1749629692493,"stop":1749629692522}],"attachments":[],"parameters":[{"name":"locator","value":"By.cssSelector: input[aria-label=\"Name Filter\"]"}],"start":1749629692491,"stop":1749629692547}],"attachments":[],"parameters":[{"name":"groupName","value":"TestGroupName2025-06-11_11-14-44"}],"start":1749629692489,"stop":1749629692751},{"name":"Click on Edit button","status":"passed","stage":"finished","steps":[{"name":"Wait for element to be clickable with locator: By.xpath: //td[.='TestGroupName2025-06-11_11-14-44']/following-sibling::td//a[@title='Edit']","status":"passed","stage":"finished","steps":[{"name":"Wait for element to be visible with locator: By.xpath: //td[.='TestGroupName2025-06-11_11-14-44']/following-sibling::td//a[@title='Edit']","status":"passed","stage":"finished","steps":[{"name":"Wait for element to be present with locator: By.xpath: //td[.='TestGroupName2025-06-11_11-14-44']/following-sibling::td//a[@title='Edit']","status":"passed","stage":"finished","steps":[],"attachments":[],"parameters":[{"name":"locator","value":"By.xpath: //td[.='TestGroupName2025-06-11_11-14-44']/following-sibling::td//a[@title='Edit']"}],"start":1749629692753,"stop":1749629692768}],"attachments":[],"parameters":[{"name":"locator","value":"By.xpath: //td[.='TestGroupName2025-06-11_11-14-44']/following-sibling::td//a[@title='Edit']"}],"start":1749629692753,"stop":1749629692778}],"attachments":[],"parameters":[{"name":"locator","value":"By.xpath: //td[.='TestGroupName2025-06-11_11-14-44']/following-sibling::td//a[@title='Edit']"}],"start":1749629692752,"stop":1749629692785}],"attachments":[],"parameters":[{"name":"groupName","value":"TestGroupName2025-06-11_11-14-44"}],"start":1749629692751,"stop":1749629692878},{"name":"Click on Save Button","status":"passed","stage":"finished","steps":[{"name":"Wait for element to be clickable with locator: By.cssSelector: [title=\"Save\"]","status":"passed","stage":"finished","steps":[{"name":"Wait for element to be visible with locator: By.cssSelector: [title=\"Save\"]","status":"passed","stage":"finished","steps":[{"name":"Wait for element to be present with locator: By.cssSelector: [title=\"Save\"]","status":"passed","stage":"finished","steps":[],"attachments":[],"parameters":[{"name":"locator","value":"By.cssSelector: [title=\"Save\"]"}],"start":1749629692881,"stop":1749629692897}],"attachments":[],"parameters":[{"name":"locator","value":"By.cssSelector: [title=\"Save\"]"}],"start":1749629692880,"stop":1749629692913}],"attachments":[],"parameters":[{"name":"locator","value":"By.cssSelector: [title=\"Save\"]"}],"start":1749629692880,"stop":1749629692921}],"attachments":[],"parameters":[],"start":1749629692878,"stop":1749629693057},{"name":"Assert visibility of Group Edited Alert","status":"passed","stage":"finished","steps":[{"name":"Wait for element to be visible with locator: By.xpath: //p [.=\"Group has been updated successfully\"]","status":"passed","stage":"finished","steps":[{"name":"Wait for element to be present with locator: By.xpath: //p [.=\"Group has been updated successfully\"]","status":"passed","stage":"finished","steps":[],"attachments":[],"parameters":[{"name":"locator","value":"By.xpath: //p [.=\"Group has been updated successfully\"]"}],"start":1749629693063,"stop":1749629693644}],"attachments":[],"parameters":[{"name":"locator","value":"By.xpath: //p [.=\"Group has been updated successfully\"]"}],"start":1749629693060,"stop":1749629693661},{"name":"Soft Assert true","status":"passed","stage":"finished","steps":[],"attachments":[],"parameters":[{"name":"condition","value":"true"},{"name":"message","value":"Group edited alert not visible"}],"start":1749629693699,"stop":1749629693699}],"attachments":[],"parameters":[],"start":1749629693058,"stop":1749629693699},{"name":"Click on OK Button","status":"passed","stage":"finished","steps":[{"name":"Wait for element to be clickable with locator: By.xpath: //button[.=\"OK\"]","status":"passed","stage":"finished","steps":[{"name":"Wait for element to be visible with locator: By.xpath: //button[.=\"OK\"]","status":"passed","stage":"finished","steps":[{"name":"Wait for element to be present with locator: By.xpath: //button[.=\"OK\"]","status":"passed","stage":"finished","steps":[],"attachments":[],"parameters":[{"name":"locator","value":"By.xpath: //button[.=\"OK\"]"}],"start":1749629693701,"stop":1749629693713}],"attachments":[],"parameters":[{"name":"locator","value":"By.xpath: //button[.=\"OK\"]"}],"start":1749629693701,"stop":1749629693721}],"attachments":[],"parameters":[{"name":"locator","value":"By.xpath: //button[.=\"OK\"]"}],"start":1749629693700,"stop":1749629693731}],"attachments":[],"parameters":[],"start":1749629693700,"stop":1749629693825},{"name":"Click on Delete button","status":"passed","stage":"finished","steps":[{"name":"Wait for element to be clickable with locator: By.xpath: //td[.='TestGroupName2025-06-11_11-14-44']/following-sibling::td//a[@title='Delete']","status":"passed","stage":"finished","steps":[{"name":"Wait for element to be visible with locator: By.xpath: //td[.='TestGroupName2025-06-11_11-14-44']/following-sibling::td//a[@title='Delete']","status":"passed","stage":"finished","steps":[{"name":"Wait for element to be present with locator: By.xpath: //td[.='TestGroupName2025-06-11_11-14-44']/following-sibling::td//a[@title='Delete']","status":"passed","stage":"finished","steps":[],"attachments":[],"parameters":[{"name":"locator","value":"By.xpath: //td[.='TestGroupName2025-06-11_11-14-44']/following-sibling::td//a[@title='Delete']"}],"start":1749629693828,"stop":1749629693842}],"attachments":[],"parameters":[{"name":"locator","value":"By.xpath: //td[.='TestGroupName2025-06-11_11-14-44']/following-sibling::td//a[@title='Delete']"}],"start":1749629693827,"stop":1749629693849}],"attachments":[],"parameters":[{"name":"locator","value":"By.xpath: //td[.='TestGroupName2025-06-11_11-14-44']/following-sibling::td//a[@title='Delete']"}],"start":1749629693826,"stop":1749629693857}],"attachments":[],"parameters":[{"name":"groupName","value":"TestGroupName2025-06-11_11-14-44"}],"start":1749629693825,"stop":1749629693944},{"name":"Click on Yes Button","status":"passed","stage":"finished","steps":[{"name":"Wait for element to be clickable with locator: By.xpath: //button[.=\"Yes\"]","status":"passed","stage":"finished","steps":[{"name":"Wait for element to be visible with locator: By.xpath: //button[.=\"Yes\"]","status":"passed","stage":"finished","steps":[{"name":"Wait for element to be present with locator: By.xpath: //button[.=\"Yes\"]","status":"passed","stage":"finished","steps":[],"attachments":[],"parameters":[{"name":"locator","value":"By.xpath: //button[.=\"Yes\"]"}],"start":1749629693946,"stop":1749629693962}],"attachments":[],"parameters":[{"name":"locator","value":"By.xpath: //button[.=\"Yes\"]"}],"start":1749629693946,"stop":1749629693969}],"attachments":[],"parameters":[{"name":"locator","value":"By.xpath: //button[.=\"Yes\"]"}],"start":1749629693945,"stop":1749629693978}],"attachments":[],"parameters":[],"start":1749629693944,"stop":1749629694059},{"name":"Assert visibility of Group Deleted Alert","status":"passed","stage":"finished","steps":[{"name":"Wait for element to be visible with locator: By.xpath: //p [.=\"Selected Group has been deleted successfully\"]","status":"passed","stage":"finished","steps":[{"name":"Wait for element to be present with locator: By.xpath: //p [.=\"Selected Group has been deleted successfully\"]","status":"passed","stage":"finished","steps":[],"attachments":[],"parameters":[{"name":"locator","value":"By.xpath: //p [.=\"Selected Group has been deleted successfully\"]"}],"start":1749629694061,"stop":1749629694603}],"attachments":[],"parameters":[{"name":"locator","value":"By.xpath: //p [.=\"Selected Group has been deleted successfully\"]"}],"start":1749629694060,"stop":1749629694617},{"name":"Soft Assert true","status":"passed","stage":"finished","steps":[],"attachments":[],"parameters":[{"name":"condition","value":"true"},{"name":"message","value":"Group deleted alert not visible"}],"start":1749629694647,"stop":1749629694648}],"attachments":[],"parameters":[],"start":1749629694060,"stop":1749629694648}],"attachments":[{"name":"passed-validGroupsTC","source":"54641b58-84e1-4592-8552-8c98a5aad781-attachment"},{"name":"Logs.log","source":"b2cccf32-5e81-43a5-97d9-8cd870238234-attachment.txt","type":"text/plain"}],"parameters":[],"start":1749629684061,"stop":1749629694767}