{"uuid":"a25765d1-bd4e-4e46-a74b-9424e2c19e4c","historyId":"5668bc62c8a8275f2cd254e51a53486e","fullName":"Tests.TC03_InstitutionsAdminTest.invalidInstitutionsTC","labels":[{"name":"package","value":"Tests.TC03_InstitutionsAdminTest"},{"name":"testClass","value":"Tests.TC03_InstitutionsAdminTest"},{"name":"testMethod","value":"invalidInstitutionsTC"},{"name":"parentSuite","value":"Full Project Runner"},{"name":"suite","value":"Full Project Runner on Chrome"},{"name":"subSuite","value":"Tests.TC03_InstitutionsAdminTest"},{"name":"host","value":"Mohmed-Adel"},{"name":"thread","value":"10172@Mohmed-Adel.main(1)"},{"name":"framework","value":"testng"},{"name":"language","value":"java"}],"links":[],"name":"invalidInstitutionsTC","status":"failed","statusDetails":{"known":false,"muted":false,"flaky":false,"message":"Custom Soft Assertion\n\tName Is Required Message is not Displayed expected [true] but found [false],\n\tName Cannot Contain White Spaces Message is not Displayed expected [true] but found [false]","trace":"java.lang.AssertionError: Custom Soft Assertion\n\tName Is Required Message is not Displayed expected [true] but found [false],\n\tName Cannot Contain White Spaces Message is not Displayed expected [true] but found [false]\r\n\tat org.testng.asserts.SoftAssert.assertAll(SoftAssert.java:46)\r\n\tat Utilities.SoftAssertUtils.softAssertAll(SoftAssertUtils.java:12)\r\n\tat Listeners.TestNGListeners.afterInvocation(TestNGListeners.java:53)\r\n\tat org.testng.internal.invokers.InvokedMethodListenerInvoker.invokeListener(InvokedMethodListenerInvoker.java:59)\r\n\tat org.testng.internal.invokers.BaseInvoker.runInvokedMethodListeners(BaseInvoker.java:82)\r\n\tat org.testng.internal.invokers.TestInvoker.invokeMethod(TestInvoker.java:747)\r\n\tat org.testng.internal.invokers.TestInvoker.invokeTestMethod(TestInvoker.java:230)\r\n\tat org.testng.internal.invokers.MethodRunner.runInSequence(MethodRunner.java:63)\r\n\tat org.testng.internal.invokers.TestInvoker$MethodInvocationAgent.invoke(TestInvoker.java:995)\r\n\tat org.testng.internal.invokers.TestInvoker.invokeTestMethods(TestInvoker.java:203)\r\n\tat org.testng.internal.invokers.TestMethodWorker.invokeTestMethods(TestMethodWorker.java:154)\r\n\tat org.testng.internal.invokers.TestMethodWorker.run(TestMethodWorker.java:134)\r\n\tat java.base/java.util.ArrayList.forEach(ArrayList.java:1597)\r\n\tat org.testng.TestRunner.privateRun(TestRunner.java:741)\r\n\tat org.testng.TestRunner.run(TestRunner.java:616)\r\n\tat org.testng.SuiteRunner.runTest(SuiteRunner.java:421)\r\n\tat org.testng.SuiteRunner.runSequentially(SuiteRunner.java:413)\r\n\tat org.testng.SuiteRunner.privateRun(SuiteRunner.java:373)\r\n\tat org.testng.SuiteRunner.run(SuiteRunner.java:312)\r\n\tat org.testng.SuiteRunnerWorker.runSuite(SuiteRunnerWorker.java:52)\r\n\tat org.testng.SuiteRunnerWorker.run(SuiteRunnerWorker.java:95)\r\n\tat org.testng.TestNG.runSuitesSequentially(TestNG.java:1274)\r\n\tat org.testng.TestNG.runSuitesLocally(TestNG.java:1208)\r\n\tat org.testng.TestNG.runSuites(TestNG.java:1112)\r\n\tat org.testng.TestNG.run(TestNG.java:1079)\r\n\tat com.intellij.rt.testng.IDEARemoteTestNG.run(IDEARemoteTestNG.java:65)\r\n\tat com.intellij.rt.testng.RemoteTestNGStarter.main(RemoteTestNGStarter.java:105)\r\n"},"stage":"finished","steps":[{"name":"Navigate to login page","status":"passed","stage":"finished","steps":[{"name":"Navigate to URL: https://192.168.2.90/paip/login","status":"passed","stage":"finished","steps":[],"attachments":[],"parameters":[{"name":"url","value":"https://192.168.2.90/paip/login"}],"start":1750434820794,"stop":1750434839019}],"attachments":[],"parameters":[{"name":"url","value":"https://192.168.2.90/paip/login"}],"start":1750434820793,"stop":1750434839019},{"name":"Enter username","status":"passed","stage":"finished","steps":[{"name":"Wait for element to be visible with locator: By.cssSelector: [formcontrolname=\"username\"]","status":"passed","stage":"finished","steps":[{"name":"Wait for element to be present with locator: By.cssSelector: [formcontrolname=\"username\"]","status":"passed","stage":"finished","steps":[],"attachments":[],"parameters":[{"name":"locator","value":"By.cssSelector: [formcontrolname=\"username\"]"}],"start":1750434839021,"stop":1750434839038}],"attachments":[],"parameters":[{"name":"locator","value":"By.cssSelector: [formcontrolname=\"username\"]"}],"start":1750434839021,"stop":1750434839050}],"attachments":[],"parameters":[{"name":"username","value":"AutomationPowerAdmin@mail.com"}],"start":1750434839020,"stop":1750434839419},{"name":"Enter password","status":"passed","stage":"finished","steps":[{"name":"Wait for element to be visible with locator: By.cssSelector: [formcontrolname=\"password\"]","status":"passed","stage":"finished","steps":[{"name":"Wait for element to be present with locator: By.cssSelector: [formcontrolname=\"password\"]","status":"passed","stage":"finished","steps":[],"attachments":[],"parameters":[{"name":"locator","value":"By.cssSelector: [formcontrolname=\"password\"]"}],"start":1750434839430,"stop":1750434839446}],"attachments":[],"parameters":[{"name":"locator","value":"By.cssSelector: [formcontrolname=\"password\"]"}],"start":1750434839429,"stop":1750434839455}],"attachments":[],"parameters":[{"name":"password","value":"Automation1#"}],"start":1750434839420,"stop":1750434839700},{"name":"Click login button","status":"passed","stage":"finished","steps":[{"name":"Wait for element to be clickable with locator: By.id: btnlogin","status":"passed","stage":"finished","steps":[{"name":"Wait for element to be visible with locator: By.id: btnlogin","status":"passed","stage":"finished","steps":[{"name":"Wait for element to be present with locator: By.id: btnlogin","status":"passed","stage":"finished","steps":[],"attachments":[],"parameters":[{"name":"locator","value":"By.id: btnlogin"}],"start":1750434839703,"stop":1750434839718}],"attachments":[],"parameters":[{"name":"locator","value":"By.id: btnlogin"}],"start":1750434839702,"stop":1750434839727}],"attachments":[],"parameters":[{"name":"locator","value":"By.id: btnlogin"}],"start":1750434839701,"stop":1750434839734}],"attachments":[],"parameters":[],"start":1750434839700,"stop":1750434839810},{"name":"Terminate session if exists","status":"passed","stage":"finished","steps":[{"name":"Wait for element to be clickable with locator: By.cssSelector: [title=\"Continue\"]","status":"broken","statusDetails":{"known":false,"muted":false,"flaky":false,"message":"Expected condition failed: waiting for Utilities.WaitUtils$$Lambda/0x00000224bf476ff0@3ee200ae (tried for 5 second(s) with 500 milliseconds interval)","trace":"org.openqa.selenium.TimeoutException: Expected condition failed: waiting for Utilities.WaitUtils$$Lambda/0x00000224bf476ff0@3ee200ae (tried for 5 second(s) with 500 milliseconds interval)\r\n\tat org.openqa.selenium.support.ui.WebDriverWait.timeoutException(WebDriverWait.java:84)\r\n\tat org.openqa.selenium.support.ui.FluentWait.until(FluentWait.java:228)\r\n\tat Utilities.WaitUtils.waitForElementToBePresent(WaitUtils.java:36)\r\n\tat Utilities.WaitUtils.lambda$waitForElementToBeVisible$1(WaitUtils.java:44)\r\n\tat org.openqa.selenium.support.ui.FluentWait.until(FluentWait.java:203)\r\n\tat Utilities.WaitUtils.waitForElementToBeVisible(WaitUtils.java:43)\r\n\tat Utilities.WaitUtils.lambda$waitForElementToBeClickable$2(WaitUtils.java:54)\r\n\tat org.openqa.selenium.support.ui.FluentWait.until(FluentWait.java:203)\r\n\tat Utilities.WaitUtils.waitForElementToBeClickable(WaitUtils.java:53)\r\n\tat Utilities.ElementUtils.clickOnElement(ElementUtils.java:36)\r\n\tat Pages.P01_LoginPage.terminateSession(P01_LoginPage.java:26)\r\n\tat Tests.TC03_InstitutionsAdminTest.invalidInstitutionsTC(TC03_InstitutionsAdminTest.java:64)\r\n\tat java.base/jdk.internal.reflect.DirectMethodHandleAccessor.invoke(DirectMethodHandleAccessor.java:103)\r\n\tat java.base/java.lang.reflect.Method.invoke(Method.java:580)\r\n\tat org.testng.internal.invokers.MethodInvocationHelper.invokeMethod(MethodInvocationHelper.java:141)\r\n\tat org.testng.internal.invokers.TestInvoker.invokeMethod(TestInvoker.java:687)\r\n\tat org.testng.internal.invokers.TestInvoker.invokeTestMethod(TestInvoker.java:230)\r\n\tat org.testng.internal.invokers.MethodRunner.runInSequence(MethodRunner.java:63)\r\n\tat org.testng.internal.invokers.TestInvoker$MethodInvocationAgent.invoke(TestInvoker.java:995)\r\n\tat org.testng.internal.invokers.TestInvoker.invokeTestMethods(TestInvoker.java:203)\r\n\tat org.testng.internal.invokers.TestMethodWorker.invokeTestMethods(TestMethodWorker.java:154)\r\n\tat org.testng.internal.invokers.TestMethodWorker.run(TestMethodWorker.java:134)\r\n\tat java.base/java.util.ArrayList.forEach(ArrayList.java:1597)\r\n\tat org.testng.TestRunner.privateRun(TestRunner.java:741)\r\n\tat org.testng.TestRunner.run(TestRunner.java:616)\r\n\tat org.testng.SuiteRunner.runTest(SuiteRunner.java:421)\r\n\tat org.testng.SuiteRunner.runSequentially(SuiteRunner.java:413)\r\n\tat org.testng.SuiteRunner.privateRun(SuiteRunner.java:373)\r\n\tat org.testng.SuiteRunner.run(SuiteRunner.java:312)\r\n\tat org.testng.SuiteRunnerWorker.runSuite(SuiteRunnerWorker.java:52)\r\n\tat org.testng.SuiteRunnerWorker.run(SuiteRunnerWorker.java:95)\r\n\tat org.testng.TestNG.runSuitesSequentially(TestNG.java:1274)\r\n\tat org.testng.TestNG.runSuitesLocally(TestNG.java:1208)\r\n\tat org.testng.TestNG.runSuites(TestNG.java:1112)\r\n\tat org.testng.TestNG.run(TestNG.java:1079)\r\n\tat com.intellij.rt.testng.IDEARemoteTestNG.run(IDEARemoteTestNG.java:65)\r\n\tat com.intellij.rt.testng.RemoteTestNGStarter.main(RemoteTestNGStarter.java:105)\r\nCaused by: org.openqa.selenium.NoSuchElementException: no such element: Unable to locate element: {\"method\":\"css selector\",\"selector\":\"[title=\"Continue\"]\"}\n  (Session info: chrome=137.0.7151.104)\nFor documentation on this error, please visit: https://www.selenium.dev/documentation/webdriver/troubleshooting/errors#no-such-element-exception\nBuild info: version: '4.31.0', revision: '1ef9f18787*'\nSystem info: os.name: 'Windows 10', os.arch: 'amd64', os.version: '10.0', java.version: '23.0.2'\nDriver info: org.openqa.selenium.chrome.ChromeDriver\nCommand: [d4a499015d133cf7b6340a50e11af5ed, findElement {value=[title=\"Continue\"], using=css selector}]\nCapabilities {acceptInsecureCerts: true, browserName: chrome, browserVersion: 137.0.7151.104, chrome: {chromedriverVersion: 137.0.7151.119 (e0ac9d12dff..., userDataDir: C:\\Users\\MOHAME~1.OFF\\AppDa...}, fedcm:accounts: true, goog:chromeOptions: {debuggerAddress: localhost:64063}, networkConnectionEnabled: false, pageLoadStrategy: normal, platformName: windows, proxy: Proxy(), se:cdp: ws://localhost:64063/devtoo..., se:cdpVersion: 137.0.7151.104, setWindowRect: true, strictFileInteractability: false, timeouts: {implicit: 0, pageLoad: 300000, script: 30000}, unhandledPromptBehavior: dismiss and notify, webauthn:extension:credBlob: true, webauthn:extension:largeBlob: true, webauthn:extension:minPinLength: true, webauthn:extension:prf: true, webauthn:virtualAuthenticators: true}\nSession ID: d4a499015d133cf7b6340a50e11af5ed\r\n\tat java.base/jdk.internal.reflect.DirectConstructorHandleAccessor.newInstance(DirectConstructorHandleAccessor.java:62)\r\n\tat java.base/java.lang.reflect.Constructor.newInstanceWithCaller(Constructor.java:501)\r\n\tat java.base/java.lang.reflect.Constructor.newInstance(Constructor.java:485)\r\n\tat org.openqa.selenium.remote.ErrorCodec.decode(ErrorCodec.java:167)\r\n\tat org.openqa.selenium.remote.codec.w3c.W3CHttpResponseCodec.decode(W3CHttpResponseCodec.java:138)\r\n\tat org.openqa.selenium.remote.codec.w3c.W3CHttpResponseCodec.decode(W3CHttpResponseCodec.java:50)\r\n\tat org.openqa.selenium.remote.HttpCommandExecutor.execute(HttpCommandExecutor.java:215)\r\n\tat org.openqa.selenium.remote.service.DriverCommandExecutor.invokeExecute(DriverCommandExecutor.java:216)\r\n\tat org.openqa.selenium.remote.service.DriverCommandExecutor.execute(DriverCommandExecutor.java:174)\r\n\tat org.openqa.selenium.remote.RemoteWebDriver.execute(RemoteWebDriver.java:545)\r\n\tat org.openqa.selenium.remote.ElementLocation$ElementFinder$2.findElement(ElementLocation.java:165)\r\n\tat org.openqa.selenium.remote.ElementLocation.findElement(ElementLocation.java:59)\r\n\tat org.openqa.selenium.remote.RemoteWebDriver.findElement(RemoteWebDriver.java:368)\r\n\tat org.openqa.selenium.remote.RemoteWebDriver.findElement(RemoteWebDriver.java:362)\r\n\tat Utilities.WaitUtils.lambda$waitForElementToBePresent$0(WaitUtils.java:36)\r\n\tat org.openqa.selenium.support.ui.FluentWait.until(FluentWait.java:203)\r\n\t... 35 more\r\n"},"stage":"finished","steps":[{"name":"Wait for element to be visible with locator: By.cssSelector: [title=\"Continue\"]","status":"broken","statusDetails":{"known":false,"muted":false,"flaky":false,"message":"Expected condition failed: waiting for Utilities.WaitUtils$$Lambda/0x00000224bf476ff0@3ee200ae (tried for 5 second(s) with 500 milliseconds interval)","trace":"org.openqa.selenium.TimeoutException: Expected condition failed: waiting for Utilities.WaitUtils$$Lambda/0x00000224bf476ff0@3ee200ae (tried for 5 second(s) with 500 milliseconds interval)\r\n\tat org.openqa.selenium.support.ui.WebDriverWait.timeoutException(WebDriverWait.java:84)\r\n\tat org.openqa.selenium.support.ui.FluentWait.until(FluentWait.java:228)\r\n\tat Utilities.WaitUtils.waitForElementToBePresent(WaitUtils.java:36)\r\n\tat Utilities.WaitUtils.lambda$waitForElementToBeVisible$1(WaitUtils.java:44)\r\n\tat org.openqa.selenium.support.ui.FluentWait.until(FluentWait.java:203)\r\n\tat Utilities.WaitUtils.waitForElementToBeVisible(WaitUtils.java:43)\r\n\tat Utilities.WaitUtils.lambda$waitForElementToBeClickable$2(WaitUtils.java:54)\r\n\tat org.openqa.selenium.support.ui.FluentWait.until(FluentWait.java:203)\r\n\tat Utilities.WaitUtils.waitForElementToBeClickable(WaitUtils.java:53)\r\n\tat Utilities.ElementUtils.clickOnElement(ElementUtils.java:36)\r\n\tat Pages.P01_LoginPage.terminateSession(P01_LoginPage.java:26)\r\n\tat Tests.TC03_InstitutionsAdminTest.invalidInstitutionsTC(TC03_InstitutionsAdminTest.java:64)\r\n\tat java.base/jdk.internal.reflect.DirectMethodHandleAccessor.invoke(DirectMethodHandleAccessor.java:103)\r\n\tat java.base/java.lang.reflect.Method.invoke(Method.java:580)\r\n\tat org.testng.internal.invokers.MethodInvocationHelper.invokeMethod(MethodInvocationHelper.java:141)\r\n\tat org.testng.internal.invokers.TestInvoker.invokeMethod(TestInvoker.java:687)\r\n\tat org.testng.internal.invokers.TestInvoker.invokeTestMethod(TestInvoker.java:230)\r\n\tat org.testng.internal.invokers.MethodRunner.runInSequence(MethodRunner.java:63)\r\n\tat org.testng.internal.invokers.TestInvoker$MethodInvocationAgent.invoke(TestInvoker.java:995)\r\n\tat org.testng.internal.invokers.TestInvoker.invokeTestMethods(TestInvoker.java:203)\r\n\tat org.testng.internal.invokers.TestMethodWorker.invokeTestMethods(TestMethodWorker.java:154)\r\n\tat org.testng.internal.invokers.TestMethodWorker.run(TestMethodWorker.java:134)\r\n\tat java.base/java.util.ArrayList.forEach(ArrayList.java:1597)\r\n\tat org.testng.TestRunner.privateRun(TestRunner.java:741)\r\n\tat org.testng.TestRunner.run(TestRunner.java:616)\r\n\tat org.testng.SuiteRunner.runTest(SuiteRunner.java:421)\r\n\tat org.testng.SuiteRunner.runSequentially(SuiteRunner.java:413)\r\n\tat org.testng.SuiteRunner.privateRun(SuiteRunner.java:373)\r\n\tat org.testng.SuiteRunner.run(SuiteRunner.java:312)\r\n\tat org.testng.SuiteRunnerWorker.runSuite(SuiteRunnerWorker.java:52)\r\n\tat org.testng.SuiteRunnerWorker.run(SuiteRunnerWorker.java:95)\r\n\tat org.testng.TestNG.runSuitesSequentially(TestNG.java:1274)\r\n\tat org.testng.TestNG.runSuitesLocally(TestNG.java:1208)\r\n\tat org.testng.TestNG.runSuites(TestNG.java:1112)\r\n\tat org.testng.TestNG.run(TestNG.java:1079)\r\n\tat com.intellij.rt.testng.IDEARemoteTestNG.run(IDEARemoteTestNG.java:65)\r\n\tat com.intellij.rt.testng.RemoteTestNGStarter.main(RemoteTestNGStarter.java:105)\r\nCaused by: org.openqa.selenium.NoSuchElementException: no such element: Unable to locate element: {\"method\":\"css selector\",\"selector\":\"[title=\"Continue\"]\"}\n  (Session info: chrome=137.0.7151.104)\nFor documentation on this error, please visit: https://www.selenium.dev/documentation/webdriver/troubleshooting/errors#no-such-element-exception\nBuild info: version: '4.31.0', revision: '1ef9f18787*'\nSystem info: os.name: 'Windows 10', os.arch: 'amd64', os.version: '10.0', java.version: '23.0.2'\nDriver info: org.openqa.selenium.chrome.ChromeDriver\nCommand: [d4a499015d133cf7b6340a50e11af5ed, findElement {value=[title=\"Continue\"], using=css selector}]\nCapabilities {acceptInsecureCerts: true, browserName: chrome, browserVersion: 137.0.7151.104, chrome: {chromedriverVersion: 137.0.7151.119 (e0ac9d12dff..., userDataDir: C:\\Users\\MOHAME~1.OFF\\AppDa...}, fedcm:accounts: true, goog:chromeOptions: {debuggerAddress: localhost:64063}, networkConnectionEnabled: false, pageLoadStrategy: normal, platformName: windows, proxy: Proxy(), se:cdp: ws://localhost:64063/devtoo..., se:cdpVersion: 137.0.7151.104, setWindowRect: true, strictFileInteractability: false, timeouts: {implicit: 0, pageLoad: 300000, script: 30000}, unhandledPromptBehavior: dismiss and notify, webauthn:extension:credBlob: true, webauthn:extension:largeBlob: true, webauthn:extension:minPinLength: true, webauthn:extension:prf: true, webauthn:virtualAuthenticators: true}\nSession ID: d4a499015d133cf7b6340a50e11af5ed\r\n\tat java.base/jdk.internal.reflect.DirectConstructorHandleAccessor.newInstance(DirectConstructorHandleAccessor.java:62)\r\n\tat java.base/java.lang.reflect.Constructor.newInstanceWithCaller(Constructor.java:501)\r\n\tat java.base/java.lang.reflect.Constructor.newInstance(Constructor.java:485)\r\n\tat org.openqa.selenium.remote.ErrorCodec.decode(ErrorCodec.java:167)\r\n\tat org.openqa.selenium.remote.codec.w3c.W3CHttpResponseCodec.decode(W3CHttpResponseCodec.java:138)\r\n\tat org.openqa.selenium.remote.codec.w3c.W3CHttpResponseCodec.decode(W3CHttpResponseCodec.java:50)\r\n\tat org.openqa.selenium.remote.HttpCommandExecutor.execute(HttpCommandExecutor.java:215)\r\n\tat org.openqa.selenium.remote.service.DriverCommandExecutor.invokeExecute(DriverCommandExecutor.java:216)\r\n\tat org.openqa.selenium.remote.service.DriverCommandExecutor.execute(DriverCommandExecutor.java:174)\r\n\tat org.openqa.selenium.remote.RemoteWebDriver.execute(RemoteWebDriver.java:545)\r\n\tat org.openqa.selenium.remote.ElementLocation$ElementFinder$2.findElement(ElementLocation.java:165)\r\n\tat org.openqa.selenium.remote.ElementLocation.findElement(ElementLocation.java:59)\r\n\tat org.openqa.selenium.remote.RemoteWebDriver.findElement(RemoteWebDriver.java:368)\r\n\tat org.openqa.selenium.remote.RemoteWebDriver.findElement(RemoteWebDriver.java:362)\r\n\tat Utilities.WaitUtils.lambda$waitForElementToBePresent$0(WaitUtils.java:36)\r\n\tat org.openqa.selenium.support.ui.FluentWait.until(FluentWait.java:203)\r\n\t... 35 more\r\n"},"stage":"finished","steps":[{"name":"Wait for element to be present with locator: By.cssSelector: [title=\"Continue\"]","status":"broken","statusDetails":{"known":false,"muted":false,"flaky":false,"message":"Expected condition failed: waiting for Utilities.WaitUtils$$Lambda/0x00000224bf476ff0@3ee200ae (tried for 5 second(s) with 500 milliseconds interval)","trace":"org.openqa.selenium.TimeoutException: Expected condition failed: waiting for Utilities.WaitUtils$$Lambda/0x00000224bf476ff0@3ee200ae (tried for 5 second(s) with 500 milliseconds interval)\r\n\tat org.openqa.selenium.support.ui.WebDriverWait.timeoutException(WebDriverWait.java:84)\r\n\tat org.openqa.selenium.support.ui.FluentWait.until(FluentWait.java:228)\r\n\tat Utilities.WaitUtils.waitForElementToBePresent(WaitUtils.java:36)\r\n\tat Utilities.WaitUtils.lambda$waitForElementToBeVisible$1(WaitUtils.java:44)\r\n\tat org.openqa.selenium.support.ui.FluentWait.until(FluentWait.java:203)\r\n\tat Utilities.WaitUtils.waitForElementToBeVisible(WaitUtils.java:43)\r\n\tat Utilities.WaitUtils.lambda$waitForElementToBeClickable$2(WaitUtils.java:54)\r\n\tat org.openqa.selenium.support.ui.FluentWait.until(FluentWait.java:203)\r\n\tat Utilities.WaitUtils.waitForElementToBeClickable(WaitUtils.java:53)\r\n\tat Utilities.ElementUtils.clickOnElement(ElementUtils.java:36)\r\n\tat Pages.P01_LoginPage.terminateSession(P01_LoginPage.java:26)\r\n\tat Tests.TC03_InstitutionsAdminTest.invalidInstitutionsTC(TC03_InstitutionsAdminTest.java:64)\r\n\tat java.base/jdk.internal.reflect.DirectMethodHandleAccessor.invoke(DirectMethodHandleAccessor.java:103)\r\n\tat java.base/java.lang.reflect.Method.invoke(Method.java:580)\r\n\tat org.testng.internal.invokers.MethodInvocationHelper.invokeMethod(MethodInvocationHelper.java:141)\r\n\tat org.testng.internal.invokers.TestInvoker.invokeMethod(TestInvoker.java:687)\r\n\tat org.testng.internal.invokers.TestInvoker.invokeTestMethod(TestInvoker.java:230)\r\n\tat org.testng.internal.invokers.MethodRunner.runInSequence(MethodRunner.java:63)\r\n\tat org.testng.internal.invokers.TestInvoker$MethodInvocationAgent.invoke(TestInvoker.java:995)\r\n\tat org.testng.internal.invokers.TestInvoker.invokeTestMethods(TestInvoker.java:203)\r\n\tat org.testng.internal.invokers.TestMethodWorker.invokeTestMethods(TestMethodWorker.java:154)\r\n\tat org.testng.internal.invokers.TestMethodWorker.run(TestMethodWorker.java:134)\r\n\tat java.base/java.util.ArrayList.forEach(ArrayList.java:1597)\r\n\tat org.testng.TestRunner.privateRun(TestRunner.java:741)\r\n\tat org.testng.TestRunner.run(TestRunner.java:616)\r\n\tat org.testng.SuiteRunner.runTest(SuiteRunner.java:421)\r\n\tat org.testng.SuiteRunner.runSequentially(SuiteRunner.java:413)\r\n\tat org.testng.SuiteRunner.privateRun(SuiteRunner.java:373)\r\n\tat org.testng.SuiteRunner.run(SuiteRunner.java:312)\r\n\tat org.testng.SuiteRunnerWorker.runSuite(SuiteRunnerWorker.java:52)\r\n\tat org.testng.SuiteRunnerWorker.run(SuiteRunnerWorker.java:95)\r\n\tat org.testng.TestNG.runSuitesSequentially(TestNG.java:1274)\r\n\tat org.testng.TestNG.runSuitesLocally(TestNG.java:1208)\r\n\tat org.testng.TestNG.runSuites(TestNG.java:1112)\r\n\tat org.testng.TestNG.run(TestNG.java:1079)\r\n\tat com.intellij.rt.testng.IDEARemoteTestNG.run(IDEARemoteTestNG.java:65)\r\n\tat com.intellij.rt.testng.RemoteTestNGStarter.main(RemoteTestNGStarter.java:105)\r\nCaused by: org.openqa.selenium.NoSuchElementException: no such element: Unable to locate element: {\"method\":\"css selector\",\"selector\":\"[title=\"Continue\"]\"}\n  (Session info: chrome=137.0.7151.104)\nFor documentation on this error, please visit: https://www.selenium.dev/documentation/webdriver/troubleshooting/errors#no-such-element-exception\nBuild info: version: '4.31.0', revision: '1ef9f18787*'\nSystem info: os.name: 'Windows 10', os.arch: 'amd64', os.version: '10.0', java.version: '23.0.2'\nDriver info: org.openqa.selenium.chrome.ChromeDriver\nCommand: [d4a499015d133cf7b6340a50e11af5ed, findElement {value=[title=\"Continue\"], using=css selector}]\nCapabilities {acceptInsecureCerts: true, browserName: chrome, browserVersion: 137.0.7151.104, chrome: {chromedriverVersion: 137.0.7151.119 (e0ac9d12dff..., userDataDir: C:\\Users\\MOHAME~1.OFF\\AppDa...}, fedcm:accounts: true, goog:chromeOptions: {debuggerAddress: localhost:64063}, networkConnectionEnabled: false, pageLoadStrategy: normal, platformName: windows, proxy: Proxy(), se:cdp: ws://localhost:64063/devtoo..., se:cdpVersion: 137.0.7151.104, setWindowRect: true, strictFileInteractability: false, timeouts: {implicit: 0, pageLoad: 300000, script: 30000}, unhandledPromptBehavior: dismiss and notify, webauthn:extension:credBlob: true, webauthn:extension:largeBlob: true, webauthn:extension:minPinLength: true, webauthn:extension:prf: true, webauthn:virtualAuthenticators: true}\nSession ID: d4a499015d133cf7b6340a50e11af5ed\r\n\tat java.base/jdk.internal.reflect.DirectConstructorHandleAccessor.newInstance(DirectConstructorHandleAccessor.java:62)\r\n\tat java.base/java.lang.reflect.Constructor.newInstanceWithCaller(Constructor.java:501)\r\n\tat java.base/java.lang.reflect.Constructor.newInstance(Constructor.java:485)\r\n\tat org.openqa.selenium.remote.ErrorCodec.decode(ErrorCodec.java:167)\r\n\tat org.openqa.selenium.remote.codec.w3c.W3CHttpResponseCodec.decode(W3CHttpResponseCodec.java:138)\r\n\tat org.openqa.selenium.remote.codec.w3c.W3CHttpResponseCodec.decode(W3CHttpResponseCodec.java:50)\r\n\tat org.openqa.selenium.remote.HttpCommandExecutor.execute(HttpCommandExecutor.java:215)\r\n\tat org.openqa.selenium.remote.service.DriverCommandExecutor.invokeExecute(DriverCommandExecutor.java:216)\r\n\tat org.openqa.selenium.remote.service.DriverCommandExecutor.execute(DriverCommandExecutor.java:174)\r\n\tat org.openqa.selenium.remote.RemoteWebDriver.execute(RemoteWebDriver.java:545)\r\n\tat org.openqa.selenium.remote.ElementLocation$ElementFinder$2.findElement(ElementLocation.java:165)\r\n\tat org.openqa.selenium.remote.ElementLocation.findElement(ElementLocation.java:59)\r\n\tat org.openqa.selenium.remote.RemoteWebDriver.findElement(RemoteWebDriver.java:368)\r\n\tat org.openqa.selenium.remote.RemoteWebDriver.findElement(RemoteWebDriver.java:362)\r\n\tat Utilities.WaitUtils.lambda$waitForElementToBePresent$0(WaitUtils.java:36)\r\n\tat org.openqa.selenium.support.ui.FluentWait.until(FluentWait.java:203)\r\n\t... 35 more\r\n"},"stage":"finished","steps":[],"attachments":[],"parameters":[{"name":"locator","value":"By.cssSelector: [title=\"Continue\"]"}],"start":1750434839811,"stop":1750434845107}],"attachments":[],"parameters":[{"name":"locator","value":"By.cssSelector: [title=\"Continue\"]"}],"start":1750434839811,"stop":1750434845107}],"attachments":[],"parameters":[{"name":"locator","value":"By.cssSelector: [title=\"Continue\"]"}],"start":1750434839810,"stop":1750434845107}],"attachments":[],"parameters":[],"start":1750434839810,"stop":1750434845108},{"name":"Assert login with valid admin credentials","status":"passed","stage":"finished","steps":[{"name":"Assert page URL","status":"passed","stage":"finished","steps":[{"name":"Get current URL","status":"passed","stage":"finished","steps":[],"attachments":[],"parameters":[],"start":1750434845108,"stop":1750434845122},{"name":"Wait for page to load with URL: https://192.168.2.90/paip/admin/users","status":"passed","stage":"finished","steps":[],"attachments":[],"parameters":[{"name":"url","value":"https://192.168.2.90/paip/admin/users"}],"start":1750434845123,"stop":1750434845127},{"name":"Soft Assert true","status":"passed","stage":"finished","steps":[],"attachments":[],"parameters":[{"name":"condition","value":"true"},{"name":"message","value":"Login with valid admin credentials failed"}],"start":1750434845128,"stop":1750434845129}],"attachments":[],"parameters":[{"name":"expectedUrl","value":"https://192.168.2.90/paip/admin/users"},{"name":"message","value":"Login with valid admin credentials failed"}],"start":1750434845108,"stop":1750434845129}],"attachments":[],"parameters":[],"start":1750434845108,"stop":1750434845129},{"name":"Click on Institution Button","status":"passed","stage":"finished","steps":[{"name":"Wait for element to be clickable with locator: By.cssSelector: [routerlink=\"/admin/institutions\"]","status":"passed","stage":"finished","steps":[{"name":"Wait for element to be visible with locator: By.cssSelector: [routerlink=\"/admin/institutions\"]","status":"passed","stage":"finished","steps":[{"name":"Wait for element to be present with locator: By.cssSelector: [routerlink=\"/admin/institutions\"]","status":"passed","stage":"finished","steps":[],"attachments":[],"parameters":[{"name":"locator","value":"By.cssSelector: [routerlink=\"/admin/institutions\"]"}],"start":1750434845172,"stop":1750434845184}],"attachments":[],"parameters":[{"name":"locator","value":"By.cssSelector: [routerlink=\"/admin/institutions\"]"}],"start":1750434845172,"stop":1750434845191}],"attachments":[],"parameters":[{"name":"locator","value":"By.cssSelector: [routerlink=\"/admin/institutions\"]"}],"start":1750434845171,"stop":1750434845199}],"attachments":[],"parameters":[],"start":1750434845169,"stop":1750434845343},{"name":"Click on Add Button","status":"passed","stage":"finished","steps":[{"name":"Wait for element to be clickable with locator: By.id: addNewInstitution","status":"passed","stage":"finished","steps":[{"name":"Wait for element to be visible with locator: By.id: addNewInstitution","status":"passed","stage":"finished","steps":[{"name":"Wait for element to be present with locator: By.id: addNewInstitution","status":"passed","stage":"finished","steps":[],"attachments":[],"parameters":[{"name":"locator","value":"By.id: addNewInstitution"}],"start":1750434845346,"stop":1750434845369}],"attachments":[],"parameters":[{"name":"locator","value":"By.id: addNewInstitution"}],"start":1750434845345,"stop":1750434845706}],"attachments":[],"parameters":[{"name":"locator","value":"By.id: addNewInstitution"}],"start":1750434845344,"stop":1750434845723}],"attachments":[],"parameters":[],"start":1750434845343,"stop":1750434845890},{"name":"Enter Name","status":"passed","stage":"finished","steps":[{"name":"Wait for element to be visible with locator: By.cssSelector: [formcontrolname=\"name\"]","status":"passed","stage":"finished","steps":[{"name":"Wait for element to be present with locator: By.cssSelector: [formcontrolname=\"name\"]","status":"passed","stage":"finished","steps":[],"attachments":[],"parameters":[{"name":"locator","value":"By.cssSelector: [formcontrolname=\"name\"]"}],"start":1750434845893,"stop":1750434845910}],"attachments":[],"parameters":[{"name":"locator","value":"By.cssSelector: [formcontrolname=\"name\"]"}],"start":1750434845892,"stop":1750434845936}],"attachments":[],"parameters":[{"name":"name","value":""}],"start":1750434845891,"stop":1750434846042},{"name":"Check Active Checkbox","status":"passed","stage":"finished","steps":[],"attachments":[],"parameters":[],"start":1750434846043,"stop":1750434846089},{"name":"Assert Visibility of Name is Required Message","status":"passed","stage":"finished","steps":[{"name":"Wait for element to be visible with locator: By.xpath: //div [@class=\"text-danger ng-star-inserted\"][.=\" Name is required \"]","status":"broken","statusDetails":{"known":false,"muted":false,"flaky":false,"message":"Expected condition failed: waiting for Utilities.WaitUtils$$Lambda/0x00000224bf476ff0@30ce78e3 (tried for 5 second(s) with 500 milliseconds interval)","trace":"org.openqa.selenium.TimeoutException: Expected condition failed: waiting for Utilities.WaitUtils$$Lambda/0x00000224bf476ff0@30ce78e3 (tried for 5 second(s) with 500 milliseconds interval)\r\n\tat org.openqa.selenium.support.ui.WebDriverWait.timeoutException(WebDriverWait.java:84)\r\n\tat org.openqa.selenium.support.ui.FluentWait.until(FluentWait.java:228)\r\n\tat Utilities.WaitUtils.waitForElementToBePresent(WaitUtils.java:36)\r\n\tat Utilities.WaitUtils.lambda$waitForElementToBeVisible$1(WaitUtils.java:44)\r\n\tat org.openqa.selenium.support.ui.FluentWait.until(FluentWait.java:203)\r\n\tat Utilities.WaitUtils.waitForElementToBeVisible(WaitUtils.java:43)\r\n\tat Utilities.ElementUtils.verifyVisibilityOfElement(ElementUtils.java:80)\r\n\tat Pages.P03_InstitutionsAdminPage.assertVisibilityOfNameIsRequiredMessage(P03_InstitutionsAdminPage.java:158)\r\n\tat Tests.TC03_InstitutionsAdminTest.invalidInstitutionsTC(TC03_InstitutionsAdminTest.java:72)\r\n\tat java.base/jdk.internal.reflect.DirectMethodHandleAccessor.invoke(DirectMethodHandleAccessor.java:103)\r\n\tat java.base/java.lang.reflect.Method.invoke(Method.java:580)\r\n\tat org.testng.internal.invokers.MethodInvocationHelper.invokeMethod(MethodInvocationHelper.java:141)\r\n\tat org.testng.internal.invokers.TestInvoker.invokeMethod(TestInvoker.java:687)\r\n\tat org.testng.internal.invokers.TestInvoker.invokeTestMethod(TestInvoker.java:230)\r\n\tat org.testng.internal.invokers.MethodRunner.runInSequence(MethodRunner.java:63)\r\n\tat org.testng.internal.invokers.TestInvoker$MethodInvocationAgent.invoke(TestInvoker.java:995)\r\n\tat org.testng.internal.invokers.TestInvoker.invokeTestMethods(TestInvoker.java:203)\r\n\tat org.testng.internal.invokers.TestMethodWorker.invokeTestMethods(TestMethodWorker.java:154)\r\n\tat org.testng.internal.invokers.TestMethodWorker.run(TestMethodWorker.java:134)\r\n\tat java.base/java.util.ArrayList.forEach(ArrayList.java:1597)\r\n\tat org.testng.TestRunner.privateRun(TestRunner.java:741)\r\n\tat org.testng.TestRunner.run(TestRunner.java:616)\r\n\tat org.testng.SuiteRunner.runTest(SuiteRunner.java:421)\r\n\tat org.testng.SuiteRunner.runSequentially(SuiteRunner.java:413)\r\n\tat org.testng.SuiteRunner.privateRun(SuiteRunner.java:373)\r\n\tat org.testng.SuiteRunner.run(SuiteRunner.java:312)\r\n\tat org.testng.SuiteRunnerWorker.runSuite(SuiteRunnerWorker.java:52)\r\n\tat org.testng.SuiteRunnerWorker.run(SuiteRunnerWorker.java:95)\r\n\tat org.testng.TestNG.runSuitesSequentially(TestNG.java:1274)\r\n\tat org.testng.TestNG.runSuitesLocally(TestNG.java:1208)\r\n\tat org.testng.TestNG.runSuites(TestNG.java:1112)\r\n\tat org.testng.TestNG.run(TestNG.java:1079)\r\n\tat com.intellij.rt.testng.IDEARemoteTestNG.run(IDEARemoteTestNG.java:65)\r\n\tat com.intellij.rt.testng.RemoteTestNGStarter.main(RemoteTestNGStarter.java:105)\r\nCaused by: org.openqa.selenium.NoSuchElementException: no such element: Unable to locate element: {\"method\":\"xpath\",\"selector\":\"//div [@class=\"text-danger ng-star-inserted\"][.=\" Name is required \"]\"}\n  (Session info: chrome=137.0.7151.104)\nFor documentation on this error, please visit: https://www.selenium.dev/documentation/webdriver/troubleshooting/errors#no-such-element-exception\nBuild info: version: '4.31.0', revision: '1ef9f18787*'\nSystem info: os.name: 'Windows 10', os.arch: 'amd64', os.version: '10.0', java.version: '23.0.2'\nDriver info: org.openqa.selenium.chrome.ChromeDriver\nCommand: [d4a499015d133cf7b6340a50e11af5ed, findElement {value=//div [@class=\"text-danger ng-star-inserted\"][.=\" Name is required \"], using=xpath}]\nCapabilities {acceptInsecureCerts: true, browserName: chrome, browserVersion: 137.0.7151.104, chrome: {chromedriverVersion: 137.0.7151.119 (e0ac9d12dff..., userDataDir: C:\\Users\\MOHAME~1.OFF\\AppDa...}, fedcm:accounts: true, goog:chromeOptions: {debuggerAddress: localhost:64063}, networkConnectionEnabled: false, pageLoadStrategy: normal, platformName: windows, proxy: Proxy(), se:cdp: ws://localhost:64063/devtoo..., se:cdpVersion: 137.0.7151.104, setWindowRect: true, strictFileInteractability: false, timeouts: {implicit: 0, pageLoad: 300000, script: 30000}, unhandledPromptBehavior: dismiss and notify, webauthn:extension:credBlob: true, webauthn:extension:largeBlob: true, webauthn:extension:minPinLength: true, webauthn:extension:prf: true, webauthn:virtualAuthenticators: true}\nSession ID: d4a499015d133cf7b6340a50e11af5ed\r\n\tat java.base/jdk.internal.reflect.DirectConstructorHandleAccessor.newInstance(DirectConstructorHandleAccessor.java:62)\r\n\tat java.base/java.lang.reflect.Constructor.newInstanceWithCaller(Constructor.java:501)\r\n\tat java.base/java.lang.reflect.Constructor.newInstance(Constructor.java:485)\r\n\tat org.openqa.selenium.remote.ErrorCodec.decode(ErrorCodec.java:167)\r\n\tat org.openqa.selenium.remote.codec.w3c.W3CHttpResponseCodec.decode(W3CHttpResponseCodec.java:138)\r\n\tat org.openqa.selenium.remote.codec.w3c.W3CHttpResponseCodec.decode(W3CHttpResponseCodec.java:50)\r\n\tat org.openqa.selenium.remote.HttpCommandExecutor.execute(HttpCommandExecutor.java:215)\r\n\tat org.openqa.selenium.remote.service.DriverCommandExecutor.invokeExecute(DriverCommandExecutor.java:216)\r\n\tat org.openqa.selenium.remote.service.DriverCommandExecutor.execute(DriverCommandExecutor.java:174)\r\n\tat org.openqa.selenium.remote.RemoteWebDriver.execute(RemoteWebDriver.java:545)\r\n\tat org.openqa.selenium.remote.ElementLocation$ElementFinder$2.findElement(ElementLocation.java:165)\r\n\tat org.openqa.selenium.remote.ElementLocation.findElement(ElementLocation.java:59)\r\n\tat org.openqa.selenium.remote.RemoteWebDriver.findElement(RemoteWebDriver.java:368)\r\n\tat org.openqa.selenium.remote.RemoteWebDriver.findElement(RemoteWebDriver.java:362)\r\n\tat Utilities.WaitUtils.lambda$waitForElementToBePresent$0(WaitUtils.java:36)\r\n\tat org.openqa.selenium.support.ui.FluentWait.until(FluentWait.java:203)\r\n\t... 32 more\r\n"},"stage":"finished","steps":[{"name":"Wait for element to be present with locator: By.xpath: //div [@class=\"text-danger ng-star-inserted\"][.=\" Name is required \"]","status":"broken","statusDetails":{"known":false,"muted":false,"flaky":false,"message":"Expected condition failed: waiting for Utilities.WaitUtils$$Lambda/0x00000224bf476ff0@30ce78e3 (tried for 5 second(s) with 500 milliseconds interval)","trace":"org.openqa.selenium.TimeoutException: Expected condition failed: waiting for Utilities.WaitUtils$$Lambda/0x00000224bf476ff0@30ce78e3 (tried for 5 second(s) with 500 milliseconds interval)\r\n\tat org.openqa.selenium.support.ui.WebDriverWait.timeoutException(WebDriverWait.java:84)\r\n\tat org.openqa.selenium.support.ui.FluentWait.until(FluentWait.java:228)\r\n\tat Utilities.WaitUtils.waitForElementToBePresent(WaitUtils.java:36)\r\n\tat Utilities.WaitUtils.lambda$waitForElementToBeVisible$1(WaitUtils.java:44)\r\n\tat org.openqa.selenium.support.ui.FluentWait.until(FluentWait.java:203)\r\n\tat Utilities.WaitUtils.waitForElementToBeVisible(WaitUtils.java:43)\r\n\tat Utilities.ElementUtils.verifyVisibilityOfElement(ElementUtils.java:80)\r\n\tat Pages.P03_InstitutionsAdminPage.assertVisibilityOfNameIsRequiredMessage(P03_InstitutionsAdminPage.java:158)\r\n\tat Tests.TC03_InstitutionsAdminTest.invalidInstitutionsTC(TC03_InstitutionsAdminTest.java:72)\r\n\tat java.base/jdk.internal.reflect.DirectMethodHandleAccessor.invoke(DirectMethodHandleAccessor.java:103)\r\n\tat java.base/java.lang.reflect.Method.invoke(Method.java:580)\r\n\tat org.testng.internal.invokers.MethodInvocationHelper.invokeMethod(MethodInvocationHelper.java:141)\r\n\tat org.testng.internal.invokers.TestInvoker.invokeMethod(TestInvoker.java:687)\r\n\tat org.testng.internal.invokers.TestInvoker.invokeTestMethod(TestInvoker.java:230)\r\n\tat org.testng.internal.invokers.MethodRunner.runInSequence(MethodRunner.java:63)\r\n\tat org.testng.internal.invokers.TestInvoker$MethodInvocationAgent.invoke(TestInvoker.java:995)\r\n\tat org.testng.internal.invokers.TestInvoker.invokeTestMethods(TestInvoker.java:203)\r\n\tat org.testng.internal.invokers.TestMethodWorker.invokeTestMethods(TestMethodWorker.java:154)\r\n\tat org.testng.internal.invokers.TestMethodWorker.run(TestMethodWorker.java:134)\r\n\tat java.base/java.util.ArrayList.forEach(ArrayList.java:1597)\r\n\tat org.testng.TestRunner.privateRun(TestRunner.java:741)\r\n\tat org.testng.TestRunner.run(TestRunner.java:616)\r\n\tat org.testng.SuiteRunner.runTest(SuiteRunner.java:421)\r\n\tat org.testng.SuiteRunner.runSequentially(SuiteRunner.java:413)\r\n\tat org.testng.SuiteRunner.privateRun(SuiteRunner.java:373)\r\n\tat org.testng.SuiteRunner.run(SuiteRunner.java:312)\r\n\tat org.testng.SuiteRunnerWorker.runSuite(SuiteRunnerWorker.java:52)\r\n\tat org.testng.SuiteRunnerWorker.run(SuiteRunnerWorker.java:95)\r\n\tat org.testng.TestNG.runSuitesSequentially(TestNG.java:1274)\r\n\tat org.testng.TestNG.runSuitesLocally(TestNG.java:1208)\r\n\tat org.testng.TestNG.runSuites(TestNG.java:1112)\r\n\tat org.testng.TestNG.run(TestNG.java:1079)\r\n\tat com.intellij.rt.testng.IDEARemoteTestNG.run(IDEARemoteTestNG.java:65)\r\n\tat com.intellij.rt.testng.RemoteTestNGStarter.main(RemoteTestNGStarter.java:105)\r\nCaused by: org.openqa.selenium.NoSuchElementException: no such element: Unable to locate element: {\"method\":\"xpath\",\"selector\":\"//div [@class=\"text-danger ng-star-inserted\"][.=\" Name is required \"]\"}\n  (Session info: chrome=137.0.7151.104)\nFor documentation on this error, please visit: https://www.selenium.dev/documentation/webdriver/troubleshooting/errors#no-such-element-exception\nBuild info: version: '4.31.0', revision: '1ef9f18787*'\nSystem info: os.name: 'Windows 10', os.arch: 'amd64', os.version: '10.0', java.version: '23.0.2'\nDriver info: org.openqa.selenium.chrome.ChromeDriver\nCommand: [d4a499015d133cf7b6340a50e11af5ed, findElement {value=//div [@class=\"text-danger ng-star-inserted\"][.=\" Name is required \"], using=xpath}]\nCapabilities {acceptInsecureCerts: true, browserName: chrome, browserVersion: 137.0.7151.104, chrome: {chromedriverVersion: 137.0.7151.119 (e0ac9d12dff..., userDataDir: C:\\Users\\MOHAME~1.OFF\\AppDa...}, fedcm:accounts: true, goog:chromeOptions: {debuggerAddress: localhost:64063}, networkConnectionEnabled: false, pageLoadStrategy: normal, platformName: windows, proxy: Proxy(), se:cdp: ws://localhost:64063/devtoo..., se:cdpVersion: 137.0.7151.104, setWindowRect: true, strictFileInteractability: false, timeouts: {implicit: 0, pageLoad: 300000, script: 30000}, unhandledPromptBehavior: dismiss and notify, webauthn:extension:credBlob: true, webauthn:extension:largeBlob: true, webauthn:extension:minPinLength: true, webauthn:extension:prf: true, webauthn:virtualAuthenticators: true}\nSession ID: d4a499015d133cf7b6340a50e11af5ed\r\n\tat java.base/jdk.internal.reflect.DirectConstructorHandleAccessor.newInstance(DirectConstructorHandleAccessor.java:62)\r\n\tat java.base/java.lang.reflect.Constructor.newInstanceWithCaller(Constructor.java:501)\r\n\tat java.base/java.lang.reflect.Constructor.newInstance(Constructor.java:485)\r\n\tat org.openqa.selenium.remote.ErrorCodec.decode(ErrorCodec.java:167)\r\n\tat org.openqa.selenium.remote.codec.w3c.W3CHttpResponseCodec.decode(W3CHttpResponseCodec.java:138)\r\n\tat org.openqa.selenium.remote.codec.w3c.W3CHttpResponseCodec.decode(W3CHttpResponseCodec.java:50)\r\n\tat org.openqa.selenium.remote.HttpCommandExecutor.execute(HttpCommandExecutor.java:215)\r\n\tat org.openqa.selenium.remote.service.DriverCommandExecutor.invokeExecute(DriverCommandExecutor.java:216)\r\n\tat org.openqa.selenium.remote.service.DriverCommandExecutor.execute(DriverCommandExecutor.java:174)\r\n\tat org.openqa.selenium.remote.RemoteWebDriver.execute(RemoteWebDriver.java:545)\r\n\tat org.openqa.selenium.remote.ElementLocation$ElementFinder$2.findElement(ElementLocation.java:165)\r\n\tat org.openqa.selenium.remote.ElementLocation.findElement(ElementLocation.java:59)\r\n\tat org.openqa.selenium.remote.RemoteWebDriver.findElement(RemoteWebDriver.java:368)\r\n\tat org.openqa.selenium.remote.RemoteWebDriver.findElement(RemoteWebDriver.java:362)\r\n\tat Utilities.WaitUtils.lambda$waitForElementToBePresent$0(WaitUtils.java:36)\r\n\tat org.openqa.selenium.support.ui.FluentWait.until(FluentWait.java:203)\r\n\t... 32 more\r\n"},"stage":"finished","steps":[],"attachments":[],"parameters":[{"name":"locator","value":"By.xpath: //div [@class=\"text-danger ng-star-inserted\"][.=\" Name is required \"]"}],"start":1750434846093,"stop":1750434851294}],"attachments":[],"parameters":[{"name":"locator","value":"By.xpath: //div [@class=\"text-danger ng-star-inserted\"][.=\" Name is required \"]"}],"start":1750434846091,"stop":1750434851294},{"name":"Soft Assert true","status":"passed","stage":"finished","steps":[],"attachments":[],"parameters":[{"name":"condition","value":"false"},{"name":"message","value":"Name Is Required Message is not Displayed"}],"start":1750434851294,"stop":1750434851297}],"attachments":[],"parameters":[],"start":1750434846089,"stop":1750434851297},{"name":"Click on Close Button","status":"passed","stage":"finished","steps":[{"name":"Wait for element to be clickable with locator: By.cssSelector: [title=\"Close\"]","status":"passed","stage":"finished","steps":[{"name":"Wait for element to be visible with locator: By.cssSelector: [title=\"Close\"]","status":"passed","stage":"finished","steps":[{"name":"Wait for element to be present with locator: By.cssSelector: [title=\"Close\"]","status":"passed","stage":"finished","steps":[],"attachments":[],"parameters":[{"name":"locator","value":"By.cssSelector: [title=\"Close\"]"}],"start":1750434851300,"stop":1750434851312}],"attachments":[],"parameters":[{"name":"locator","value":"By.cssSelector: [title=\"Close\"]"}],"start":1750434851299,"stop":1750434851320}],"attachments":[],"parameters":[{"name":"locator","value":"By.cssSelector: [title=\"Close\"]"}],"start":1750434851298,"stop":1750434851326}],"attachments":[],"parameters":[],"start":1750434851298,"stop":1750434851411},{"name":"Click on Add Button","status":"passed","stage":"finished","steps":[{"name":"Wait for element to be clickable with locator: By.id: addNewInstitution","status":"passed","stage":"finished","steps":[{"name":"Wait for element to be visible with locator: By.id: addNewInstitution","status":"passed","stage":"finished","steps":[{"name":"Wait for element to be present with locator: By.id: addNewInstitution","status":"passed","stage":"finished","steps":[],"attachments":[],"parameters":[{"name":"locator","value":"By.id: addNewInstitution"}],"start":1750434851413,"stop":1750434851425}],"attachments":[],"parameters":[{"name":"locator","value":"By.id: addNewInstitution"}],"start":1750434851413,"stop":1750434851435}],"attachments":[],"parameters":[{"name":"locator","value":"By.id: addNewInstitution"}],"start":1750434851412,"stop":1750434851442}],"attachments":[],"parameters":[],"start":1750434851411,"stop":1750434851515},{"name":"Enter Name","status":"passed","stage":"finished","steps":[{"name":"Wait for element to be visible with locator: By.cssSelector: [formcontrolname=\"name\"]","status":"passed","stage":"finished","steps":[{"name":"Wait for element to be present with locator: By.cssSelector: [formcontrolname=\"name\"]","status":"passed","stage":"finished","steps":[],"attachments":[],"parameters":[{"name":"locator","value":"By.cssSelector: [formcontrolname=\"name\"]"}],"start":1750434851518,"stop":1750434851530}],"attachments":[],"parameters":[{"name":"locator","value":"By.cssSelector: [formcontrolname=\"name\"]"}],"start":1750434851517,"stop":1750434851540}],"attachments":[],"parameters":[{"name":"name","value":" "}],"start":1750434851516,"stop":1750434851621},{"name":"Check Active Checkbox","status":"passed","stage":"finished","steps":[],"attachments":[],"parameters":[],"start":1750434851621,"stop":1750434851645},{"name":"Assert Visibility of Name Cannot Contain White Spaces Message","status":"passed","stage":"finished","steps":[{"name":"Wait for element to be visible with locator: By.xpath: //div [@class=\"text-danger ng-star-inserted\"][.=\" Name cannot contain white spaces \"]","status":"broken","statusDetails":{"known":false,"muted":false,"flaky":false,"message":"Expected condition failed: waiting for Utilities.WaitUtils$$Lambda/0x00000224bf476ff0@380e470a (tried for 5 second(s) with 500 milliseconds interval)","trace":"org.openqa.selenium.TimeoutException: Expected condition failed: waiting for Utilities.WaitUtils$$Lambda/0x00000224bf476ff0@380e470a (tried for 5 second(s) with 500 milliseconds interval)\r\n\tat org.openqa.selenium.support.ui.WebDriverWait.timeoutException(WebDriverWait.java:84)\r\n\tat org.openqa.selenium.support.ui.FluentWait.until(FluentWait.java:228)\r\n\tat Utilities.WaitUtils.waitForElementToBePresent(WaitUtils.java:36)\r\n\tat Utilities.WaitUtils.lambda$waitForElementToBeVisible$1(WaitUtils.java:44)\r\n\tat org.openqa.selenium.support.ui.FluentWait.until(FluentWait.java:203)\r\n\tat Utilities.WaitUtils.waitForElementToBeVisible(WaitUtils.java:43)\r\n\tat Utilities.ElementUtils.verifyVisibilityOfElement(ElementUtils.java:80)\r\n\tat Pages.P03_InstitutionsAdminPage.assertVisibilityOfNameCannotContainWhiteSpacesMessage(P03_InstitutionsAdminPage.java:165)\r\n\tat Tests.TC03_InstitutionsAdminTest.invalidInstitutionsTC(TC03_InstitutionsAdminTest.java:79)\r\n\tat java.base/jdk.internal.reflect.DirectMethodHandleAccessor.invoke(DirectMethodHandleAccessor.java:103)\r\n\tat java.base/java.lang.reflect.Method.invoke(Method.java:580)\r\n\tat org.testng.internal.invokers.MethodInvocationHelper.invokeMethod(MethodInvocationHelper.java:141)\r\n\tat org.testng.internal.invokers.TestInvoker.invokeMethod(TestInvoker.java:687)\r\n\tat org.testng.internal.invokers.TestInvoker.invokeTestMethod(TestInvoker.java:230)\r\n\tat org.testng.internal.invokers.MethodRunner.runInSequence(MethodRunner.java:63)\r\n\tat org.testng.internal.invokers.TestInvoker$MethodInvocationAgent.invoke(TestInvoker.java:995)\r\n\tat org.testng.internal.invokers.TestInvoker.invokeTestMethods(TestInvoker.java:203)\r\n\tat org.testng.internal.invokers.TestMethodWorker.invokeTestMethods(TestMethodWorker.java:154)\r\n\tat org.testng.internal.invokers.TestMethodWorker.run(TestMethodWorker.java:134)\r\n\tat java.base/java.util.ArrayList.forEach(ArrayList.java:1597)\r\n\tat org.testng.TestRunner.privateRun(TestRunner.java:741)\r\n\tat org.testng.TestRunner.run(TestRunner.java:616)\r\n\tat org.testng.SuiteRunner.runTest(SuiteRunner.java:421)\r\n\tat org.testng.SuiteRunner.runSequentially(SuiteRunner.java:413)\r\n\tat org.testng.SuiteRunner.privateRun(SuiteRunner.java:373)\r\n\tat org.testng.SuiteRunner.run(SuiteRunner.java:312)\r\n\tat org.testng.SuiteRunnerWorker.runSuite(SuiteRunnerWorker.java:52)\r\n\tat org.testng.SuiteRunnerWorker.run(SuiteRunnerWorker.java:95)\r\n\tat org.testng.TestNG.runSuitesSequentially(TestNG.java:1274)\r\n\tat org.testng.TestNG.runSuitesLocally(TestNG.java:1208)\r\n\tat org.testng.TestNG.runSuites(TestNG.java:1112)\r\n\tat org.testng.TestNG.run(TestNG.java:1079)\r\n\tat com.intellij.rt.testng.IDEARemoteTestNG.run(IDEARemoteTestNG.java:65)\r\n\tat com.intellij.rt.testng.RemoteTestNGStarter.main(RemoteTestNGStarter.java:105)\r\nCaused by: org.openqa.selenium.NoSuchElementException: no such element: Unable to locate element: {\"method\":\"xpath\",\"selector\":\"//div [@class=\"text-danger ng-star-inserted\"][.=\" Name cannot contain white spaces \"]\"}\n  (Session info: chrome=137.0.7151.104)\nFor documentation on this error, please visit: https://www.selenium.dev/documentation/webdriver/troubleshooting/errors#no-such-element-exception\nBuild info: version: '4.31.0', revision: '1ef9f18787*'\nSystem info: os.name: 'Windows 10', os.arch: 'amd64', os.version: '10.0', java.version: '23.0.2'\nDriver info: org.openqa.selenium.chrome.ChromeDriver\nCommand: [d4a499015d133cf7b6340a50e11af5ed, findElement {value=//div [@class=\"text-danger ng-star-inserted\"][.=\" Name cannot contain white spaces \"], using=xpath}]\nCapabilities {acceptInsecureCerts: true, browserName: chrome, browserVersion: 137.0.7151.104, chrome: {chromedriverVersion: 137.0.7151.119 (e0ac9d12dff..., userDataDir: C:\\Users\\MOHAME~1.OFF\\AppDa...}, fedcm:accounts: true, goog:chromeOptions: {debuggerAddress: localhost:64063}, networkConnectionEnabled: false, pageLoadStrategy: normal, platformName: windows, proxy: Proxy(), se:cdp: ws://localhost:64063/devtoo..., se:cdpVersion: 137.0.7151.104, setWindowRect: true, strictFileInteractability: false, timeouts: {implicit: 0, pageLoad: 300000, script: 30000}, unhandledPromptBehavior: dismiss and notify, webauthn:extension:credBlob: true, webauthn:extension:largeBlob: true, webauthn:extension:minPinLength: true, webauthn:extension:prf: true, webauthn:virtualAuthenticators: true}\nSession ID: d4a499015d133cf7b6340a50e11af5ed\r\n\tat java.base/jdk.internal.reflect.DirectConstructorHandleAccessor.newInstance(DirectConstructorHandleAccessor.java:62)\r\n\tat java.base/java.lang.reflect.Constructor.newInstanceWithCaller(Constructor.java:501)\r\n\tat java.base/java.lang.reflect.Constructor.newInstance(Constructor.java:485)\r\n\tat org.openqa.selenium.remote.ErrorCodec.decode(ErrorCodec.java:167)\r\n\tat org.openqa.selenium.remote.codec.w3c.W3CHttpResponseCodec.decode(W3CHttpResponseCodec.java:138)\r\n\tat org.openqa.selenium.remote.codec.w3c.W3CHttpResponseCodec.decode(W3CHttpResponseCodec.java:50)\r\n\tat org.openqa.selenium.remote.HttpCommandExecutor.execute(HttpCommandExecutor.java:215)\r\n\tat org.openqa.selenium.remote.service.DriverCommandExecutor.invokeExecute(DriverCommandExecutor.java:216)\r\n\tat org.openqa.selenium.remote.service.DriverCommandExecutor.execute(DriverCommandExecutor.java:174)\r\n\tat org.openqa.selenium.remote.RemoteWebDriver.execute(RemoteWebDriver.java:545)\r\n\tat org.openqa.selenium.remote.ElementLocation$ElementFinder$2.findElement(ElementLocation.java:165)\r\n\tat org.openqa.selenium.remote.ElementLocation.findElement(ElementLocation.java:59)\r\n\tat org.openqa.selenium.remote.RemoteWebDriver.findElement(RemoteWebDriver.java:368)\r\n\tat org.openqa.selenium.remote.RemoteWebDriver.findElement(RemoteWebDriver.java:362)\r\n\tat Utilities.WaitUtils.lambda$waitForElementToBePresent$0(WaitUtils.java:36)\r\n\tat org.openqa.selenium.support.ui.FluentWait.until(FluentWait.java:203)\r\n\t... 32 more\r\n"},"stage":"finished","steps":[{"name":"Wait for element to be present with locator: By.xpath: //div [@class=\"text-danger ng-star-inserted\"][.=\" Name cannot contain white spaces \"]","status":"broken","statusDetails":{"known":false,"muted":false,"flaky":false,"message":"Expected condition failed: waiting for Utilities.WaitUtils$$Lambda/0x00000224bf476ff0@380e470a (tried for 5 second(s) with 500 milliseconds interval)","trace":"org.openqa.selenium.TimeoutException: Expected condition failed: waiting for Utilities.WaitUtils$$Lambda/0x00000224bf476ff0@380e470a (tried for 5 second(s) with 500 milliseconds interval)\r\n\tat org.openqa.selenium.support.ui.WebDriverWait.timeoutException(WebDriverWait.java:84)\r\n\tat org.openqa.selenium.support.ui.FluentWait.until(FluentWait.java:228)\r\n\tat Utilities.WaitUtils.waitForElementToBePresent(WaitUtils.java:36)\r\n\tat Utilities.WaitUtils.lambda$waitForElementToBeVisible$1(WaitUtils.java:44)\r\n\tat org.openqa.selenium.support.ui.FluentWait.until(FluentWait.java:203)\r\n\tat Utilities.WaitUtils.waitForElementToBeVisible(WaitUtils.java:43)\r\n\tat Utilities.ElementUtils.verifyVisibilityOfElement(ElementUtils.java:80)\r\n\tat Pages.P03_InstitutionsAdminPage.assertVisibilityOfNameCannotContainWhiteSpacesMessage(P03_InstitutionsAdminPage.java:165)\r\n\tat Tests.TC03_InstitutionsAdminTest.invalidInstitutionsTC(TC03_InstitutionsAdminTest.java:79)\r\n\tat java.base/jdk.internal.reflect.DirectMethodHandleAccessor.invoke(DirectMethodHandleAccessor.java:103)\r\n\tat java.base/java.lang.reflect.Method.invoke(Method.java:580)\r\n\tat org.testng.internal.invokers.MethodInvocationHelper.invokeMethod(MethodInvocationHelper.java:141)\r\n\tat org.testng.internal.invokers.TestInvoker.invokeMethod(TestInvoker.java:687)\r\n\tat org.testng.internal.invokers.TestInvoker.invokeTestMethod(TestInvoker.java:230)\r\n\tat org.testng.internal.invokers.MethodRunner.runInSequence(MethodRunner.java:63)\r\n\tat org.testng.internal.invokers.TestInvoker$MethodInvocationAgent.invoke(TestInvoker.java:995)\r\n\tat org.testng.internal.invokers.TestInvoker.invokeTestMethods(TestInvoker.java:203)\r\n\tat org.testng.internal.invokers.TestMethodWorker.invokeTestMethods(TestMethodWorker.java:154)\r\n\tat org.testng.internal.invokers.TestMethodWorker.run(TestMethodWorker.java:134)\r\n\tat java.base/java.util.ArrayList.forEach(ArrayList.java:1597)\r\n\tat org.testng.TestRunner.privateRun(TestRunner.java:741)\r\n\tat org.testng.TestRunner.run(TestRunner.java:616)\r\n\tat org.testng.SuiteRunner.runTest(SuiteRunner.java:421)\r\n\tat org.testng.SuiteRunner.runSequentially(SuiteRunner.java:413)\r\n\tat org.testng.SuiteRunner.privateRun(SuiteRunner.java:373)\r\n\tat org.testng.SuiteRunner.run(SuiteRunner.java:312)\r\n\tat org.testng.SuiteRunnerWorker.runSuite(SuiteRunnerWorker.java:52)\r\n\tat org.testng.SuiteRunnerWorker.run(SuiteRunnerWorker.java:95)\r\n\tat org.testng.TestNG.runSuitesSequentially(TestNG.java:1274)\r\n\tat org.testng.TestNG.runSuitesLocally(TestNG.java:1208)\r\n\tat org.testng.TestNG.runSuites(TestNG.java:1112)\r\n\tat org.testng.TestNG.run(TestNG.java:1079)\r\n\tat com.intellij.rt.testng.IDEARemoteTestNG.run(IDEARemoteTestNG.java:65)\r\n\tat com.intellij.rt.testng.RemoteTestNGStarter.main(RemoteTestNGStarter.java:105)\r\nCaused by: org.openqa.selenium.NoSuchElementException: no such element: Unable to locate element: {\"method\":\"xpath\",\"selector\":\"//div [@class=\"text-danger ng-star-inserted\"][.=\" Name cannot contain white spaces \"]\"}\n  (Session info: chrome=137.0.7151.104)\nFor documentation on this error, please visit: https://www.selenium.dev/documentation/webdriver/troubleshooting/errors#no-such-element-exception\nBuild info: version: '4.31.0', revision: '1ef9f18787*'\nSystem info: os.name: 'Windows 10', os.arch: 'amd64', os.version: '10.0', java.version: '23.0.2'\nDriver info: org.openqa.selenium.chrome.ChromeDriver\nCommand: [d4a499015d133cf7b6340a50e11af5ed, findElement {value=//div [@class=\"text-danger ng-star-inserted\"][.=\" Name cannot contain white spaces \"], using=xpath}]\nCapabilities {acceptInsecureCerts: true, browserName: chrome, browserVersion: 137.0.7151.104, chrome: {chromedriverVersion: 137.0.7151.119 (e0ac9d12dff..., userDataDir: C:\\Users\\MOHAME~1.OFF\\AppDa...}, fedcm:accounts: true, goog:chromeOptions: {debuggerAddress: localhost:64063}, networkConnectionEnabled: false, pageLoadStrategy: normal, platformName: windows, proxy: Proxy(), se:cdp: ws://localhost:64063/devtoo..., se:cdpVersion: 137.0.7151.104, setWindowRect: true, strictFileInteractability: false, timeouts: {implicit: 0, pageLoad: 300000, script: 30000}, unhandledPromptBehavior: dismiss and notify, webauthn:extension:credBlob: true, webauthn:extension:largeBlob: true, webauthn:extension:minPinLength: true, webauthn:extension:prf: true, webauthn:virtualAuthenticators: true}\nSession ID: d4a499015d133cf7b6340a50e11af5ed\r\n\tat java.base/jdk.internal.reflect.DirectConstructorHandleAccessor.newInstance(DirectConstructorHandleAccessor.java:62)\r\n\tat java.base/java.lang.reflect.Constructor.newInstanceWithCaller(Constructor.java:501)\r\n\tat java.base/java.lang.reflect.Constructor.newInstance(Constructor.java:485)\r\n\tat org.openqa.selenium.remote.ErrorCodec.decode(ErrorCodec.java:167)\r\n\tat org.openqa.selenium.remote.codec.w3c.W3CHttpResponseCodec.decode(W3CHttpResponseCodec.java:138)\r\n\tat org.openqa.selenium.remote.codec.w3c.W3CHttpResponseCodec.decode(W3CHttpResponseCodec.java:50)\r\n\tat org.openqa.selenium.remote.HttpCommandExecutor.execute(HttpCommandExecutor.java:215)\r\n\tat org.openqa.selenium.remote.service.DriverCommandExecutor.invokeExecute(DriverCommandExecutor.java:216)\r\n\tat org.openqa.selenium.remote.service.DriverCommandExecutor.execute(DriverCommandExecutor.java:174)\r\n\tat org.openqa.selenium.remote.RemoteWebDriver.execute(RemoteWebDriver.java:545)\r\n\tat org.openqa.selenium.remote.ElementLocation$ElementFinder$2.findElement(ElementLocation.java:165)\r\n\tat org.openqa.selenium.remote.ElementLocation.findElement(ElementLocation.java:59)\r\n\tat org.openqa.selenium.remote.RemoteWebDriver.findElement(RemoteWebDriver.java:368)\r\n\tat org.openqa.selenium.remote.RemoteWebDriver.findElement(RemoteWebDriver.java:362)\r\n\tat Utilities.WaitUtils.lambda$waitForElementToBePresent$0(WaitUtils.java:36)\r\n\tat org.openqa.selenium.support.ui.FluentWait.until(FluentWait.java:203)\r\n\t... 32 more\r\n"},"stage":"finished","steps":[],"attachments":[],"parameters":[{"name":"locator","value":"By.xpath: //div [@class=\"text-danger ng-star-inserted\"][.=\" Name cannot contain white spaces \"]"}],"start":1750434851648,"stop":1750434856829}],"attachments":[],"parameters":[{"name":"locator","value":"By.xpath: //div [@class=\"text-danger ng-star-inserted\"][.=\" Name cannot contain white spaces \"]"}],"start":1750434851647,"stop":1750434856829},{"name":"Soft Assert true","status":"passed","stage":"finished","steps":[],"attachments":[],"parameters":[{"name":"condition","value":"false"},{"name":"message","value":"Name Cannot Contain White Spaces Message is not Displayed"}],"start":1750434856830,"stop":1750434856830}],"attachments":[],"parameters":[],"start":1750434851646,"stop":1750434856830}],"attachments":[{"name":"failed-invalidInstitutionsTC","source":"af4c3ed1-167d-454a-8fd2-51071b5c700e-attachment"},{"name":"Logs.log","source":"ea9d8bd6-8af9-49db-b6bb-02d0e119c737-attachment.txt","type":"text/plain"}],"parameters":[{"name":"browser","value":"Chrome"}],"start":1750434820792,"stop":1750434856974}