{"uuid":"ae4e1faf-1b3f-4b5e-86e2-11f24fb104e4","historyId":"c7dd93ce1a742c7fbc91a4f79660e672","fullName":"Tests.TC01_LoginTest.loginWithValidCredentialsTC","labels":[{"name":"package","value":"Tests.TC01_LoginTest"},{"name":"testClass","value":"Tests.TC01_LoginTest"},{"name":"testMethod","value":"loginWithValidCredentialsTC"},{"name":"parentSuite","value":"Default Suite"},{"name":"suite","value":"iCode"},{"name":"subSuite","value":"Tests.TC01_LoginTest"},{"name":"host","value":"DESKTOP-S8RQRUM"},{"name":"thread","value":"9676@DESKTOP-S8RQRUM.main(1)"},{"name":"framework","value":"testng"},{"name":"language","value":"java"}],"links":[],"name":"loginWithValidCredentialsTC","status":"failed","statusDetails":{"known":false,"muted":false,"flaky":false,"message":"Login with valid credentials failed expected [https://www.saucedemo.com/inventory.htm] but found [https://www.saucedemo.com/inventory.html]","trace":"java.lang.AssertionError: Login with valid credentials failed expected [https://www.saucedemo.com/inventory.htm] but found [https://www.saucedemo.com/inventory.html]\r\n\tat org.testng.Assert.fail(Assert.java:111)\r\n\tat org.testng.Assert.failNotEquals(Assert.java:1590)\r\n\tat org.testng.Assert.assertEqualsImpl(Assert.java:150)\r\n\tat org.testng.Assert.assertEquals(Assert.java:132)\r\n\tat org.testng.Assert.assertEquals(Assert.java:656)\r\n\tat Utilities.AssertUtils.assertPageUrl(AssertUtils.java:70)\r\n\tat Pages.P01_LoginPage.assertLoginWithValidCredentials(P01_LoginPage.java:52)\r\n\tat Tests.TC01_LoginTest.loginWithValidCredentialsTC(TC01_LoginTest.java:22)\r\n\tat java.base/jdk.internal.reflect.DirectMethodHandleAccessor.invoke(DirectMethodHandleAccessor.java:103)\r\n\tat java.base/java.lang.reflect.Method.invoke(Method.java:580)\r\n\tat org.testng.internal.invokers.MethodInvocationHelper.invokeMethod(MethodInvocationHelper.java:141)\r\n\tat org.testng.internal.invokers.TestInvoker.invokeMethod(TestInvoker.java:687)\r\n\tat org.testng.internal.invokers.TestInvoker.invokeTestMethod(TestInvoker.java:230)\r\n\tat org.testng.internal.invokers.MethodRunner.runInSequence(MethodRunner.java:63)\r\n\tat org.testng.internal.invokers.TestInvoker$MethodInvocationAgent.invoke(TestInvoker.java:995)\r\n\tat org.testng.internal.invokers.TestInvoker.invokeTestMethods(TestInvoker.java:203)\r\n\tat org.testng.internal.invokers.TestMethodWorker.invokeTestMethods(TestMethodWorker.java:154)\r\n\tat org.testng.internal.invokers.TestMethodWorker.run(TestMethodWorker.java:134)\r\n\tat java.base/java.util.ArrayList.forEach(ArrayList.java:1597)\r\n\tat org.testng.TestRunner.privateRun(TestRunner.java:741)\r\n\tat org.testng.TestRunner.run(TestRunner.java:616)\r\n\tat org.testng.SuiteRunner.runTest(SuiteRunner.java:421)\r\n\tat org.testng.SuiteRunner.runSequentially(SuiteRunner.java:413)\r\n\tat org.testng.SuiteRunner.privateRun(SuiteRunner.java:373)\r\n\tat org.testng.SuiteRunner.run(SuiteRunner.java:312)\r\n\tat org.testng.SuiteRunnerWorker.runSuite(SuiteRunnerWorker.java:52)\r\n\tat org.testng.SuiteRunnerWorker.run(SuiteRunnerWorker.java:95)\r\n\tat org.testng.TestNG.runSuitesSequentially(TestNG.java:1274)\r\n\tat org.testng.TestNG.runSuitesLocally(TestNG.java:1208)\r\n\tat org.testng.TestNG.runSuites(TestNG.java:1112)\r\n\tat org.testng.TestNG.run(TestNG.java:1079)\r\n\tat com.intellij.rt.testng.IDEARemoteTestNG.run(IDEARemoteTestNG.java:65)\r\n\tat com.intellij.rt.testng.RemoteTestNGStarter.main(RemoteTestNGStarter.java:105)\r\n"},"stage":"finished","steps":[{"name":"Navigate to login page","status":"passed","stage":"finished","steps":[{"name":"Navigate to URL: https://www.saucedemo.com/","status":"passed","stage":"finished","steps":[],"attachments":[],"parameters":[{"name":"url","value":"https://www.saucedemo.com/"}],"start":1746031640598,"stop":1746031640916}],"attachments":[],"parameters":[{"name":"url","value":"https://www.saucedemo.com/"}],"start":1746031640567,"stop":1746031640917},{"name":"Enter username","status":"passed","stage":"finished","steps":[{"name":"Wait for element to be visible with locator: By.id: user-name","status":"passed","stage":"finished","steps":[{"name":"Wait for element to be present with locator: By.id: user-name","status":"passed","stage":"finished","steps":[],"attachments":[],"parameters":[{"name":"locator","value":"By.id: user-name"}],"start":1746031641263,"stop":1746031641519}],"attachments":[],"parameters":[{"name":"locator","value":"By.id: user-name"}],"start":1746031641241,"stop":1746031641570},{"name":"Scroll to element with locator: By.id: user-name","status":"passed","stage":"finished","steps":[],"attachments":[],"parameters":[{"name":"locator","value":"By.id: user-name"}],"start":1746031641570,"stop":1746031641688}],"attachments":[],"parameters":[{"name":"username","value":"standard_user"}],"start":1746031641200,"stop":1746031642029},{"name":"Enter password","status":"passed","stage":"finished","steps":[{"name":"Wait for element to be visible with locator: By.id: password","status":"passed","stage":"finished","steps":[{"name":"Wait for element to be present with locator: By.id: password","status":"passed","stage":"finished","steps":[],"attachments":[],"parameters":[{"name":"locator","value":"By.id: password"}],"start":1746031642038,"stop":1746031642061}],"attachments":[],"parameters":[{"name":"locator","value":"By.id: password"}],"start":1746031642037,"stop":1746031642086},{"name":"Scroll to element with locator: By.id: password","status":"passed","stage":"finished","steps":[],"attachments":[],"parameters":[{"name":"locator","value":"By.id: password"}],"start":1746031642086,"stop":1746031642133}],"attachments":[],"parameters":[{"name":"password","value":"secret_sauce"}],"start":1746031642029,"stop":1746031642445},{"name":"Click login button","status":"passed","stage":"finished","steps":[{"name":"Wait for element to be clickable with locator: By.id: login-button","status":"passed","stage":"finished","steps":[{"name":"Wait for element to be visible with locator: By.id: login-button","status":"passed","stage":"finished","steps":[{"name":"Wait for element to be present with locator: By.id: login-button","status":"passed","stage":"finished","steps":[],"attachments":[],"parameters":[{"name":"locator","value":"By.id: login-button"}],"start":1746031642453,"stop":1746031642518}],"attachments":[],"parameters":[{"name":"locator","value":"By.id: login-button"}],"start":1746031642452,"stop":1746031642551}],"attachments":[],"parameters":[{"name":"locator","value":"By.id: login-button"}],"start":1746031642445,"stop":1746031642568},{"name":"Scroll to element with locator: By.id: login-button","status":"passed","stage":"finished","steps":[],"attachments":[],"parameters":[{"name":"locator","value":"By.id: login-button"}],"start":1746031642568,"stop":1746031642649}],"attachments":[],"parameters":[],"start":1746031642445,"stop":1746031643500},{"name":"Assert login with valid credentials","status":"failed","statusDetails":{"known":false,"muted":false,"flaky":false,"message":"Login with valid credentials failed expected [https://www.saucedemo.com/inventory.htm] but found [https://www.saucedemo.com/inventory.html]","trace":"java.lang.AssertionError: Login with valid credentials failed expected [https://www.saucedemo.com/inventory.htm] but found [https://www.saucedemo.com/inventory.html]\r\n\tat org.testng.Assert.fail(Assert.java:111)\r\n\tat org.testng.Assert.failNotEquals(Assert.java:1590)\r\n\tat org.testng.Assert.assertEqualsImpl(Assert.java:150)\r\n\tat org.testng.Assert.assertEquals(Assert.java:132)\r\n\tat org.testng.Assert.assertEquals(Assert.java:656)\r\n\tat Utilities.AssertUtils.assertPageUrl(AssertUtils.java:70)\r\n\tat Pages.P01_LoginPage.assertLoginWithValidCredentials(P01_LoginPage.java:52)\r\n\tat Tests.TC01_LoginTest.loginWithValidCredentialsTC(TC01_LoginTest.java:22)\r\n\tat java.base/jdk.internal.reflect.DirectMethodHandleAccessor.invoke(DirectMethodHandleAccessor.java:103)\r\n\tat java.base/java.lang.reflect.Method.invoke(Method.java:580)\r\n\tat org.testng.internal.invokers.MethodInvocationHelper.invokeMethod(MethodInvocationHelper.java:141)\r\n\tat org.testng.internal.invokers.TestInvoker.invokeMethod(TestInvoker.java:687)\r\n\tat org.testng.internal.invokers.TestInvoker.invokeTestMethod(TestInvoker.java:230)\r\n\tat org.testng.internal.invokers.MethodRunner.runInSequence(MethodRunner.java:63)\r\n\tat org.testng.internal.invokers.TestInvoker$MethodInvocationAgent.invoke(TestInvoker.java:995)\r\n\tat org.testng.internal.invokers.TestInvoker.invokeTestMethods(TestInvoker.java:203)\r\n\tat org.testng.internal.invokers.TestMethodWorker.invokeTestMethods(TestMethodWorker.java:154)\r\n\tat org.testng.internal.invokers.TestMethodWorker.run(TestMethodWorker.java:134)\r\n\tat java.base/java.util.ArrayList.forEach(ArrayList.java:1597)\r\n\tat org.testng.TestRunner.privateRun(TestRunner.java:741)\r\n\tat org.testng.TestRunner.run(TestRunner.java:616)\r\n\tat org.testng.SuiteRunner.runTest(SuiteRunner.java:421)\r\n\tat org.testng.SuiteRunner.runSequentially(SuiteRunner.java:413)\r\n\tat org.testng.SuiteRunner.privateRun(SuiteRunner.java:373)\r\n\tat org.testng.SuiteRunner.run(SuiteRunner.java:312)\r\n\tat org.testng.SuiteRunnerWorker.runSuite(SuiteRunnerWorker.java:52)\r\n\tat org.testng.SuiteRunnerWorker.run(SuiteRunnerWorker.java:95)\r\n\tat org.testng.TestNG.runSuitesSequentially(TestNG.java:1274)\r\n\tat org.testng.TestNG.runSuitesLocally(TestNG.java:1208)\r\n\tat org.testng.TestNG.runSuites(TestNG.java:1112)\r\n\tat org.testng.TestNG.run(TestNG.java:1079)\r\n\tat com.intellij.rt.testng.IDEARemoteTestNG.run(IDEARemoteTestNG.java:65)\r\n\tat com.intellij.rt.testng.RemoteTestNGStarter.main(RemoteTestNGStarter.java:105)\r\n"},"stage":"finished","steps":[{"name":"Assert page URL","status":"failed","statusDetails":{"known":false,"muted":false,"flaky":false,"message":"Login with valid credentials failed expected [https://www.saucedemo.com/inventory.htm] but found [https://www.saucedemo.com/inventory.html]","trace":"java.lang.AssertionError: Login with valid credentials failed expected [https://www.saucedemo.com/inventory.htm] but found [https://www.saucedemo.com/inventory.html]\r\n\tat org.testng.Assert.fail(Assert.java:111)\r\n\tat org.testng.Assert.failNotEquals(Assert.java:1590)\r\n\tat org.testng.Assert.assertEqualsImpl(Assert.java:150)\r\n\tat org.testng.Assert.assertEquals(Assert.java:132)\r\n\tat org.testng.Assert.assertEquals(Assert.java:656)\r\n\tat Utilities.AssertUtils.assertPageUrl(AssertUtils.java:70)\r\n\tat Pages.P01_LoginPage.assertLoginWithValidCredentials(P01_LoginPage.java:52)\r\n\tat Tests.TC01_LoginTest.loginWithValidCredentialsTC(TC01_LoginTest.java:22)\r\n\tat java.base/jdk.internal.reflect.DirectMethodHandleAccessor.invoke(DirectMethodHandleAccessor.java:103)\r\n\tat java.base/java.lang.reflect.Method.invoke(Method.java:580)\r\n\tat org.testng.internal.invokers.MethodInvocationHelper.invokeMethod(MethodInvocationHelper.java:141)\r\n\tat org.testng.internal.invokers.TestInvoker.invokeMethod(TestInvoker.java:687)\r\n\tat org.testng.internal.invokers.TestInvoker.invokeTestMethod(TestInvoker.java:230)\r\n\tat org.testng.internal.invokers.MethodRunner.runInSequence(MethodRunner.java:63)\r\n\tat org.testng.internal.invokers.TestInvoker$MethodInvocationAgent.invoke(TestInvoker.java:995)\r\n\tat org.testng.internal.invokers.TestInvoker.invokeTestMethods(TestInvoker.java:203)\r\n\tat org.testng.internal.invokers.TestMethodWorker.invokeTestMethods(TestMethodWorker.java:154)\r\n\tat org.testng.internal.invokers.TestMethodWorker.run(TestMethodWorker.java:134)\r\n\tat java.base/java.util.ArrayList.forEach(ArrayList.java:1597)\r\n\tat org.testng.TestRunner.privateRun(TestRunner.java:741)\r\n\tat org.testng.TestRunner.run(TestRunner.java:616)\r\n\tat org.testng.SuiteRunner.runTest(SuiteRunner.java:421)\r\n\tat org.testng.SuiteRunner.runSequentially(SuiteRunner.java:413)\r\n\tat org.testng.SuiteRunner.privateRun(SuiteRunner.java:373)\r\n\tat org.testng.SuiteRunner.run(SuiteRunner.java:312)\r\n\tat org.testng.SuiteRunnerWorker.runSuite(SuiteRunnerWorker.java:52)\r\n\tat org.testng.SuiteRunnerWorker.run(SuiteRunnerWorker.java:95)\r\n\tat org.testng.TestNG.runSuitesSequentially(TestNG.java:1274)\r\n\tat org.testng.TestNG.runSuitesLocally(TestNG.java:1208)\r\n\tat org.testng.TestNG.runSuites(TestNG.java:1112)\r\n\tat org.testng.TestNG.run(TestNG.java:1079)\r\n\tat com.intellij.rt.testng.IDEARemoteTestNG.run(IDEARemoteTestNG.java:65)\r\n\tat com.intellij.rt.testng.RemoteTestNGStarter.main(RemoteTestNGStarter.java:105)\r\n"},"stage":"finished","steps":[{"name":"Get current URL","status":"passed","stage":"finished","steps":[],"attachments":[],"parameters":[],"start":1746031643516,"stop":1746031643776}],"attachments":[],"parameters":[{"name":"expectedUrl","value":"https://www.saucedemo.com/inventory.htm"},{"name":"message","value":"Login with valid credentials failed"}],"start":1746031643516,"stop":1746031643791}],"attachments":[],"parameters":[],"start":1746031643500,"stop":1746031643791}],"attachments":[{"name":"failed-loginWithValidCredentialsTC","source":"29c38d25-0874-49f1-902f-e389b001725b-attachment"},{"name":"Logs.log","source":"2a36a14a-45a7-4559-9f6f-58015d698dc5-attachment.txt","type":"text/plain"}],"parameters":[],"start":1746031640083,"stop":1746031644182}