{"uuid":"bd273289-38f4-4f61-aa47-7665ae63cb89","historyId":"9cc578452dbf52044e4d0cecc799aaad","fullName":"Tests.TC04_UserGroupsAdminTest.userGroupsTC","labels":[{"name":"package","value":"Tests.TC04_UserGroupsAdminTest"},{"name":"testClass","value":"Tests.TC04_UserGroupsAdminTest"},{"name":"testMethod","value":"userGroupsTC"},{"name":"parentSuite","value":"Default Suite"},{"name":"suite","value":"iCode"},{"name":"subSuite","value":"Tests.TC04_UserGroupsAdminTest"},{"name":"host","value":"Mohmed-Adel"},{"name":"thread","value":"18248@Mohmed-Adel.main(1)"},{"name":"framework","value":"testng"},{"name":"language","value":"java"}],"links":[],"name":"userGroupsTC","status":"passed","statusDetails":{"known":false,"muted":false,"flaky":false},"stage":"finished","steps":[{"name":"Navigate to login page","status":"passed","stage":"finished","steps":[{"name":"Navigate to URL: http://192.168.2.97/iCodeTFS/login","status":"passed","stage":"finished","steps":[],"attachments":[],"parameters":[{"name":"url","value":"http://192.168.2.97/iCodeTFS/login"}],"start":1747285818818,"stop":1747285819432}],"attachments":[],"parameters":[{"name":"url","value":"http://192.168.2.97/iCodeTFS/login"}],"start":1747285818788,"stop":1747285819432},{"name":"Enter username","status":"passed","stage":"finished","steps":[{"name":"Wait for element to be visible with locator: By.cssSelector: [formcontrolname=\"userName\"]","status":"passed","stage":"finished","steps":[{"name":"Wait for element to be present with locator: By.cssSelector: [formcontrolname=\"userName\"]","status":"passed","stage":"finished","steps":[],"attachments":[],"parameters":[{"name":"locator","value":"By.cssSelector: [formcontrolname=\"userName\"]"}],"start":1747285819453,"stop":1747285819535}],"attachments":[],"parameters":[{"name":"locator","value":"By.cssSelector: [formcontrolname=\"userName\"]"}],"start":1747285819445,"stop":1747285819788}],"attachments":[],"parameters":[{"name":"username","value":"Automation"}],"start":1747285819433,"stop":1747285819861},{"name":"Enter password","status":"passed","stage":"finished","steps":[{"name":"Wait for element to be visible with locator: By.cssSelector: [formcontrolname=\"password\"]","status":"passed","stage":"finished","steps":[{"name":"Wait for element to be present with locator: By.cssSelector: [formcontrolname=\"password\"]","status":"passed","stage":"finished","steps":[],"attachments":[],"parameters":[{"name":"locator","value":"By.cssSelector: [formcontrolname=\"password\"]"}],"start":1747285819863,"stop":1747285819881}],"attachments":[],"parameters":[{"name":"locator","value":"By.cssSelector: [formcontrolname=\"password\"]"}],"start":1747285819862,"stop":1747285819898}],"attachments":[],"parameters":[{"name":"password","value":"Automation1#"}],"start":1747285819861,"stop":1747285820006},{"name":"Click login button","status":"passed","stage":"finished","steps":[{"name":"Wait for element to be clickable with locator: By.id: btnlogin","status":"passed","stage":"finished","steps":[{"name":"Wait for element to be visible with locator: By.id: btnlogin","status":"passed","stage":"finished","steps":[{"name":"Wait for element to be present with locator: By.id: btnlogin","status":"passed","stage":"finished","steps":[],"attachments":[],"parameters":[{"name":"locator","value":"By.id: btnlogin"}],"start":1747285820009,"stop":1747285820034}],"attachments":[],"parameters":[{"name":"locator","value":"By.id: btnlogin"}],"start":1747285820009,"stop":1747285820059}],"attachments":[],"parameters":[{"name":"locator","value":"By.id: btnlogin"}],"start":1747285820008,"stop":1747285820068}],"attachments":[],"parameters":[],"start":1747285820006,"stop":1747285820135},{"name":"Terminate session if exists","status":"passed","stage":"finished","steps":[{"name":"Wait for element to be clickable with locator: By.cssSelector: [title=\"Continue\"]","status":"broken","statusDetails":{"known":false,"muted":false,"flaky":false,"message":"Expected condition failed: waiting for Utilities.WaitUtils$$Lambda/0x000001ada7474af8@2a5d2041 (tried for 15 second(s) with 500 milliseconds interval)","trace":"org.openqa.selenium.TimeoutException: Expected condition failed: waiting for Utilities.WaitUtils$$Lambda/0x000001ada7474af8@2a5d2041 (tried for 15 second(s) with 500 milliseconds interval)\r\n\tat org.openqa.selenium.support.ui.WebDriverWait.timeoutException(WebDriverWait.java:84)\r\n\tat org.openqa.selenium.support.ui.FluentWait.until(FluentWait.java:228)\r\n\tat Utilities.WaitUtils.waitForElementToBePresent(WaitUtils.java:36)\r\n\tat Utilities.WaitUtils.lambda$waitForElementToBeVisible$1(WaitUtils.java:44)\r\n\tat org.openqa.selenium.support.ui.FluentWait.until(FluentWait.java:203)\r\n\tat Utilities.WaitUtils.waitForElementToBeVisible(WaitUtils.java:43)\r\n\tat Utilities.WaitUtils.lambda$waitForElementToBeClickable$2(WaitUtils.java:54)\r\n\tat org.openqa.selenium.support.ui.FluentWait.until(FluentWait.java:203)\r\n\tat Utilities.WaitUtils.waitForElementToBeClickable(WaitUtils.java:53)\r\n\tat Utilities.ElementUtils.clickOnElement(ElementUtils.java:34)\r\n\tat Pages.P01_LoginPage.terminateSession(P01_LoginPage.java:24)\r\n\tat Tests.TC04_UserGroupsAdminTest.userGroupsTC(TC04_UserGroupsAdminTest.java:28)\r\n\tat java.base/jdk.internal.reflect.DirectMethodHandleAccessor.invoke(DirectMethodHandleAccessor.java:103)\r\n\tat java.base/java.lang.reflect.Method.invoke(Method.java:580)\r\n\tat org.testng.internal.invokers.MethodInvocationHelper.invokeMethod(MethodInvocationHelper.java:141)\r\n\tat org.testng.internal.invokers.TestInvoker.invokeMethod(TestInvoker.java:687)\r\n\tat org.testng.internal.invokers.TestInvoker.invokeTestMethod(TestInvoker.java:230)\r\n\tat org.testng.internal.invokers.MethodRunner.runInSequence(MethodRunner.java:63)\r\n\tat org.testng.internal.invokers.TestInvoker$MethodInvocationAgent.invoke(TestInvoker.java:995)\r\n\tat org.testng.internal.invokers.TestInvoker.invokeTestMethods(TestInvoker.java:203)\r\n\tat org.testng.internal.invokers.TestMethodWorker.invokeTestMethods(TestMethodWorker.java:154)\r\n\tat org.testng.internal.invokers.TestMethodWorker.run(TestMethodWorker.java:134)\r\n\tat java.base/java.util.ArrayList.forEach(ArrayList.java:1597)\r\n\tat org.testng.TestRunner.privateRun(TestRunner.java:741)\r\n\tat org.testng.TestRunner.run(TestRunner.java:616)\r\n\tat org.testng.SuiteRunner.runTest(SuiteRunner.java:421)\r\n\tat org.testng.SuiteRunner.runSequentially(SuiteRunner.java:413)\r\n\tat org.testng.SuiteRunner.privateRun(SuiteRunner.java:373)\r\n\tat org.testng.SuiteRunner.run(SuiteRunner.java:312)\r\n\tat org.testng.SuiteRunnerWorker.runSuite(SuiteRunnerWorker.java:52)\r\n\tat org.testng.SuiteRunnerWorker.run(SuiteRunnerWorker.java:95)\r\n\tat org.testng.TestNG.runSuitesSequentially(TestNG.java:1274)\r\n\tat org.testng.TestNG.runSuitesLocally(TestNG.java:1208)\r\n\tat org.testng.TestNG.runSuites(TestNG.java:1112)\r\n\tat org.testng.TestNG.run(TestNG.java:1079)\r\n\tat com.intellij.rt.testng.IDEARemoteTestNG.run(IDEARemoteTestNG.java:65)\r\n\tat com.intellij.rt.testng.RemoteTestNGStarter.main(RemoteTestNGStarter.java:105)\r\nCaused by: org.openqa.selenium.NoSuchElementException: no such element: Unable to locate element: {\"method\":\"css selector\",\"selector\":\"[title=\"Continue\"]\"}\n  (Session info: chrome=136.0.7103.93)\nFor documentation on this error, please visit: https://www.selenium.dev/documentation/webdriver/troubleshooting/errors#no-such-element-exception\nBuild info: version: '4.31.0', revision: '1ef9f18787*'\nSystem info: os.name: 'Windows 10', os.arch: 'amd64', os.version: '10.0', java.version: '23.0.2'\nDriver info: org.openqa.selenium.chrome.ChromeDriver\nCommand: [a0d777c3c922741888c3663507cf3369, findElement {value=[title=\"Continue\"], using=css selector}]\nCapabilities {acceptInsecureCerts: false, browserName: chrome, browserVersion: 136.0.7103.93, chrome: {chromedriverVersion: 136.0.7103.94 (fa0be0b33deb..., userDataDir: C:\\Users\\MOHAME~1.ADE\\AppDa...}, fedcm:accounts: true, goog:chromeOptions: {debuggerAddress: localhost:57796}, networkConnectionEnabled: false, pageLoadStrategy: normal, platformName: windows, proxy: Proxy(), se:cdp: ws://localhost:57796/devtoo..., se:cdpVersion: 136.0.7103.93, setWindowRect: true, strictFileInteractability: false, timeouts: {implicit: 0, pageLoad: 300000, script: 30000}, unhandledPromptBehavior: dismiss and notify, webauthn:extension:credBlob: true, webauthn:extension:largeBlob: true, webauthn:extension:minPinLength: true, webauthn:extension:prf: true, webauthn:virtualAuthenticators: true}\nSession ID: a0d777c3c922741888c3663507cf3369\r\n\tat java.base/jdk.internal.reflect.DirectConstructorHandleAccessor.newInstance(DirectConstructorHandleAccessor.java:62)\r\n\tat java.base/java.lang.reflect.Constructor.newInstanceWithCaller(Constructor.java:501)\r\n\tat java.base/java.lang.reflect.Constructor.newInstance(Constructor.java:485)\r\n\tat org.openqa.selenium.remote.ErrorCodec.decode(ErrorCodec.java:167)\r\n\tat org.openqa.selenium.remote.codec.w3c.W3CHttpResponseCodec.decode(W3CHttpResponseCodec.java:138)\r\n\tat org.openqa.selenium.remote.codec.w3c.W3CHttpResponseCodec.decode(W3CHttpResponseCodec.java:50)\r\n\tat org.openqa.selenium.remote.HttpCommandExecutor.execute(HttpCommandExecutor.java:215)\r\n\tat org.openqa.selenium.remote.service.DriverCommandExecutor.invokeExecute(DriverCommandExecutor.java:216)\r\n\tat org.openqa.selenium.remote.service.DriverCommandExecutor.execute(DriverCommandExecutor.java:174)\r\n\tat org.openqa.selenium.remote.RemoteWebDriver.execute(RemoteWebDriver.java:545)\r\n\tat org.openqa.selenium.remote.ElementLocation$ElementFinder$2.findElement(ElementLocation.java:165)\r\n\tat org.openqa.selenium.remote.ElementLocation.findElement(ElementLocation.java:59)\r\n\tat org.openqa.selenium.remote.RemoteWebDriver.findElement(RemoteWebDriver.java:368)\r\n\tat org.openqa.selenium.remote.RemoteWebDriver.findElement(RemoteWebDriver.java:362)\r\n\tat Utilities.WaitUtils.lambda$waitForElementToBePresent$0(WaitUtils.java:36)\r\n\tat org.openqa.selenium.support.ui.FluentWait.until(FluentWait.java:203)\r\n\t... 35 more\r\n"},"stage":"finished","steps":[{"name":"Wait for element to be visible with locator: By.cssSelector: [title=\"Continue\"]","status":"broken","statusDetails":{"known":false,"muted":false,"flaky":false,"message":"Expected condition failed: waiting for Utilities.WaitUtils$$Lambda/0x000001ada7474af8@2a5d2041 (tried for 15 second(s) with 500 milliseconds interval)","trace":"org.openqa.selenium.TimeoutException: Expected condition failed: waiting for Utilities.WaitUtils$$Lambda/0x000001ada7474af8@2a5d2041 (tried for 15 second(s) with 500 milliseconds interval)\r\n\tat org.openqa.selenium.support.ui.WebDriverWait.timeoutException(WebDriverWait.java:84)\r\n\tat org.openqa.selenium.support.ui.FluentWait.until(FluentWait.java:228)\r\n\tat Utilities.WaitUtils.waitForElementToBePresent(WaitUtils.java:36)\r\n\tat Utilities.WaitUtils.lambda$waitForElementToBeVisible$1(WaitUtils.java:44)\r\n\tat org.openqa.selenium.support.ui.FluentWait.until(FluentWait.java:203)\r\n\tat Utilities.WaitUtils.waitForElementToBeVisible(WaitUtils.java:43)\r\n\tat Utilities.WaitUtils.lambda$waitForElementToBeClickable$2(WaitUtils.java:54)\r\n\tat org.openqa.selenium.support.ui.FluentWait.until(FluentWait.java:203)\r\n\tat Utilities.WaitUtils.waitForElementToBeClickable(WaitUtils.java:53)\r\n\tat Utilities.ElementUtils.clickOnElement(ElementUtils.java:34)\r\n\tat Pages.P01_LoginPage.terminateSession(P01_LoginPage.java:24)\r\n\tat Tests.TC04_UserGroupsAdminTest.userGroupsTC(TC04_UserGroupsAdminTest.java:28)\r\n\tat java.base/jdk.internal.reflect.DirectMethodHandleAccessor.invoke(DirectMethodHandleAccessor.java:103)\r\n\tat java.base/java.lang.reflect.Method.invoke(Method.java:580)\r\n\tat org.testng.internal.invokers.MethodInvocationHelper.invokeMethod(MethodInvocationHelper.java:141)\r\n\tat org.testng.internal.invokers.TestInvoker.invokeMethod(TestInvoker.java:687)\r\n\tat org.testng.internal.invokers.TestInvoker.invokeTestMethod(TestInvoker.java:230)\r\n\tat org.testng.internal.invokers.MethodRunner.runInSequence(MethodRunner.java:63)\r\n\tat org.testng.internal.invokers.TestInvoker$MethodInvocationAgent.invoke(TestInvoker.java:995)\r\n\tat org.testng.internal.invokers.TestInvoker.invokeTestMethods(TestInvoker.java:203)\r\n\tat org.testng.internal.invokers.TestMethodWorker.invokeTestMethods(TestMethodWorker.java:154)\r\n\tat org.testng.internal.invokers.TestMethodWorker.run(TestMethodWorker.java:134)\r\n\tat java.base/java.util.ArrayList.forEach(ArrayList.java:1597)\r\n\tat org.testng.TestRunner.privateRun(TestRunner.java:741)\r\n\tat org.testng.TestRunner.run(TestRunner.java:616)\r\n\tat org.testng.SuiteRunner.runTest(SuiteRunner.java:421)\r\n\tat org.testng.SuiteRunner.runSequentially(SuiteRunner.java:413)\r\n\tat org.testng.SuiteRunner.privateRun(SuiteRunner.java:373)\r\n\tat org.testng.SuiteRunner.run(SuiteRunner.java:312)\r\n\tat org.testng.SuiteRunnerWorker.runSuite(SuiteRunnerWorker.java:52)\r\n\tat org.testng.SuiteRunnerWorker.run(SuiteRunnerWorker.java:95)\r\n\tat org.testng.TestNG.runSuitesSequentially(TestNG.java:1274)\r\n\tat org.testng.TestNG.runSuitesLocally(TestNG.java:1208)\r\n\tat org.testng.TestNG.runSuites(TestNG.java:1112)\r\n\tat org.testng.TestNG.run(TestNG.java:1079)\r\n\tat com.intellij.rt.testng.IDEARemoteTestNG.run(IDEARemoteTestNG.java:65)\r\n\tat com.intellij.rt.testng.RemoteTestNGStarter.main(RemoteTestNGStarter.java:105)\r\nCaused by: org.openqa.selenium.NoSuchElementException: no such element: Unable to locate element: {\"method\":\"css selector\",\"selector\":\"[title=\"Continue\"]\"}\n  (Session info: chrome=136.0.7103.93)\nFor documentation on this error, please visit: https://www.selenium.dev/documentation/webdriver/troubleshooting/errors#no-such-element-exception\nBuild info: version: '4.31.0', revision: '1ef9f18787*'\nSystem info: os.name: 'Windows 10', os.arch: 'amd64', os.version: '10.0', java.version: '23.0.2'\nDriver info: org.openqa.selenium.chrome.ChromeDriver\nCommand: [a0d777c3c922741888c3663507cf3369, findElement {value=[title=\"Continue\"], using=css selector}]\nCapabilities {acceptInsecureCerts: false, browserName: chrome, browserVersion: 136.0.7103.93, chrome: {chromedriverVersion: 136.0.7103.94 (fa0be0b33deb..., userDataDir: C:\\Users\\MOHAME~1.ADE\\AppDa...}, fedcm:accounts: true, goog:chromeOptions: {debuggerAddress: localhost:57796}, networkConnectionEnabled: false, pageLoadStrategy: normal, platformName: windows, proxy: Proxy(), se:cdp: ws://localhost:57796/devtoo..., se:cdpVersion: 136.0.7103.93, setWindowRect: true, strictFileInteractability: false, timeouts: {implicit: 0, pageLoad: 300000, script: 30000}, unhandledPromptBehavior: dismiss and notify, webauthn:extension:credBlob: true, webauthn:extension:largeBlob: true, webauthn:extension:minPinLength: true, webauthn:extension:prf: true, webauthn:virtualAuthenticators: true}\nSession ID: a0d777c3c922741888c3663507cf3369\r\n\tat java.base/jdk.internal.reflect.DirectConstructorHandleAccessor.newInstance(DirectConstructorHandleAccessor.java:62)\r\n\tat java.base/java.lang.reflect.Constructor.newInstanceWithCaller(Constructor.java:501)\r\n\tat java.base/java.lang.reflect.Constructor.newInstance(Constructor.java:485)\r\n\tat org.openqa.selenium.remote.ErrorCodec.decode(ErrorCodec.java:167)\r\n\tat org.openqa.selenium.remote.codec.w3c.W3CHttpResponseCodec.decode(W3CHttpResponseCodec.java:138)\r\n\tat org.openqa.selenium.remote.codec.w3c.W3CHttpResponseCodec.decode(W3CHttpResponseCodec.java:50)\r\n\tat org.openqa.selenium.remote.HttpCommandExecutor.execute(HttpCommandExecutor.java:215)\r\n\tat org.openqa.selenium.remote.service.DriverCommandExecutor.invokeExecute(DriverCommandExecutor.java:216)\r\n\tat org.openqa.selenium.remote.service.DriverCommandExecutor.execute(DriverCommandExecutor.java:174)\r\n\tat org.openqa.selenium.remote.RemoteWebDriver.execute(RemoteWebDriver.java:545)\r\n\tat org.openqa.selenium.remote.ElementLocation$ElementFinder$2.findElement(ElementLocation.java:165)\r\n\tat org.openqa.selenium.remote.ElementLocation.findElement(ElementLocation.java:59)\r\n\tat org.openqa.selenium.remote.RemoteWebDriver.findElement(RemoteWebDriver.java:368)\r\n\tat org.openqa.selenium.remote.RemoteWebDriver.findElement(RemoteWebDriver.java:362)\r\n\tat Utilities.WaitUtils.lambda$waitForElementToBePresent$0(WaitUtils.java:36)\r\n\tat org.openqa.selenium.support.ui.FluentWait.until(FluentWait.java:203)\r\n\t... 35 more\r\n"},"stage":"finished","steps":[{"name":"Wait for element to be present with locator: By.cssSelector: [title=\"Continue\"]","status":"broken","statusDetails":{"known":false,"muted":false,"flaky":false,"message":"Expected condition failed: waiting for Utilities.WaitUtils$$Lambda/0x000001ada7474af8@2a5d2041 (tried for 15 second(s) with 500 milliseconds interval)","trace":"org.openqa.selenium.TimeoutException: Expected condition failed: waiting for Utilities.WaitUtils$$Lambda/0x000001ada7474af8@2a5d2041 (tried for 15 second(s) with 500 milliseconds interval)\r\n\tat org.openqa.selenium.support.ui.WebDriverWait.timeoutException(WebDriverWait.java:84)\r\n\tat org.openqa.selenium.support.ui.FluentWait.until(FluentWait.java:228)\r\n\tat Utilities.WaitUtils.waitForElementToBePresent(WaitUtils.java:36)\r\n\tat Utilities.WaitUtils.lambda$waitForElementToBeVisible$1(WaitUtils.java:44)\r\n\tat org.openqa.selenium.support.ui.FluentWait.until(FluentWait.java:203)\r\n\tat Utilities.WaitUtils.waitForElementToBeVisible(WaitUtils.java:43)\r\n\tat Utilities.WaitUtils.lambda$waitForElementToBeClickable$2(WaitUtils.java:54)\r\n\tat org.openqa.selenium.support.ui.FluentWait.until(FluentWait.java:203)\r\n\tat Utilities.WaitUtils.waitForElementToBeClickable(WaitUtils.java:53)\r\n\tat Utilities.ElementUtils.clickOnElement(ElementUtils.java:34)\r\n\tat Pages.P01_LoginPage.terminateSession(P01_LoginPage.java:24)\r\n\tat Tests.TC04_UserGroupsAdminTest.userGroupsTC(TC04_UserGroupsAdminTest.java:28)\r\n\tat java.base/jdk.internal.reflect.DirectMethodHandleAccessor.invoke(DirectMethodHandleAccessor.java:103)\r\n\tat java.base/java.lang.reflect.Method.invoke(Method.java:580)\r\n\tat org.testng.internal.invokers.MethodInvocationHelper.invokeMethod(MethodInvocationHelper.java:141)\r\n\tat org.testng.internal.invokers.TestInvoker.invokeMethod(TestInvoker.java:687)\r\n\tat org.testng.internal.invokers.TestInvoker.invokeTestMethod(TestInvoker.java:230)\r\n\tat org.testng.internal.invokers.MethodRunner.runInSequence(MethodRunner.java:63)\r\n\tat org.testng.internal.invokers.TestInvoker$MethodInvocationAgent.invoke(TestInvoker.java:995)\r\n\tat org.testng.internal.invokers.TestInvoker.invokeTestMethods(TestInvoker.java:203)\r\n\tat org.testng.internal.invokers.TestMethodWorker.invokeTestMethods(TestMethodWorker.java:154)\r\n\tat org.testng.internal.invokers.TestMethodWorker.run(TestMethodWorker.java:134)\r\n\tat java.base/java.util.ArrayList.forEach(ArrayList.java:1597)\r\n\tat org.testng.TestRunner.privateRun(TestRunner.java:741)\r\n\tat org.testng.TestRunner.run(TestRunner.java:616)\r\n\tat org.testng.SuiteRunner.runTest(SuiteRunner.java:421)\r\n\tat org.testng.SuiteRunner.runSequentially(SuiteRunner.java:413)\r\n\tat org.testng.SuiteRunner.privateRun(SuiteRunner.java:373)\r\n\tat org.testng.SuiteRunner.run(SuiteRunner.java:312)\r\n\tat org.testng.SuiteRunnerWorker.runSuite(SuiteRunnerWorker.java:52)\r\n\tat org.testng.SuiteRunnerWorker.run(SuiteRunnerWorker.java:95)\r\n\tat org.testng.TestNG.runSuitesSequentially(TestNG.java:1274)\r\n\tat org.testng.TestNG.runSuitesLocally(TestNG.java:1208)\r\n\tat org.testng.TestNG.runSuites(TestNG.java:1112)\r\n\tat org.testng.TestNG.run(TestNG.java:1079)\r\n\tat com.intellij.rt.testng.IDEARemoteTestNG.run(IDEARemoteTestNG.java:65)\r\n\tat com.intellij.rt.testng.RemoteTestNGStarter.main(RemoteTestNGStarter.java:105)\r\nCaused by: org.openqa.selenium.NoSuchElementException: no such element: Unable to locate element: {\"method\":\"css selector\",\"selector\":\"[title=\"Continue\"]\"}\n  (Session info: chrome=136.0.7103.93)\nFor documentation on this error, please visit: https://www.selenium.dev/documentation/webdriver/troubleshooting/errors#no-such-element-exception\nBuild info: version: '4.31.0', revision: '1ef9f18787*'\nSystem info: os.name: 'Windows 10', os.arch: 'amd64', os.version: '10.0', java.version: '23.0.2'\nDriver info: org.openqa.selenium.chrome.ChromeDriver\nCommand: [a0d777c3c922741888c3663507cf3369, findElement {value=[title=\"Continue\"], using=css selector}]\nCapabilities {acceptInsecureCerts: false, browserName: chrome, browserVersion: 136.0.7103.93, chrome: {chromedriverVersion: 136.0.7103.94 (fa0be0b33deb..., userDataDir: C:\\Users\\MOHAME~1.ADE\\AppDa...}, fedcm:accounts: true, goog:chromeOptions: {debuggerAddress: localhost:57796}, networkConnectionEnabled: false, pageLoadStrategy: normal, platformName: windows, proxy: Proxy(), se:cdp: ws://localhost:57796/devtoo..., se:cdpVersion: 136.0.7103.93, setWindowRect: true, strictFileInteractability: false, timeouts: {implicit: 0, pageLoad: 300000, script: 30000}, unhandledPromptBehavior: dismiss and notify, webauthn:extension:credBlob: true, webauthn:extension:largeBlob: true, webauthn:extension:minPinLength: true, webauthn:extension:prf: true, webauthn:virtualAuthenticators: true}\nSession ID: a0d777c3c922741888c3663507cf3369\r\n\tat java.base/jdk.internal.reflect.DirectConstructorHandleAccessor.newInstance(DirectConstructorHandleAccessor.java:62)\r\n\tat java.base/java.lang.reflect.Constructor.newInstanceWithCaller(Constructor.java:501)\r\n\tat java.base/java.lang.reflect.Constructor.newInstance(Constructor.java:485)\r\n\tat org.openqa.selenium.remote.ErrorCodec.decode(ErrorCodec.java:167)\r\n\tat org.openqa.selenium.remote.codec.w3c.W3CHttpResponseCodec.decode(W3CHttpResponseCodec.java:138)\r\n\tat org.openqa.selenium.remote.codec.w3c.W3CHttpResponseCodec.decode(W3CHttpResponseCodec.java:50)\r\n\tat org.openqa.selenium.remote.HttpCommandExecutor.execute(HttpCommandExecutor.java:215)\r\n\tat org.openqa.selenium.remote.service.DriverCommandExecutor.invokeExecute(DriverCommandExecutor.java:216)\r\n\tat org.openqa.selenium.remote.service.DriverCommandExecutor.execute(DriverCommandExecutor.java:174)\r\n\tat org.openqa.selenium.remote.RemoteWebDriver.execute(RemoteWebDriver.java:545)\r\n\tat org.openqa.selenium.remote.ElementLocation$ElementFinder$2.findElement(ElementLocation.java:165)\r\n\tat org.openqa.selenium.remote.ElementLocation.findElement(ElementLocation.java:59)\r\n\tat org.openqa.selenium.remote.RemoteWebDriver.findElement(RemoteWebDriver.java:368)\r\n\tat org.openqa.selenium.remote.RemoteWebDriver.findElement(RemoteWebDriver.java:362)\r\n\tat Utilities.WaitUtils.lambda$waitForElementToBePresent$0(WaitUtils.java:36)\r\n\tat org.openqa.selenium.support.ui.FluentWait.until(FluentWait.java:203)\r\n\t... 35 more\r\n"},"stage":"finished","steps":[],"attachments":[],"parameters":[{"name":"locator","value":"By.cssSelector: [title=\"Continue\"]"}],"start":1747285820137,"stop":1747285835643}],"attachments":[],"parameters":[{"name":"locator","value":"By.cssSelector: [title=\"Continue\"]"}],"start":1747285820137,"stop":1747285835645}],"attachments":[],"parameters":[{"name":"locator","value":"By.cssSelector: [title=\"Continue\"]"}],"start":1747285820136,"stop":1747285835646}],"attachments":[],"parameters":[],"start":1747285820135,"stop":1747285835648},{"name":"Assert login with valid credentials","status":"passed","stage":"finished","steps":[{"name":"Assert page URL","status":"passed","stage":"finished","steps":[{"name":"Get current URL","status":"passed","stage":"finished","steps":[],"attachments":[],"parameters":[],"start":1747285835674,"stop":1747285835753},{"name":"Wait for page to load with URL: http://192.168.2.97/iCodeTFS/search/4c3008d7-64f9-450e-bc38-2e24ae73a633/all","status":"passed","stage":"finished","steps":[],"attachments":[],"parameters":[{"name":"url","value":"http://192.168.2.97/iCodeTFS/search/4c3008d7-64f9-450e-bc38-2e24ae73a633/all"}],"start":1747285835757,"stop":1747285835776},{"name":"Soft Assert true","status":"passed","stage":"finished","steps":[],"attachments":[],"parameters":[{"name":"condition","value":"true"},{"name":"message","value":"Login with valid credentials failed"}],"start":1747285835805,"stop":1747285835811}],"attachments":[],"parameters":[{"name":"expectedUrl","value":"http://192.168.2.97/iCodeTFS/search/4c3008d7-64f9-450e-bc38-2e24ae73a633/all"},{"name":"message","value":"Login with valid credentials failed"}],"start":1747285835674,"stop":1747285835811}],"attachments":[],"parameters":[],"start":1747285835648,"stop":1747285835811},{"name":"Click on Library button","status":"passed","stage":"finished","steps":[{"name":"Wait for element to be clickable with locator: By.xpath: //span[text()=\"Library\"] /..","status":"passed","stage":"finished","steps":[{"name":"Wait for element to be visible with locator: By.xpath: //span[text()=\"Library\"] /..","status":"passed","stage":"finished","steps":[{"name":"Wait for element to be present with locator: By.xpath: //span[text()=\"Library\"] /..","status":"passed","stage":"finished","steps":[],"attachments":[],"parameters":[{"name":"locator","value":"By.xpath: //span[text()=\"Library\"] /.."}],"start":1747285835840,"stop":1747285835857}],"attachments":[],"parameters":[{"name":"locator","value":"By.xpath: //span[text()=\"Library\"] /.."}],"start":1747285835839,"stop":1747285835866}],"attachments":[],"parameters":[{"name":"locator","value":"By.xpath: //span[text()=\"Library\"] /.."}],"start":1747285835838,"stop":1747285835875}],"attachments":[],"parameters":[],"start":1747285835837,"stop":1747285835952},{"name":"Click on iCode Administration button","status":"passed","stage":"finished","steps":[{"name":"Wait for element to be clickable with locator: By.xpath: //span[text()=\"iCode Administration\"] /..","status":"passed","stage":"finished","steps":[{"name":"Wait for element to be visible with locator: By.xpath: //span[text()=\"iCode Administration\"] /..","status":"passed","stage":"finished","steps":[{"name":"Wait for element to be present with locator: By.xpath: //span[text()=\"iCode Administration\"] /..","status":"passed","stage":"finished","steps":[],"attachments":[],"parameters":[{"name":"locator","value":"By.xpath: //span[text()=\"iCode Administration\"] /.."}],"start":1747285835954,"stop":1747285835972}],"attachments":[],"parameters":[{"name":"locator","value":"By.xpath: //span[text()=\"iCode Administration\"] /.."}],"start":1747285835953,"stop":1747285835985}],"attachments":[],"parameters":[{"name":"locator","value":"By.xpath: //span[text()=\"iCode Administration\"] /.."}],"start":1747285835953,"stop":1747285835996}],"attachments":[],"parameters":[],"start":1747285835952,"stop":1747285836133},{"name":"Click on Users Management button","status":"passed","stage":"finished","steps":[{"name":"Wait for element to be clickable with locator: By.xpath: //span[text()=\"Users Management\"] /..","status":"passed","stage":"finished","steps":[{"name":"Wait for element to be visible with locator: By.xpath: //span[text()=\"Users Management\"] /..","status":"passed","stage":"finished","steps":[{"name":"Wait for element to be present with locator: By.xpath: //span[text()=\"Users Management\"] /..","status":"passed","stage":"finished","steps":[],"attachments":[],"parameters":[{"name":"locator","value":"By.xpath: //span[text()=\"Users Management\"] /.."}],"start":1747285836137,"stop":1747285836152},{"name":"Wait for element to be present with locator: By.xpath: //span[text()=\"Users Management\"] /..","status":"passed","stage":"finished","steps":[],"attachments":[],"parameters":[{"name":"locator","value":"By.xpath: //span[text()=\"Users Management\"] /.."}],"start":1747285836678,"stop":1747285836707}],"attachments":[],"parameters":[{"name":"locator","value":"By.xpath: //span[text()=\"Users Management\"] /.."}],"start":1747285836136,"stop":1747285836720}],"attachments":[],"parameters":[{"name":"locator","value":"By.xpath: //span[text()=\"Users Management\"] /.."}],"start":1747285836135,"stop":1747285836729}],"attachments":[],"parameters":[],"start":1747285836134,"stop":1747285836791},{"name":"Click on User Groups button","status":"passed","stage":"finished","steps":[{"name":"Wait for element to be clickable with locator: By.cssSelector: [href=\"/iCodeTFS/admin/usergroups\"]","status":"passed","stage":"finished","steps":[{"name":"Wait for element to be visible with locator: By.cssSelector: [href=\"/iCodeTFS/admin/usergroups\"]","status":"passed","stage":"finished","steps":[{"name":"Wait for element to be present with locator: By.cssSelector: [href=\"/iCodeTFS/admin/usergroups\"]","status":"passed","stage":"finished","steps":[],"attachments":[],"parameters":[{"name":"locator","value":"By.cssSelector: [href=\"/iCodeTFS/admin/usergroups\"]"}],"start":1747285836792,"stop":1747285836806},{"name":"Wait for element to be present with locator: By.cssSelector: [href=\"/iCodeTFS/admin/usergroups\"]","status":"passed","stage":"finished","steps":[],"attachments":[],"parameters":[{"name":"locator","value":"By.cssSelector: [href=\"/iCodeTFS/admin/usergroups\"]"}],"start":1747285837327,"stop":1747285837345}],"attachments":[],"parameters":[{"name":"locator","value":"By.cssSelector: [href=\"/iCodeTFS/admin/usergroups\"]"}],"start":1747285836792,"stop":1747285837356}],"attachments":[],"parameters":[{"name":"locator","value":"By.cssSelector: [href=\"/iCodeTFS/admin/usergroups\"]"}],"start":1747285836792,"stop":1747285837365}],"attachments":[],"parameters":[],"start":1747285836791,"stop":1747285837471},{"name":"Click on Add button","status":"passed","stage":"finished","steps":[{"name":"Wait for element to be clickable with locator: By.cssSelector: [title=\"Add new user group\"]","status":"passed","stage":"finished","steps":[{"name":"Wait for element to be visible with locator: By.cssSelector: [title=\"Add new user group\"]","status":"passed","stage":"finished","steps":[{"name":"Wait for element to be present with locator: By.cssSelector: [title=\"Add new user group\"]","status":"passed","stage":"finished","steps":[],"attachments":[],"parameters":[{"name":"locator","value":"By.cssSelector: [title=\"Add new user group\"]"}],"start":1747285837474,"stop":1747285838117}],"attachments":[],"parameters":[{"name":"locator","value":"By.cssSelector: [title=\"Add new user group\"]"}],"start":1747285837473,"stop":1747285838152}],"attachments":[],"parameters":[{"name":"locator","value":"By.cssSelector: [title=\"Add new user group\"]"}],"start":1747285837472,"stop":1747285838169}],"attachments":[],"parameters":[],"start":1747285837471,"stop":1747285838246},{"name":"Enter group name","status":"passed","stage":"finished","steps":[{"name":"Wait for element to be visible with locator: By.cssSelector: [formcontrolname=\"name\"]","status":"passed","stage":"finished","steps":[{"name":"Wait for element to be present with locator: By.cssSelector: [formcontrolname=\"name\"]","status":"passed","stage":"finished","steps":[],"attachments":[],"parameters":[{"name":"locator","value":"By.cssSelector: [formcontrolname=\"name\"]"}],"start":1747285838248,"stop":1747285838263}],"attachments":[],"parameters":[{"name":"locator","value":"By.cssSelector: [formcontrolname=\"name\"]"}],"start":1747285838247,"stop":1747285838278}],"attachments":[],"parameters":[{"name":"groupName","value":"TestGroupName-2025-05-15_08-10-18"}],"start":1747285838246,"stop":1747285838371},{"name":"Select security profile","status":"passed","stage":"finished","steps":[{"name":"Wait for element to be clickable with locator: By.cssSelector: [formcontrolname=\"securityProfile\"]","status":"passed","stage":"finished","steps":[{"name":"Wait for element to be visible with locator: By.cssSelector: [formcontrolname=\"securityProfile\"]","status":"passed","stage":"finished","steps":[{"name":"Wait for element to be present with locator: By.cssSelector: [formcontrolname=\"securityProfile\"]","status":"passed","stage":"finished","steps":[],"attachments":[],"parameters":[{"name":"locator","value":"By.cssSelector: [formcontrolname=\"securityProfile\"]"}],"start":1747285838376,"stop":1747285838393}],"attachments":[],"parameters":[{"name":"locator","value":"By.cssSelector: [formcontrolname=\"securityProfile\"]"}],"start":1747285838374,"stop":1747285838404}],"attachments":[],"parameters":[{"name":"locator","value":"By.cssSelector: [formcontrolname=\"securityProfile\"]"}],"start":1747285838373,"stop":1747285838416},{"name":"Wait for element to be clickable with locator: By.xpath: (//ul[@role=\"listbox\"] //li)[1]","status":"passed","stage":"finished","steps":[{"name":"Wait for element to be visible with locator: By.xpath: (//ul[@role=\"listbox\"] //li)[1]","status":"passed","stage":"finished","steps":[{"name":"Wait for element to be present with locator: By.xpath: (//ul[@role=\"listbox\"] //li)[1]","status":"passed","stage":"finished","steps":[],"attachments":[],"parameters":[{"name":"locator","value":"By.xpath: (//ul[@role=\"listbox\"] //li)[1]"}],"start":1747285838511,"stop":1747285838546},{"name":"Wait for element to be present with locator: By.xpath: (//ul[@role=\"listbox\"] //li)[1]","status":"passed","stage":"finished","steps":[],"attachments":[],"parameters":[{"name":"locator","value":"By.xpath: (//ul[@role=\"listbox\"] //li)[1]"}],"start":1747285839068,"stop":1747285839079}],"attachments":[],"parameters":[{"name":"locator","value":"By.xpath: (//ul[@role=\"listbox\"] //li)[1]"}],"start":1747285838510,"stop":1747285839087}],"attachments":[],"parameters":[{"name":"locator","value":"By.xpath: (//ul[@role=\"listbox\"] //li)[1]"}],"start":1747285838504,"stop":1747285839094}],"attachments":[],"parameters":[],"start":1747285838371,"stop":1747285839160},{"name":"Click on Save button","status":"passed","stage":"finished","steps":[{"name":"Wait for element to be clickable with locator: By.cssSelector: [title=\"Save\"]","status":"passed","stage":"finished","steps":[{"name":"Wait for element to be visible with locator: By.cssSelector: [title=\"Save\"]","status":"passed","stage":"finished","steps":[{"name":"Wait for element to be present with locator: By.cssSelector: [title=\"Save\"]","status":"passed","stage":"finished","steps":[],"attachments":[],"parameters":[{"name":"locator","value":"By.cssSelector: [title=\"Save\"]"}],"start":1747285839163,"stop":1747285839176}],"attachments":[],"parameters":[{"name":"locator","value":"By.cssSelector: [title=\"Save\"]"}],"start":1747285839162,"stop":1747285839184}],"attachments":[],"parameters":[{"name":"locator","value":"By.cssSelector: [title=\"Save\"]"}],"start":1747285839161,"stop":1747285839191}],"attachments":[],"parameters":[],"start":1747285839160,"stop":1747285839247},{"name":"Assert visibility of User Group Added Alert","status":"passed","stage":"finished","steps":[{"name":"Wait for element to be visible with locator: By.cssSelector: [aria-label=\"User group has been added successfully\"]","status":"passed","stage":"finished","steps":[{"name":"Wait for element to be present with locator: By.cssSelector: [aria-label=\"User group has been added successfully\"]","status":"passed","stage":"finished","steps":[],"attachments":[],"parameters":[{"name":"locator","value":"By.cssSelector: [aria-label=\"User group has been added successfully\"]"}],"start":1747285839249,"stop":1747285839794}],"attachments":[],"parameters":[{"name":"locator","value":"By.cssSelector: [aria-label=\"User group has been added successfully\"]"}],"start":1747285839248,"stop":1747285839805}],"attachments":[],"parameters":[],"start":1747285839248,"stop":1747285839841},{"name":"Click on Edit button","status":"passed","stage":"finished","steps":[{"name":"Wait for element to be clickable with locator: By.xpath: //td[.='TestGroupName-2025-05-15_08-10-18']/following-sibling::td//a[@title='Edit']","status":"passed","stage":"finished","steps":[{"name":"Wait for element to be visible with locator: By.xpath: //td[.='TestGroupName-2025-05-15_08-10-18']/following-sibling::td//a[@title='Edit']","status":"passed","stage":"finished","steps":[{"name":"Wait for element to be present with locator: By.xpath: //td[.='TestGroupName-2025-05-15_08-10-18']/following-sibling::td//a[@title='Edit']","status":"passed","stage":"finished","steps":[],"attachments":[],"parameters":[{"name":"locator","value":"By.xpath: //td[.='TestGroupName-2025-05-15_08-10-18']/following-sibling::td//a[@title='Edit']"}],"start":1747285839843,"stop":1747285839857}],"attachments":[],"parameters":[{"name":"locator","value":"By.xpath: //td[.='TestGroupName-2025-05-15_08-10-18']/following-sibling::td//a[@title='Edit']"}],"start":1747285839842,"stop":1747285839868}],"attachments":[],"parameters":[{"name":"locator","value":"By.xpath: //td[.='TestGroupName-2025-05-15_08-10-18']/following-sibling::td//a[@title='Edit']"}],"start":1747285839842,"stop":1747285839879}],"attachments":[],"parameters":[{"name":"userGroups","value":"TestGroupName-2025-05-15_08-10-18"}],"start":1747285839841,"stop":1747285839954},{"name":"Click on Save button","status":"passed","stage":"finished","steps":[{"name":"Wait for element to be clickable with locator: By.cssSelector: [title=\"Save\"]","status":"passed","stage":"finished","steps":[{"name":"Wait for element to be visible with locator: By.cssSelector: [title=\"Save\"]","status":"passed","stage":"finished","steps":[{"name":"Wait for element to be present with locator: By.cssSelector: [title=\"Save\"]","status":"passed","stage":"finished","steps":[],"attachments":[],"parameters":[{"name":"locator","value":"By.cssSelector: [title=\"Save\"]"}],"start":1747285839956,"stop":1747285839979}],"attachments":[],"parameters":[{"name":"locator","value":"By.cssSelector: [title=\"Save\"]"}],"start":1747285839956,"stop":1747285839994}],"attachments":[],"parameters":[{"name":"locator","value":"By.cssSelector: [title=\"Save\"]"}],"start":1747285839955,"stop":1747285840003}],"attachments":[],"parameters":[],"start":1747285839954,"stop":1747285840088},{"name":"Assert visibility of User Group Edited Alert","status":"passed","stage":"finished","steps":[{"name":"Wait for element to be visible with locator: By.cssSelector: [aria-label=\"User group has been edited successfully\"]","status":"passed","stage":"finished","steps":[{"name":"Wait for element to be present with locator: By.cssSelector: [aria-label=\"User group has been edited successfully\"]","status":"passed","stage":"finished","steps":[],"attachments":[],"parameters":[{"name":"locator","value":"By.cssSelector: [aria-label=\"User group has been edited successfully\"]"}],"start":1747285840090,"stop":1747285840632}],"attachments":[],"parameters":[{"name":"locator","value":"By.cssSelector: [aria-label=\"User group has been edited successfully\"]"}],"start":1747285840089,"stop":1747285840644}],"attachments":[],"parameters":[],"start":1747285840089,"stop":1747285840679},{"name":"Click on Delete button","status":"passed","stage":"finished","steps":[{"name":"Wait for element to be clickable with locator: By.xpath: //td[.='TestGroupName-2025-05-15_08-10-18']/following-sibling::td//a[@title='Delete']","status":"passed","stage":"finished","steps":[{"name":"Wait for element to be visible with locator: By.xpath: //td[.='TestGroupName-2025-05-15_08-10-18']/following-sibling::td//a[@title='Delete']","status":"passed","stage":"finished","steps":[{"name":"Wait for element to be present with locator: By.xpath: //td[.='TestGroupName-2025-05-15_08-10-18']/following-sibling::td//a[@title='Delete']","status":"passed","stage":"finished","steps":[],"attachments":[],"parameters":[{"name":"locator","value":"By.xpath: //td[.='TestGroupName-2025-05-15_08-10-18']/following-sibling::td//a[@title='Delete']"}],"start":1747285840681,"stop":1747285840695}],"attachments":[],"parameters":[{"name":"locator","value":"By.xpath: //td[.='TestGroupName-2025-05-15_08-10-18']/following-sibling::td//a[@title='Delete']"}],"start":1747285840681,"stop":1747285840705}],"attachments":[],"parameters":[{"name":"locator","value":"By.xpath: //td[.='TestGroupName-2025-05-15_08-10-18']/following-sibling::td//a[@title='Delete']"}],"start":1747285840680,"stop":1747285840714}],"attachments":[],"parameters":[{"name":"userGroups","value":"TestGroupName-2025-05-15_08-10-18"}],"start":1747285840679,"stop":1747285840783},{"name":"Click on Yes button","status":"passed","stage":"finished","steps":[{"name":"Wait for element to be clickable with locator: By.cssSelector: [title=\"Yes\"]","status":"passed","stage":"finished","steps":[{"name":"Wait for element to be visible with locator: By.cssSelector: [title=\"Yes\"]","status":"passed","stage":"finished","steps":[{"name":"Wait for element to be present with locator: By.cssSelector: [title=\"Yes\"]","status":"passed","stage":"finished","steps":[],"attachments":[],"parameters":[{"name":"locator","value":"By.cssSelector: [title=\"Yes\"]"}],"start":1747285840784,"stop":1747285840804}],"attachments":[],"parameters":[{"name":"locator","value":"By.cssSelector: [title=\"Yes\"]"}],"start":1747285840784,"stop":1747285840816}],"attachments":[],"parameters":[{"name":"locator","value":"By.cssSelector: [title=\"Yes\"]"}],"start":1747285840783,"stop":1747285840827}],"attachments":[],"parameters":[],"start":1747285840783,"stop":1747285840914},{"name":"Assert visibility of User Group Deleted Alert","status":"passed","stage":"finished","steps":[{"name":"Wait for element to be visible with locator: By.cssSelector: [aria-label=\"Selected user group has been deleted successfully\"]","status":"passed","stage":"finished","steps":[{"name":"Wait for element to be present with locator: By.cssSelector: [aria-label=\"Selected user group has been deleted successfully\"]","status":"passed","stage":"finished","steps":[],"attachments":[],"parameters":[{"name":"locator","value":"By.cssSelector: [aria-label=\"Selected user group has been deleted successfully\"]"}],"start":1747285840915,"stop":1747285841459}],"attachments":[],"parameters":[{"name":"locator","value":"By.cssSelector: [aria-label=\"Selected user group has been deleted successfully\"]"}],"start":1747285840915,"stop":1747285841468}],"attachments":[],"parameters":[],"start":1747285840914,"stop":1747285841503}],"attachments":[{"name":"passed-userGroupsTC","source":"3964bb05-3dd5-46a5-b157-f1e79b60f9e9-attachment"},{"name":"Logs.log","source":"79ddba83-d64e-4d35-9f99-34b273e12330-attachment.txt","type":"text/plain"}],"parameters":[],"start":1747285818407,"stop":1747285841673}